{"/Users/amir/Desktop/Projet-BD-PHP-Web/public/assets/js/2fa.js": {"path":"/Users/amir/Desktop/Projet-BD-PHP-Web/public/assets/js/2fa.js","statementMap":{"0":{"start":{"line":2,"column":0},"end":{"line":154,"column":5}},"1":{"start":{"line":3,"column":20},"end":{"line":3,"column":63}},"2":{"start":{"line":4,"column":4},"end":{"line":4,"column":25}},"3":{"start":{"line":4,"column":18},"end":{"line":4,"column":25}},"4":{"start":{"line":6,"column":21},"end":{"line":6,"column":63}},"5":{"start":{"line":7,"column":22},"end":{"line":7,"column":61}},"6":{"start":{"line":8,"column":20},"end":{"line":8,"column":63}},"7":{"start":{"line":9,"column":21},"end":{"line":9,"column":65}},"8":{"start":{"line":10,"column":23},"end":{"line":10,"column":63}},"9":{"start":{"line":11,"column":22},"end":{"line":11,"column":61}},"10":{"start":{"line":12,"column":21},"end":{"line":12,"column":65}},"11":{"start":{"line":14,"column":20},"end":{"line":14,"column":25}},"12":{"start":{"line":21,"column":8},"end":{"line":40,"column":9}},"13":{"start":{"line":22,"column":26},"end":{"line":22,"column":58}},"14":{"start":{"line":23,"column":12},"end":{"line":23,"column":31}},"15":{"start":{"line":23,"column":24},"end":{"line":23,"column":31}},"16":{"start":{"line":25,"column":24},"end":{"line":32,"column":14}},"17":{"start":{"line":34,"column":12},"end":{"line":34,"column":67}},"18":{"start":{"line":34,"column":25},"end":{"line":34,"column":67}},"19":{"start":{"line":35,"column":25},"end":{"line":35,"column":41}},"20":{"start":{"line":36,"column":12},"end":{"line":36,"column":48}},"21":{"start":{"line":37,"column":12},"end":{"line":37,"column":23}},"22":{"start":{"line":39,"column":12},"end":{"line":39,"column":58}},"23":{"start":{"line":47,"column":8},"end":{"line":47,"column":82}},"24":{"start":{"line":48,"column":8},"end":{"line":48,"column":84}},"25":{"start":{"line":49,"column":8},"end":{"line":49,"column":69}},"26":{"start":{"line":50,"column":8},"end":{"line":50,"column":37}},"27":{"start":{"line":51,"column":8},"end":{"line":51,"column":39}},"28":{"start":{"line":52,"column":8},"end":{"line":52,"column":28}},"29":{"start":{"line":53,"column":8},"end":{"line":53,"column":34}},"30":{"start":{"line":56,"column":4},"end":{"line":111,"column":7}},"31":{"start":{"line":57,"column":22},"end":{"line":57,"column":54}},"32":{"start":{"line":58,"column":8},"end":{"line":58,"column":27}},"33":{"start":{"line":58,"column":20},"end":{"line":58,"column":27}},"34":{"start":{"line":59,"column":8},"end":{"line":59,"column":34}},"35":{"start":{"line":61,"column":8},"end":{"line":110,"column":9}},"36":{"start":{"line":63,"column":12},"end":{"line":63,"column":77}},"37":{"start":{"line":63,"column":70},"end":{"line":63,"column":77}},"38":{"start":{"line":64,"column":12},"end":{"line":82,"column":13}},"39":{"start":{"line":66,"column":28},"end":{"line":73,"column":18}},"40":{"start":{"line":74,"column":16},"end":{"line":74,"column":63}},"41":{"start":{"line":74,"column":29},"end":{"line":74,"column":63}},"42":{"start":{"line":75,"column":16},"end":{"line":75,"column":34}},"43":{"start":{"line":76,"column":16},"end":{"line":76,"column":27}},"44":{"start":{"line":77,"column":16},"end":{"line":77,"column":69}},"45":{"start":{"line":78,"column":16},"end":{"line":78,"column":68}},"46":{"start":{"line":80,"column":16},"end":{"line":80,"column":74}},"47":{"start":{"line":81,"column":16},"end":{"line":81,"column":66}},"48":{"start":{"line":85,"column":12},"end":{"line":85,"column":38}},"49":{"start":{"line":86,"column":12},"end":{"line":109,"column":13}},"50":{"start":{"line":88,"column":28},"end":{"line":95,"column":18}},"51":{"start":{"line":97,"column":29},"end":{"line":97,"column":45}},"52":{"start":{"line":98,"column":16},"end":{"line":98,"column":79}},"53":{"start":{"line":98,"column":29},"end":{"line":98,"column":79}},"54":{"start":{"line":100,"column":16},"end":{"line":100,"column":49}},"55":{"start":{"line":101,"column":16},"end":{"line":101,"column":48}},"56":{"start":{"line":102,"column":16},"end":{"line":102,"column":77}},"57":{"start":{"line":103,"column":16},"end":{"line":103,"column":62}},"58":{"start":{"line":105,"column":16},"end":{"line":105,"column":77}},"59":{"start":{"line":106,"column":16},"end":{"line":106,"column":66}},"60":{"start":{"line":108,"column":16},"end":{"line":108,"column":43}},"61":{"start":{"line":113,"column":4},"end":{"line":115,"column":7}},"62":{"start":{"line":114,"column":8},"end":{"line":114,"column":19}},"63":{"start":{"line":117,"column":4},"end":{"line":151,"column":7}},"64":{"start":{"line":118,"column":20},"end":{"line":118,"column":41}},"65":{"start":{"line":119,"column":8},"end":{"line":123,"column":9}},"66":{"start":{"line":120,"column":12},"end":{"line":120,"column":62}},"67":{"start":{"line":121,"column":12},"end":{"line":121,"column":62}},"68":{"start":{"line":122,"column":12},"end":{"line":122,"column":19}},"69":{"start":{"line":125,"column":22},"end":{"line":125,"column":54}},"70":{"start":{"line":126,"column":8},"end":{"line":126,"column":35}},"71":{"start":{"line":127,"column":8},"end":{"line":150,"column":9}},"72":{"start":{"line":129,"column":24},"end":{"line":136,"column":14}},"73":{"start":{"line":138,"column":25},"end":{"line":138,"column":41}},"74":{"start":{"line":139,"column":12},"end":{"line":139,"column":75}},"75":{"start":{"line":139,"column":25},"end":{"line":139,"column":75}},"76":{"start":{"line":141,"column":12},"end":{"line":141,"column":29}},"77":{"start":{"line":142,"column":12},"end":{"line":142,"column":23}},"78":{"start":{"line":143,"column":12},"end":{"line":143,"column":62}},"79":{"start":{"line":144,"column":12},"end":{"line":144,"column":64}},"80":{"start":{"line":146,"column":12},"end":{"line":146,"column":84}},"81":{"start":{"line":147,"column":12},"end":{"line":147,"column":62}},"82":{"start":{"line":149,"column":12},"end":{"line":149,"column":40}},"83":{"start":{"line":153,"column":4},"end":{"line":153,"column":18}}},"fnMap":{"0":{"name":"(anonymous_0)","decl":{"start":{"line":2,"column":1},"end":{"line":2,"column":2}},"loc":{"start":{"line":2,"column":7},"end":{"line":154,"column":1}},"line":2},"1":{"name":"fetchStatus","decl":{"start":{"line":20,"column":19},"end":{"line":20,"column":30}},"loc":{"start":{"line":20,"column":33},"end":{"line":41,"column":5}},"line":20},"2":{"name":"updateUI","decl":{"start":{"line":46,"column":13},"end":{"line":46,"column":21}},"loc":{"start":{"line":46,"column":24},"end":{"line":54,"column":5}},"line":46},"3":{"name":"(anonymous_3)","decl":{"start":{"line":56,"column":40},"end":{"line":56,"column":41}},"loc":{"start":{"line":56,"column":52},"end":{"line":111,"column":5}},"line":56},"4":{"name":"(anonymous_4)","decl":{"start":{"line":113,"column":40},"end":{"line":113,"column":41}},"loc":{"start":{"line":113,"column":46},"end":{"line":115,"column":5}},"line":113},"5":{"name":"(anonymous_5)","decl":{"start":{"line":117,"column":41},"end":{"line":117,"column":42}},"loc":{"start":{"line":117,"column":53},"end":{"line":151,"column":5}},"line":117}},"branchMap":{"0":{"loc":{"start":{"line":4,"column":4},"end":{"line":4,"column":25}},"type":"if","locations":[{"start":{"line":4,"column":4},"end":{"line":4,"column":25}},{"start":{},"end":{}}],"line":4},"1":{"loc":{"start":{"line":23,"column":12},"end":{"line":23,"column":31}},"type":"if","locations":[{"start":{"line":23,"column":12},"end":{"line":23,"column":31}},{"start":{},"end":{}}],"line":23},"2":{"loc":{"start":{"line":34,"column":12},"end":{"line":34,"column":67}},"type":"if","locations":[{"start":{"line":34,"column":12},"end":{"line":34,"column":67}},{"start":{},"end":{}}],"line":34},"3":{"loc":{"start":{"line":47,"column":46},"end":{"line":47,"column":80}},"type":"cond-expr","locations":[{"start":{"line":47,"column":58},"end":{"line":47,"column":66}},{"start":{"line":47,"column":69},"end":{"line":47,"column":80}}],"line":47},"4":{"loc":{"start":{"line":48,"column":31},"end":{"line":48,"column":83}},"type":"cond-expr","locations":[{"start":{"line":48,"column":43},"end":{"line":48,"column":71}},{"start":{"line":48,"column":74},"end":{"line":48,"column":83}}],"line":48},"5":{"loc":{"start":{"line":49,"column":32},"end":{"line":49,"column":68}},"type":"cond-expr","locations":[{"start":{"line":49,"column":44},"end":{"line":49,"column":56}},{"start":{"line":49,"column":59},"end":{"line":49,"column":68}}],"line":49},"6":{"loc":{"start":{"line":58,"column":8},"end":{"line":58,"column":27}},"type":"if","locations":[{"start":{"line":58,"column":8},"end":{"line":58,"column":27}},{"start":{},"end":{}}],"line":58},"7":{"loc":{"start":{"line":61,"column":8},"end":{"line":110,"column":9}},"type":"if","locations":[{"start":{"line":61,"column":8},"end":{"line":110,"column":9}},{"start":{"line":83,"column":15},"end":{"line":110,"column":9}}],"line":61},"8":{"loc":{"start":{"line":63,"column":12},"end":{"line":63,"column":77}},"type":"if","locations":[{"start":{"line":63,"column":12},"end":{"line":63,"column":77}},{"start":{},"end":{}}],"line":63},"9":{"loc":{"start":{"line":74,"column":16},"end":{"line":74,"column":63}},"type":"if","locations":[{"start":{"line":74,"column":16},"end":{"line":74,"column":63}},{"start":{},"end":{}}],"line":74},"10":{"loc":{"start":{"line":98,"column":16},"end":{"line":98,"column":79}},"type":"if","locations":[{"start":{"line":98,"column":16},"end":{"line":98,"column":79}},{"start":{},"end":{}}],"line":98},"11":{"loc":{"start":{"line":98,"column":45},"end":{"line":98,"column":77}},"type":"binary-expr","locations":[{"start":{"line":98,"column":45},"end":{"line":98,"column":57}},{"start":{"line":98,"column":61},"end":{"line":98,"column":77}}],"line":98},"12":{"loc":{"start":{"line":105,"column":39},"end":{"line":105,"column":76}},"type":"binary-expr","locations":[{"start":{"line":105,"column":39},"end":{"line":105,"column":50}},{"start":{"line":105,"column":54},"end":{"line":105,"column":76}}],"line":105},"13":{"loc":{"start":{"line":119,"column":8},"end":{"line":123,"column":9}},"type":"if","locations":[{"start":{"line":119,"column":8},"end":{"line":123,"column":9}},{"start":{},"end":{}}],"line":119},"14":{"loc":{"start":{"line":139,"column":12},"end":{"line":139,"column":75}},"type":"if","locations":[{"start":{"line":139,"column":12},"end":{"line":139,"column":75}},{"start":{},"end":{}}],"line":139},"15":{"loc":{"start":{"line":139,"column":41},"end":{"line":139,"column":73}},"type":"binary-expr","locations":[{"start":{"line":139,"column":41},"end":{"line":139,"column":53}},{"start":{"line":139,"column":57},"end":{"line":139,"column":73}}],"line":139},"16":{"loc":{"start":{"line":146,"column":35},"end":{"line":146,"column":83}},"type":"binary-expr","locations":[{"start":{"line":146,"column":35},"end":{"line":146,"column":46}},{"start":{"line":146,"column":50},"end":{"line":146,"column":83}}],"line":146}},"s":{"0":0,"1":0,"2":0,"3":0,"4":0,"5":0,"6":0,"7":0,"8":0,"9":0,"10":0,"11":0,"12":0,"13":0,"14":0,"15":0,"16":0,"17":0,"18":0,"19":0,"20":0,"21":0,"22":0,"23":0,"24":0,"25":0,"26":0,"27":0,"28":0,"29":0,"30":0,"31":0,"32":0,"33":0,"34":0,"35":0,"36":0,"37":0,"38":0,"39":0,"40":0,"41":0,"42":0,"43":0,"44":0,"45":0,"46":0,"47":0,"48":0,"49":0,"50":0,"51":0,"52":0,"53":0,"54":0,"55":0,"56":0,"57":0,"58":0,"59":0,"60":0,"61":0,"62":0,"63":0,"64":0,"65":0,"66":0,"67":0,"68":0,"69":0,"70":0,"71":0,"72":0,"73":0,"74":0,"75":0,"76":0,"77":0,"78":0,"79":0,"80":0,"81":0,"82":0,"83":0},"f":{"0":0,"1":0,"2":0,"3":0,"4":0,"5":0},"b":{"0":[0,0],"1":[0,0],"2":[0,0],"3":[0,0],"4":[0,0],"5":[0,0],"6":[0,0],"7":[0,0],"8":[0,0],"9":[0,0],"10":[0,0],"11":[0,0],"12":[0,0],"13":[0,0],"14":[0,0],"15":[0,0],"16":[0,0]}}
,"/Users/amir/Desktop/Projet-BD-PHP-Web/public/assets/js/app-shell.js": {"path":"/Users/amir/Desktop/Projet-BD-PHP-Web/public/assets/js/app-shell.js","statementMap":{"0":{"start":{"line":2,"column":0},"end":{"line":399,"column":5}},"1":{"start":{"line":3,"column":22},"end":{"line":6,"column":3}},"2":{"start":{"line":12,"column":4},"end":{"line":14,"column":5}},"3":{"start":{"line":13,"column":6},"end":{"line":13,"column":13}},"4":{"start":{"line":16,"column":18},"end":{"line":16,"column":49}},"5":{"start":{"line":17,"column":4},"end":{"line":17,"column":34}},"6":{"start":{"line":18,"column":4},"end":{"line":124,"column":6}},"7":{"start":{"line":126,"column":4},"end":{"line":126,"column":37}},"8":{"start":{"line":134,"column":4},"end":{"line":136,"column":5}},"9":{"start":{"line":135,"column":6},"end":{"line":135,"column":30}},"10":{"start":{"line":138,"column":4},"end":{"line":138,"column":25}},"11":{"start":{"line":140,"column":20},"end":{"line":140,"column":49}},"12":{"start":{"line":141,"column":4},"end":{"line":141,"column":37}},"13":{"start":{"line":142,"column":4},"end":{"line":142,"column":44}},"14":{"start":{"line":143,"column":4},"end":{"line":143,"column":26}},"15":{"start":{"line":144,"column":4},"end":{"line":156,"column":6}},"16":{"start":{"line":158,"column":4},"end":{"line":158,"column":39}},"17":{"start":{"line":160,"column":17},"end":{"line":168,"column":5}},"18":{"start":{"line":170,"column":34},"end":{"line":177,"column":5}},"19":{"start":{"line":171,"column":6},"end":{"line":173,"column":7}},"20":{"start":{"line":172,"column":8},"end":{"line":172,"column":15}},"21":{"start":{"line":175,"column":26},"end":{"line":175,"column":78}},"22":{"start":{"line":176,"column":6},"end":{"line":176,"column":34}},"23":{"start":{"line":180,"column":4},"end":{"line":184,"column":7}},"24":{"start":{"line":181,"column":6},"end":{"line":183,"column":7}},"25":{"start":{"line":182,"column":8},"end":{"line":182,"column":32}},"26":{"start":{"line":186,"column":4},"end":{"line":186,"column":69}},"27":{"start":{"line":188,"column":4},"end":{"line":199,"column":7}},"28":{"start":{"line":189,"column":6},"end":{"line":191,"column":7}},"29":{"start":{"line":190,"column":8},"end":{"line":190,"column":15}},"30":{"start":{"line":193,"column":6},"end":{"line":196,"column":7}},"31":{"start":{"line":194,"column":8},"end":{"line":194,"column":48}},"32":{"start":{"line":195,"column":8},"end":{"line":195,"column":15}},"33":{"start":{"line":198,"column":6},"end":{"line":198,"column":27}},"34":{"start":{"line":202,"column":4},"end":{"line":211,"column":7}},"35":{"start":{"line":203,"column":6},"end":{"line":205,"column":7}},"36":{"start":{"line":204,"column":8},"end":{"line":204,"column":15}},"37":{"start":{"line":207,"column":6},"end":{"line":210,"column":7}},"38":{"start":{"line":208,"column":8},"end":{"line":208,"column":31}},"39":{"start":{"line":209,"column":8},"end":{"line":209,"column":32}},"40":{"start":{"line":213,"column":4},"end":{"line":213,"column":28}},"41":{"start":{"line":214,"column":4},"end":{"line":214,"column":16}},"42":{"start":{"line":222,"column":4},"end":{"line":224,"column":5}},"43":{"start":{"line":223,"column":6},"end":{"line":223,"column":13}},"44":{"start":{"line":226,"column":21},"end":{"line":226,"column":32}},"45":{"start":{"line":227,"column":20},"end":{"line":227,"column":46}},"46":{"start":{"line":229,"column":4},"end":{"line":229,"column":30}},"47":{"start":{"line":230,"column":4},"end":{"line":230,"column":31}},"48":{"start":{"line":231,"column":4},"end":{"line":231,"column":64}},"49":{"start":{"line":232,"column":4},"end":{"line":232,"column":33}},"50":{"start":{"line":233,"column":4},"end":{"line":233,"column":26}},"51":{"start":{"line":235,"column":4},"end":{"line":235,"column":19}},"52":{"start":{"line":245,"column":17},"end":{"line":245,"column":35}},"53":{"start":{"line":247,"column":4},"end":{"line":250,"column":5}},"54":{"start":{"line":248,"column":26},"end":{"line":248,"column":78}},"55":{"start":{"line":249,"column":6},"end":{"line":249,"column":34}},"56":{"start":{"line":252,"column":4},"end":{"line":252,"column":61}},"57":{"start":{"line":253,"column":4},"end":{"line":253,"column":53}},"58":{"start":{"line":254,"column":4},"end":{"line":254,"column":65}},"59":{"start":{"line":255,"column":4},"end":{"line":255,"column":62}},"60":{"start":{"line":256,"column":4},"end":{"line":256,"column":64}},"61":{"start":{"line":258,"column":4},"end":{"line":262,"column":5}},"62":{"start":{"line":259,"column":6},"end":{"line":259,"column":50}},"63":{"start":{"line":260,"column":11},"end":{"line":262,"column":5}},"64":{"start":{"line":261,"column":6},"end":{"line":261,"column":49}},"65":{"start":{"line":264,"column":4},"end":{"line":273,"column":5}},"66":{"start":{"line":265,"column":6},"end":{"line":265,"column":36}},"67":{"start":{"line":266,"column":6},"end":{"line":266,"column":57}},"68":{"start":{"line":267,"column":6},"end":{"line":267,"column":52}},"69":{"start":{"line":268,"column":6},"end":{"line":268,"column":91}},"70":{"start":{"line":270,"column":6},"end":{"line":270,"column":35}},"71":{"start":{"line":271,"column":6},"end":{"line":271,"column":28}},"72":{"start":{"line":272,"column":6},"end":{"line":272,"column":34}},"73":{"start":{"line":275,"column":4},"end":{"line":275,"column":32}},"74":{"start":{"line":277,"column":24},"end":{"line":277,"column":72}},"75":{"start":{"line":278,"column":4},"end":{"line":280,"column":7}},"76":{"start":{"line":279,"column":6},"end":{"line":279,"column":27}},"77":{"start":{"line":282,"column":4},"end":{"line":284,"column":7}},"78":{"start":{"line":283,"column":6},"end":{"line":283,"column":45}},"79":{"start":{"line":287,"column":2},"end":{"line":294,"column":4}},"80":{"start":{"line":289,"column":6},"end":{"line":289,"column":44}},"81":{"start":{"line":292,"column":6},"end":{"line":292,"column":43}},"82":{"start":{"line":296,"column":2},"end":{"line":305,"column":4}},"83":{"start":{"line":297,"column":4},"end":{"line":299,"column":5}},"84":{"start":{"line":298,"column":6},"end":{"line":298,"column":54}},"85":{"start":{"line":301,"column":4},"end":{"line":304,"column":7}},"86":{"start":{"line":307,"column":2},"end":{"line":317,"column":4}},"87":{"start":{"line":308,"column":4},"end":{"line":310,"column":5}},"88":{"start":{"line":309,"column":6},"end":{"line":309,"column":67}},"89":{"start":{"line":312,"column":4},"end":{"line":316,"column":7}},"90":{"start":{"line":319,"column":16},"end":{"line":319,"column":48}},"91":{"start":{"line":320,"column":18},"end":{"line":320,"column":49}},"92":{"start":{"line":321,"column":13},"end":{"line":321,"column":17}},"93":{"start":{"line":323,"column":2},"end":{"line":329,"column":3}},"94":{"start":{"line":324,"column":4},"end":{"line":328,"column":5}},"95":{"start":{"line":325,"column":6},"end":{"line":325,"column":33}},"96":{"start":{"line":327,"column":6},"end":{"line":327,"column":18}},"97":{"start":{"line":330,"column":23},"end":{"line":330,"column":79}},"98":{"start":{"line":332,"column":2},"end":{"line":335,"column":3}},"99":{"start":{"line":333,"column":4},"end":{"line":333,"column":42}},"100":{"start":{"line":334,"column":4},"end":{"line":334,"column":11}},"101":{"start":{"line":337,"column":2},"end":{"line":346,"column":3}},"102":{"start":{"line":338,"column":23},"end":{"line":342,"column":5}},"103":{"start":{"line":344,"column":4},"end":{"line":344,"column":89}},"104":{"start":{"line":345,"column":4},"end":{"line":345,"column":11}},"105":{"start":{"line":348,"column":2},"end":{"line":350,"column":5}},"106":{"start":{"line":349,"column":4},"end":{"line":349,"column":94}},"107":{"start":{"line":352,"column":2},"end":{"line":354,"column":5}},"108":{"start":{"line":353,"column":4},"end":{"line":353,"column":38}},"109":{"start":{"line":356,"column":2},"end":{"line":358,"column":5}},"110":{"start":{"line":357,"column":4},"end":{"line":357,"column":69}},"111":{"start":{"line":360,"column":2},"end":{"line":366,"column":5}},"112":{"start":{"line":361,"column":4},"end":{"line":365,"column":7}},"113":{"start":{"line":362,"column":6},"end":{"line":362,"column":42}},"114":{"start":{"line":363,"column":6},"end":{"line":363,"column":41}},"115":{"start":{"line":364,"column":6},"end":{"line":364,"column":44}},"116":{"start":{"line":368,"column":21},"end":{"line":368,"column":59}},"117":{"start":{"line":369,"column":2},"end":{"line":376,"column":3}},"118":{"start":{"line":370,"column":4},"end":{"line":375,"column":26}},"119":{"start":{"line":379,"column":4},"end":{"line":382,"column":5}},"120":{"start":{"line":380,"column":6},"end":{"line":380,"column":33}},"121":{"start":{"line":381,"column":6},"end":{"line":381,"column":13}},"122":{"start":{"line":384,"column":4},"end":{"line":386,"column":5}},"123":{"start":{"line":385,"column":6},"end":{"line":385,"column":13}},"124":{"start":{"line":388,"column":19},"end":{"line":388,"column":51}},"125":{"start":{"line":389,"column":4},"end":{"line":389,"column":40}},"126":{"start":{"line":390,"column":4},"end":{"line":390,"column":45}},"127":{"start":{"line":391,"column":4},"end":{"line":391,"column":24}},"128":{"start":{"line":392,"column":4},"end":{"line":394,"column":6}},"129":{"start":{"line":393,"column":6},"end":{"line":393,"column":36}},"130":{"start":{"line":395,"column":4},"end":{"line":395,"column":38}},"131":{"start":{"line":398,"column":2},"end":{"line":398,"column":21}}},"fnMap":{"0":{"name":"(anonymous_0)","decl":{"start":{"line":2,"column":1},"end":{"line":2,"column":2}},"loc":{"start":{"line":2,"column":7},"end":{"line":399,"column":1}},"line":2},"1":{"name":"ensureDialogStyles","decl":{"start":{"line":11,"column":11},"end":{"line":11,"column":29}},"loc":{"start":{"line":11,"column":32},"end":{"line":127,"column":3}},"line":11},"2":{"name":"ensureDialogRefs","decl":{"start":{"line":133,"column":11},"end":{"line":133,"column":27}},"loc":{"start":{"line":133,"column":30},"end":{"line":215,"column":3}},"line":133},"3":{"name":"(anonymous_3)","decl":{"start":{"line":170,"column":34},"end":{"line":170,"column":35}},"loc":{"start":{"line":170,"column":40},"end":{"line":177,"column":5}},"line":170},"4":{"name":"(anonymous_4)","decl":{"start":{"line":180,"column":38},"end":{"line":180,"column":39}},"loc":{"start":{"line":180,"column":49},"end":{"line":184,"column":5}},"line":180},"5":{"name":"(anonymous_5)","decl":{"start":{"line":188,"column":47},"end":{"line":188,"column":48}},"loc":{"start":{"line":188,"column":53},"end":{"line":199,"column":5}},"line":188},"6":{"name":"(anonymous_6)","decl":{"start":{"line":202,"column":41},"end":{"line":202,"column":42}},"loc":{"start":{"line":202,"column":52},"end":{"line":211,"column":5}},"line":202},"7":{"name":"finalizeDialog","decl":{"start":{"line":221,"column":11},"end":{"line":221,"column":25}},"loc":{"start":{"line":221,"column":33},"end":{"line":236,"column":3}},"line":221},"8":{"name":"openDialog","decl":{"start":{"line":244,"column":11},"end":{"line":244,"column":21}},"loc":{"start":{"line":244,"column":42},"end":{"line":285,"column":3}},"line":244},"9":{"name":"(anonymous_9)","decl":{"start":{"line":278,"column":26},"end":{"line":278,"column":27}},"loc":{"start":{"line":278,"column":32},"end":{"line":280,"column":5}},"line":278},"10":{"name":"(anonymous_10)","decl":{"start":{"line":282,"column":23},"end":{"line":282,"column":24}},"loc":{"start":{"line":282,"column":36},"end":{"line":284,"column":5}},"line":282},"11":{"name":"(anonymous_11)","decl":{"start":{"line":288,"column":4},"end":{"line":288,"column":5}},"loc":{"start":{"line":288,"column":26},"end":{"line":290,"column":5}},"line":288},"12":{"name":"(anonymous_12)","decl":{"start":{"line":291,"column":4},"end":{"line":291,"column":5}},"loc":{"start":{"line":291,"column":25},"end":{"line":293,"column":5}},"line":291},"13":{"name":"(anonymous_13)","decl":{"start":{"line":296,"column":21},"end":{"line":296,"column":22}},"loc":{"start":{"line":296,"column":48},"end":{"line":305,"column":3}},"line":296},"14":{"name":"(anonymous_14)","decl":{"start":{"line":307,"column":20},"end":{"line":307,"column":21}},"loc":{"start":{"line":307,"column":66},"end":{"line":317,"column":3}},"line":307},"15":{"name":"(anonymous_15)","decl":{"start":{"line":348,"column":56},"end":{"line":348,"column":57}},"loc":{"start":{"line":348,"column":64},"end":{"line":350,"column":3}},"line":348},"16":{"name":"(anonymous_16)","decl":{"start":{"line":352,"column":57},"end":{"line":352,"column":58}},"loc":{"start":{"line":352,"column":65},"end":{"line":354,"column":3}},"line":352},"17":{"name":"(anonymous_17)","decl":{"start":{"line":356,"column":56},"end":{"line":356,"column":57}},"loc":{"start":{"line":356,"column":64},"end":{"line":358,"column":3}},"line":356},"18":{"name":"(anonymous_18)","decl":{"start":{"line":360,"column":53},"end":{"line":360,"column":54}},"loc":{"start":{"line":360,"column":62},"end":{"line":366,"column":3}},"line":360},"19":{"name":"(anonymous_19)","decl":{"start":{"line":361,"column":34},"end":{"line":361,"column":35}},"loc":{"start":{"line":361,"column":40},"end":{"line":365,"column":5}},"line":361},"20":{"name":"ensureClickSpark","decl":{"start":{"line":378,"column":11},"end":{"line":378,"column":27}},"loc":{"start":{"line":378,"column":30},"end":{"line":396,"column":3}},"line":378},"21":{"name":"(anonymous_21)","decl":{"start":{"line":392,"column":20},"end":{"line":392,"column":21}},"loc":{"start":{"line":392,"column":26},"end":{"line":394,"column":5}},"line":392}},"branchMap":{"0":{"loc":{"start":{"line":12,"column":4},"end":{"line":14,"column":5}},"type":"if","locations":[{"start":{"line":12,"column":4},"end":{"line":14,"column":5}},{"start":{},"end":{}}],"line":12},"1":{"loc":{"start":{"line":134,"column":4},"end":{"line":136,"column":5}},"type":"if","locations":[{"start":{"line":134,"column":4},"end":{"line":136,"column":5}},{"start":{},"end":{}}],"line":134},"2":{"loc":{"start":{"line":171,"column":6},"end":{"line":173,"column":7}},"type":"if","locations":[{"start":{"line":171,"column":6},"end":{"line":173,"column":7}},{"start":{},"end":{}}],"line":171},"3":{"loc":{"start":{"line":175,"column":26},"end":{"line":175,"column":78}},"type":"cond-expr","locations":[{"start":{"line":175,"column":66},"end":{"line":175,"column":71}},{"start":{"line":175,"column":74},"end":{"line":175,"column":78}}],"line":175},"4":{"loc":{"start":{"line":181,"column":6},"end":{"line":183,"column":7}},"type":"if","locations":[{"start":{"line":181,"column":6},"end":{"line":183,"column":7}},{"start":{},"end":{}}],"line":181},"5":{"loc":{"start":{"line":189,"column":6},"end":{"line":191,"column":7}},"type":"if","locations":[{"start":{"line":189,"column":6},"end":{"line":191,"column":7}},{"start":{},"end":{}}],"line":189},"6":{"loc":{"start":{"line":193,"column":6},"end":{"line":196,"column":7}},"type":"if","locations":[{"start":{"line":193,"column":6},"end":{"line":196,"column":7}},{"start":{},"end":{}}],"line":193},"7":{"loc":{"start":{"line":194,"column":23},"end":{"line":194,"column":46}},"type":"binary-expr","locations":[{"start":{"line":194,"column":23},"end":{"line":194,"column":40}},{"start":{"line":194,"column":44},"end":{"line":194,"column":46}}],"line":194},"8":{"loc":{"start":{"line":203,"column":6},"end":{"line":205,"column":7}},"type":"if","locations":[{"start":{"line":203,"column":6},"end":{"line":205,"column":7}},{"start":{},"end":{}}],"line":203},"9":{"loc":{"start":{"line":203,"column":10},"end":{"line":203,"column":52}},"type":"binary-expr","locations":[{"start":{"line":203,"column":10},"end":{"line":203,"column":29}},{"start":{"line":203,"column":33},"end":{"line":203,"column":52}}],"line":203},"10":{"loc":{"start":{"line":207,"column":6},"end":{"line":210,"column":7}},"type":"if","locations":[{"start":{"line":207,"column":6},"end":{"line":210,"column":7}},{"start":{},"end":{}}],"line":207},"11":{"loc":{"start":{"line":222,"column":4},"end":{"line":224,"column":5}},"type":"if","locations":[{"start":{"line":222,"column":4},"end":{"line":224,"column":5}},{"start":{},"end":{}}],"line":222},"12":{"loc":{"start":{"line":222,"column":8},"end":{"line":222,"column":48}},"type":"binary-expr","locations":[{"start":{"line":222,"column":8},"end":{"line":222,"column":27}},{"start":{"line":222,"column":31},"end":{"line":222,"column":48}}],"line":222},"13":{"loc":{"start":{"line":244,"column":28},"end":{"line":244,"column":40}},"type":"default-arg","locations":[{"start":{"line":244,"column":38},"end":{"line":244,"column":40}}],"line":244},"14":{"loc":{"start":{"line":247,"column":4},"end":{"line":250,"column":5}},"type":"if","locations":[{"start":{"line":247,"column":4},"end":{"line":250,"column":5}},{"start":{},"end":{}}],"line":247},"15":{"loc":{"start":{"line":248,"column":26},"end":{"line":248,"column":78}},"type":"cond-expr","locations":[{"start":{"line":248,"column":66},"end":{"line":248,"column":71}},{"start":{"line":248,"column":74},"end":{"line":248,"column":78}}],"line":248},"16":{"loc":{"start":{"line":252,"column":29},"end":{"line":252,"column":60}},"type":"binary-expr","locations":[{"start":{"line":252,"column":29},"end":{"line":252,"column":42}},{"start":{"line":252,"column":46},"end":{"line":252,"column":60}}],"line":252},"17":{"loc":{"start":{"line":253,"column":31},"end":{"line":253,"column":52}},"type":"binary-expr","locations":[{"start":{"line":253,"column":31},"end":{"line":253,"column":46}},{"start":{"line":253,"column":50},"end":{"line":253,"column":52}}],"line":253},"18":{"loc":{"start":{"line":254,"column":33},"end":{"line":254,"column":64}},"type":"binary-expr","locations":[{"start":{"line":254,"column":33},"end":{"line":254,"column":51}},{"start":{"line":254,"column":55},"end":{"line":254,"column":64}}],"line":254},"19":{"loc":{"start":{"line":255,"column":34},"end":{"line":255,"column":61}},"type":"binary-expr","locations":[{"start":{"line":255,"column":34},"end":{"line":255,"column":53}},{"start":{"line":255,"column":57},"end":{"line":255,"column":61}}],"line":255},"20":{"loc":{"start":{"line":258,"column":4},"end":{"line":262,"column":5}},"type":"if","locations":[{"start":{"line":258,"column":4},"end":{"line":262,"column":5}},{"start":{"line":260,"column":11},"end":{"line":262,"column":5}}],"line":258},"21":{"loc":{"start":{"line":260,"column":11},"end":{"line":262,"column":5}},"type":"if","locations":[{"start":{"line":260,"column":11},"end":{"line":262,"column":5}},{"start":{},"end":{}}],"line":260},"22":{"loc":{"start":{"line":264,"column":4},"end":{"line":273,"column":5}},"type":"if","locations":[{"start":{"line":264,"column":4},"end":{"line":273,"column":5}},{"start":{"line":269,"column":11},"end":{"line":273,"column":5}}],"line":264},"23":{"loc":{"start":{"line":266,"column":31},"end":{"line":266,"column":56}},"type":"binary-expr","locations":[{"start":{"line":266,"column":31},"end":{"line":266,"column":50}},{"start":{"line":266,"column":54},"end":{"line":266,"column":56}}],"line":266},"24":{"loc":{"start":{"line":267,"column":25},"end":{"line":267,"column":51}},"type":"binary-expr","locations":[{"start":{"line":267,"column":25},"end":{"line":267,"column":45}},{"start":{"line":267,"column":49},"end":{"line":267,"column":51}}],"line":267},"25":{"loc":{"start":{"line":268,"column":44},"end":{"line":268,"column":89}},"type":"binary-expr","locations":[{"start":{"line":268,"column":44},"end":{"line":268,"column":62}},{"start":{"line":268,"column":66},"end":{"line":268,"column":89}}],"line":268},"26":{"loc":{"start":{"line":277,"column":24},"end":{"line":277,"column":72}},"type":"cond-expr","locations":[{"start":{"line":277,"column":44},"end":{"line":277,"column":54}},{"start":{"line":277,"column":57},"end":{"line":277,"column":72}}],"line":277},"27":{"loc":{"start":{"line":288,"column":12},"end":{"line":288,"column":24}},"type":"default-arg","locations":[{"start":{"line":288,"column":22},"end":{"line":288,"column":24}}],"line":288},"28":{"loc":{"start":{"line":291,"column":11},"end":{"line":291,"column":23}},"type":"default-arg","locations":[{"start":{"line":291,"column":21},"end":{"line":291,"column":23}}],"line":291},"29":{"loc":{"start":{"line":296,"column":31},"end":{"line":296,"column":43}},"type":"default-arg","locations":[{"start":{"line":296,"column":41},"end":{"line":296,"column":43}}],"line":296},"30":{"loc":{"start":{"line":297,"column":4},"end":{"line":299,"column":5}},"type":"if","locations":[{"start":{"line":297,"column":4},"end":{"line":299,"column":5}},{"start":{},"end":{}}],"line":297},"31":{"loc":{"start":{"line":307,"column":30},"end":{"line":307,"column":47}},"type":"default-arg","locations":[{"start":{"line":307,"column":45},"end":{"line":307,"column":47}}],"line":307},"32":{"loc":{"start":{"line":307,"column":49},"end":{"line":307,"column":61}},"type":"default-arg","locations":[{"start":{"line":307,"column":59},"end":{"line":307,"column":61}}],"line":307},"33":{"loc":{"start":{"line":308,"column":4},"end":{"line":310,"column":5}},"type":"if","locations":[{"start":{"line":308,"column":4},"end":{"line":310,"column":5}},{"start":{},"end":{}}],"line":308},"34":{"loc":{"start":{"line":323,"column":2},"end":{"line":329,"column":3}},"type":"if","locations":[{"start":{"line":323,"column":2},"end":{"line":329,"column":3}},{"start":{},"end":{}}],"line":323},"35":{"loc":{"start":{"line":330,"column":24},"end":{"line":330,"column":64}},"type":"binary-expr","locations":[{"start":{"line":330,"column":24},"end":{"line":330,"column":58}},{"start":{"line":330,"column":62},"end":{"line":330,"column":64}}],"line":330},"36":{"loc":{"start":{"line":332,"column":2},"end":{"line":335,"column":3}},"type":"if","locations":[{"start":{"line":332,"column":2},"end":{"line":335,"column":3}},{"start":{},"end":{}}],"line":332},"37":{"loc":{"start":{"line":332,"column":6},"end":{"line":332,"column":21}},"type":"binary-expr","locations":[{"start":{"line":332,"column":6},"end":{"line":332,"column":12}},{"start":{"line":332,"column":16},"end":{"line":332,"column":21}}],"line":332},"38":{"loc":{"start":{"line":337,"column":2},"end":{"line":346,"column":3}},"type":"if","locations":[{"start":{"line":337,"column":2},"end":{"line":346,"column":3}},{"start":{},"end":{}}],"line":337},"39":{"loc":{"start":{"line":337,"column":6},"end":{"line":337,"column":70}},"type":"binary-expr","locations":[{"start":{"line":337,"column":6},"end":{"line":337,"column":18}},{"start":{"line":337,"column":22},"end":{"line":337,"column":70}}],"line":337},"40":{"loc":{"start":{"line":337,"column":23},"end":{"line":337,"column":38}},"type":"binary-expr","locations":[{"start":{"line":337,"column":23},"end":{"line":337,"column":32}},{"start":{"line":337,"column":36},"end":{"line":337,"column":38}}],"line":337},"41":{"loc":{"start":{"line":344,"column":28},"end":{"line":344,"column":87}},"type":"binary-expr","locations":[{"start":{"line":344,"column":28},"end":{"line":344,"column":71}},{"start":{"line":344,"column":75},"end":{"line":344,"column":87}}],"line":344},"42":{"loc":{"start":{"line":344,"column":40},"end":{"line":344,"column":55}},"type":"binary-expr","locations":[{"start":{"line":344,"column":40},"end":{"line":344,"column":49}},{"start":{"line":344,"column":53},"end":{"line":344,"column":55}}],"line":344},"43":{"loc":{"start":{"line":349,"column":21},"end":{"line":349,"column":93}},"type":"binary-expr","locations":[{"start":{"line":349,"column":21},"end":{"line":349,"column":76}},{"start":{"line":349,"column":80},"end":{"line":349,"column":93}}],"line":349},"44":{"loc":{"start":{"line":349,"column":24},"end":{"line":349,"column":45}},"type":"binary-expr","locations":[{"start":{"line":349,"column":24},"end":{"line":349,"column":39}},{"start":{"line":349,"column":43},"end":{"line":349,"column":45}}],"line":349},"45":{"loc":{"start":{"line":349,"column":49},"end":{"line":349,"column":67}},"type":"binary-expr","locations":[{"start":{"line":349,"column":49},"end":{"line":349,"column":61}},{"start":{"line":349,"column":65},"end":{"line":349,"column":67}}],"line":349},"46":{"loc":{"start":{"line":353,"column":21},"end":{"line":353,"column":37}},"type":"binary-expr","locations":[{"start":{"line":353,"column":21},"end":{"line":353,"column":31}},{"start":{"line":353,"column":35},"end":{"line":353,"column":37}}],"line":353},"47":{"loc":{"start":{"line":357,"column":22},"end":{"line":357,"column":53}},"type":"binary-expr","locations":[{"start":{"line":357,"column":22},"end":{"line":357,"column":31}},{"start":{"line":357,"column":35},"end":{"line":357,"column":47}},{"start":{"line":357,"column":51},"end":{"line":357,"column":53}}],"line":357},"48":{"loc":{"start":{"line":369,"column":2},"end":{"line":376,"column":3}},"type":"if","locations":[{"start":{"line":369,"column":2},"end":{"line":376,"column":3}},{"start":{},"end":{}}],"line":369},"49":{"loc":{"start":{"line":379,"column":4},"end":{"line":382,"column":5}},"type":"if","locations":[{"start":{"line":379,"column":4},"end":{"line":382,"column":5}},{"start":{},"end":{}}],"line":379},"50":{"loc":{"start":{"line":384,"column":4},"end":{"line":386,"column":5}},"type":"if","locations":[{"start":{"line":384,"column":4},"end":{"line":386,"column":5}},{"start":{},"end":{}}],"line":384}},"s":{"0":0,"1":0,"2":0,"3":0,"4":0,"5":0,"6":0,"7":0,"8":0,"9":0,"10":0,"11":0,"12":0,"13":0,"14":0,"15":0,"16":0,"17":0,"18":0,"19":0,"20":0,"21":0,"22":0,"23":0,"24":0,"25":0,"26":0,"27":0,"28":0,"29":0,"30":0,"31":0,"32":0,"33":0,"34":0,"35":0,"36":0,"37":0,"38":0,"39":0,"40":0,"41":0,"42":0,"43":0,"44":0,"45":0,"46":0,"47":0,"48":0,"49":0,"50":0,"51":0,"52":0,"53":0,"54":0,"55":0,"56":0,"57":0,"58":0,"59":0,"60":0,"61":0,"62":0,"63":0,"64":0,"65":0,"66":0,"67":0,"68":0,"69":0,"70":0,"71":0,"72":0,"73":0,"74":0,"75":0,"76":0,"77":0,"78":0,"79":0,"80":0,"81":0,"82":0,"83":0,"84":0,"85":0,"86":0,"87":0,"88":0,"89":0,"90":0,"91":0,"92":0,"93":0,"94":0,"95":0,"96":0,"97":0,"98":0,"99":0,"100":0,"101":0,"102":0,"103":0,"104":0,"105":0,"106":0,"107":0,"108":0,"109":0,"110":0,"111":0,"112":0,"113":0,"114":0,"115":0,"116":0,"117":0,"118":0,"119":0,"120":0,"121":0,"122":0,"123":0,"124":0,"125":0,"126":0,"127":0,"128":0,"129":0,"130":0,"131":0},"f":{"0":0,"1":0,"2":0,"3":0,"4":0,"5":0,"6":0,"7":0,"8":0,"9":0,"10":0,"11":0,"12":0,"13":0,"14":0,"15":0,"16":0,"17":0,"18":0,"19":0,"20":0,"21":0},"b":{"0":[0,0],"1":[0,0],"2":[0,0],"3":[0,0],"4":[0,0],"5":[0,0],"6":[0,0],"7":[0,0],"8":[0,0],"9":[0,0],"10":[0,0],"11":[0,0],"12":[0,0],"13":[0],"14":[0,0],"15":[0,0],"16":[0,0],"17":[0,0],"18":[0,0],"19":[0,0],"20":[0,0],"21":[0,0],"22":[0,0],"23":[0,0],"24":[0,0],"25":[0,0],"26":[0,0],"27":[0],"28":[0],"29":[0],"30":[0,0],"31":[0],"32":[0],"33":[0,0],"34":[0,0],"35":[0,0],"36":[0,0],"37":[0,0],"38":[0,0],"39":[0,0],"40":[0,0],"41":[0,0],"42":[0,0],"43":[0,0],"44":[0,0],"45":[0,0],"46":[0,0],"47":[0,0,0],"48":[0,0],"49":[0,0],"50":[0,0]}}
,"/Users/amir/Desktop/Projet-BD-PHP-Web/public/assets/js/aurora.js": {"path":"/Users/amir/Desktop/Projet-BD-PHP-Web/public/assets/js/aurora.js","statementMap":{"0":{"start":{"line":3,"column":13},"end":{"line":8,"column":1}},"1":{"start":{"line":10,"column":13},"end":{"line":109,"column":1}},"2":{"start":{"line":111,"column":23},"end":{"line":116,"column":1}},"3":{"start":{"line":124,"column":18},"end":{"line":124,"column":55}},"4":{"start":{"line":125,"column":20},"end":{"line":125,"column":77}},"5":{"start":{"line":126,"column":2},"end":{"line":126,"column":25}},"6":{"start":{"line":126,"column":18},"end":{"line":126,"column":25}},"7":{"start":{"line":128,"column":19},"end":{"line":132,"column":4}},"8":{"start":{"line":133,"column":13},"end":{"line":133,"column":24}},"9":{"start":{"line":134,"column":2},"end":{"line":134,"column":28}},"10":{"start":{"line":135,"column":2},"end":{"line":135,"column":22}},"11":{"start":{"line":136,"column":2},"end":{"line":136,"column":47}},"12":{"start":{"line":137,"column":2},"end":{"line":137,"column":50}},"13":{"start":{"line":139,"column":19},"end":{"line":144,"column":4}},"14":{"start":{"line":146,"column":18},"end":{"line":161,"column":4}},"15":{"start":{"line":154,"column":20},"end":{"line":154,"column":34}},"16":{"start":{"line":155,"column":10},"end":{"line":155,"column":33}},"17":{"start":{"line":163,"column":15},"end":{"line":163,"column":50}},"18":{"start":{"line":164,"column":2},"end":{"line":164,"column":35}},"19":{"start":{"line":166,"column":17},"end":{"line":171,"column":3}},"20":{"start":{"line":167,"column":18},"end":{"line":167,"column":60}},"21":{"start":{"line":168,"column":19},"end":{"line":168,"column":63}},"22":{"start":{"line":169,"column":4},"end":{"line":169,"column":36}},"23":{"start":{"line":170,"column":4},"end":{"line":170,"column":57}},"24":{"start":{"line":173,"column":18},"end":{"line":173,"column":19}},"25":{"start":{"line":174,"column":17},"end":{"line":179,"column":3}},"26":{"start":{"line":175,"column":4},"end":{"line":175,"column":46}},"27":{"start":{"line":176,"column":17},"end":{"line":176,"column":25}},"28":{"start":{"line":177,"column":4},"end":{"line":177,"column":62}},"29":{"start":{"line":178,"column":4},"end":{"line":178,"column":37}},"30":{"start":{"line":181,"column":2},"end":{"line":181,"column":44}},"31":{"start":{"line":182,"column":2},"end":{"line":182,"column":11}},"32":{"start":{"line":183,"column":2},"end":{"line":183,"column":44}},"33":{"start":{"line":185,"column":2},"end":{"line":192,"column":4}},"34":{"start":{"line":186,"column":4},"end":{"line":186,"column":36}},"35":{"start":{"line":187,"column":4},"end":{"line":187,"column":49}},"36":{"start":{"line":188,"column":4},"end":{"line":190,"column":5}},"37":{"start":{"line":189,"column":6},"end":{"line":189,"column":39}},"38":{"start":{"line":191,"column":4},"end":{"line":191,"column":57}},"39":{"start":{"line":195,"column":0},"end":{"line":195,"column":13}}},"fnMap":{"0":{"name":"initAurora","decl":{"start":{"line":123,"column":9},"end":{"line":123,"column":19}},"loc":{"start":{"line":123,"column":38},"end":{"line":193,"column":1}},"line":123},"1":{"name":"(anonymous_1)","decl":{"start":{"line":153,"column":38},"end":{"line":153,"column":39}},"loc":{"start":{"line":153,"column":47},"end":{"line":156,"column":9}},"line":153},"2":{"name":"(anonymous_2)","decl":{"start":{"line":166,"column":17},"end":{"line":166,"column":18}},"loc":{"start":{"line":166,"column":23},"end":{"line":171,"column":3}},"line":166},"3":{"name":"(anonymous_3)","decl":{"start":{"line":174,"column":17},"end":{"line":174,"column":18}},"loc":{"start":{"line":174,"column":24},"end":{"line":179,"column":3}},"line":174},"4":{"name":"(anonymous_4)","decl":{"start":{"line":185,"column":9},"end":{"line":185,"column":10}},"loc":{"start":{"line":185,"column":15},"end":{"line":192,"column":3}},"line":185}},"branchMap":{"0":{"loc":{"start":{"line":123,"column":20},"end":{"line":123,"column":36}},"type":"default-arg","locations":[{"start":{"line":123,"column":34},"end":{"line":123,"column":36}}],"line":123},"1":{"loc":{"start":{"line":125,"column":20},"end":{"line":125,"column":77}},"type":"binary-expr","locations":[{"start":{"line":125,"column":20},"end":{"line":125,"column":37}},{"start":{"line":125,"column":41},"end":{"line":125,"column":77}}],"line":125},"2":{"loc":{"start":{"line":126,"column":2},"end":{"line":126,"column":25}},"type":"if","locations":[{"start":{"line":126,"column":2},"end":{"line":126,"column":25}},{"start":{},"end":{}}],"line":126},"3":{"loc":{"start":{"line":167,"column":18},"end":{"line":167,"column":60}},"type":"binary-expr","locations":[{"start":{"line":167,"column":18},"end":{"line":167,"column":39}},{"start":{"line":167,"column":43},"end":{"line":167,"column":60}}],"line":167},"4":{"loc":{"start":{"line":168,"column":19},"end":{"line":168,"column":63}},"type":"binary-expr","locations":[{"start":{"line":168,"column":19},"end":{"line":168,"column":41}},{"start":{"line":168,"column":45},"end":{"line":168,"column":63}}],"line":168},"5":{"loc":{"start":{"line":188,"column":4},"end":{"line":190,"column":5}},"type":"if","locations":[{"start":{"line":188,"column":4},"end":{"line":190,"column":5}},{"start":{},"end":{}}],"line":188}},"s":{"0":0,"1":0,"2":0,"3":0,"4":0,"5":0,"6":0,"7":0,"8":0,"9":0,"10":0,"11":0,"12":0,"13":0,"14":0,"15":0,"16":0,"17":0,"18":0,"19":0,"20":0,"21":0,"22":0,"23":0,"24":0,"25":0,"26":0,"27":0,"28":0,"29":0,"30":0,"31":0,"32":0,"33":0,"34":0,"35":0,"36":0,"37":0,"38":0,"39":0},"f":{"0":0,"1":0,"2":0,"3":0,"4":0},"b":{"0":[0],"1":[0,0],"2":[0,0],"3":[0,0],"4":[0,0],"5":[0,0]}}
,"/Users/amir/Desktop/Projet-BD-PHP-Web/public/assets/js/auth.js": {"path":"/Users/amir/Desktop/Projet-BD-PHP-Web/public/assets/js/auth.js","statementMap":{"0":{"start":{"line":2,"column":0},"end":{"line":471,"column":5}},"1":{"start":{"line":3,"column":19},"end":{"line":3,"column":25}},"2":{"start":{"line":6,"column":15},"end":{"line":6,"column":60}},"3":{"start":{"line":7,"column":17},"end":{"line":7,"column":64}},"4":{"start":{"line":14,"column":4},"end":{"line":18,"column":7}},"5":{"start":{"line":15,"column":21},"end":{"line":15,"column":43}},"6":{"start":{"line":16,"column":6},"end":{"line":16,"column":46}},"7":{"start":{"line":17,"column":6},"end":{"line":17,"column":65}},"8":{"start":{"line":19,"column":4},"end":{"line":21,"column":7}},"9":{"start":{"line":20,"column":6},"end":{"line":20,"column":64}},"10":{"start":{"line":24,"column":2},"end":{"line":26,"column":5}},"11":{"start":{"line":25,"column":4},"end":{"line":25,"column":61}},"12":{"start":{"line":25,"column":38},"end":{"line":25,"column":59}},"13":{"start":{"line":28,"column":2},"end":{"line":30,"column":5}},"14":{"start":{"line":29,"column":4},"end":{"line":29,"column":68}},"15":{"start":{"line":29,"column":40},"end":{"line":29,"column":66}},"16":{"start":{"line":32,"column":20},"end":{"line":32,"column":56}},"17":{"start":{"line":33,"column":23},"end":{"line":33,"column":62}},"18":{"start":{"line":34,"column":27},"end":{"line":34,"column":70}},"19":{"start":{"line":36,"column":21},"end":{"line":36,"column":58}},"20":{"start":{"line":37,"column":24},"end":{"line":37,"column":64}},"21":{"start":{"line":38,"column":21},"end":{"line":38,"column":58}},"22":{"start":{"line":39,"column":22},"end":{"line":39,"column":50}},"23":{"start":{"line":40,"column":25},"end":{"line":40,"column":64}},"24":{"start":{"line":41,"column":24},"end":{"line":41,"column":66}},"25":{"start":{"line":50,"column":4},"end":{"line":54,"column":5}},"26":{"start":{"line":51,"column":6},"end":{"line":51,"column":29}},"27":{"start":{"line":52,"column":6},"end":{"line":52,"column":26}},"28":{"start":{"line":53,"column":6},"end":{"line":53,"column":13}},"29":{"start":{"line":55,"column":4},"end":{"line":55,"column":65}},"30":{"start":{"line":56,"column":4},"end":{"line":56,"column":25}},"31":{"start":{"line":65,"column":17},"end":{"line":65,"column":73}},"32":{"start":{"line":66,"column":4},"end":{"line":66,"column":22}},"33":{"start":{"line":66,"column":15},"end":{"line":66,"column":22}},"34":{"start":{"line":67,"column":4},"end":{"line":67,"column":33}},"35":{"start":{"line":68,"column":4},"end":{"line":68,"column":52}},"36":{"start":{"line":76,"column":4},"end":{"line":78,"column":5}},"37":{"start":{"line":77,"column":6},"end":{"line":77,"column":51}},"38":{"start":{"line":79,"column":4},"end":{"line":81,"column":5}},"39":{"start":{"line":80,"column":6},"end":{"line":80,"column":65}},"40":{"start":{"line":90,"column":23},"end":{"line":90,"column":62}},"41":{"start":{"line":91,"column":4},"end":{"line":91,"column":79}},"42":{"start":{"line":91,"column":64},"end":{"line":91,"column":79}},"43":{"start":{"line":92,"column":4},"end":{"line":92,"column":22}},"44":{"start":{"line":101,"column":4},"end":{"line":101,"column":57}},"45":{"start":{"line":101,"column":45},"end":{"line":101,"column":57}},"46":{"start":{"line":102,"column":18},"end":{"line":102,"column":34}},"47":{"start":{"line":103,"column":4},"end":{"line":103,"column":38}},"48":{"start":{"line":103,"column":26},"end":{"line":103,"column":38}},"49":{"start":{"line":105,"column":4},"end":{"line":116,"column":5}},"50":{"start":{"line":106,"column":18},"end":{"line":106,"column":64}},"51":{"start":{"line":107,"column":19},"end":{"line":112,"column":7}},"52":{"start":{"line":110,"column":22},"end":{"line":110,"column":75}},"53":{"start":{"line":113,"column":6},"end":{"line":113,"column":30}},"54":{"start":{"line":115,"column":6},"end":{"line":115,"column":18}},"55":{"start":{"line":124,"column":19},"end":{"line":129,"column":5}},"56":{"start":{"line":131,"column":19},"end":{"line":131,"column":46}},"57":{"start":{"line":132,"column":4},"end":{"line":134,"column":5}},"58":{"start":{"line":133,"column":6},"end":{"line":133,"column":37}},"59":{"start":{"line":142,"column":4},"end":{"line":142,"column":20}},"60":{"start":{"line":143,"column":23},"end":{"line":143,"column":60}},"61":{"start":{"line":144,"column":4},"end":{"line":146,"column":5}},"62":{"start":{"line":145,"column":6},"end":{"line":145,"column":31}},"63":{"start":{"line":154,"column":4},"end":{"line":157,"column":7}},"64":{"start":{"line":155,"column":6},"end":{"line":155,"column":25}},"65":{"start":{"line":156,"column":6},"end":{"line":156,"column":37}},"66":{"start":{"line":166,"column":4},"end":{"line":166,"column":45}},"67":{"start":{"line":175,"column":15},"end":{"line":175,"column":47}},"68":{"start":{"line":176,"column":4},"end":{"line":176,"column":23}},"69":{"start":{"line":176,"column":13},"end":{"line":176,"column":23}},"70":{"start":{"line":177,"column":4},"end":{"line":177,"column":56}},"71":{"start":{"line":185,"column":4},"end":{"line":245,"column":6}},"72":{"start":{"line":187,"column":22},"end":{"line":187,"column":61}},"73":{"start":{"line":188,"column":8},"end":{"line":188,"column":42}},"74":{"start":{"line":188,"column":20},"end":{"line":188,"column":42}},"75":{"start":{"line":189,"column":8},"end":{"line":189,"column":71}},"76":{"start":{"line":189,"column":38},"end":{"line":189,"column":71}},"77":{"start":{"line":190,"column":8},"end":{"line":190,"column":18}},"78":{"start":{"line":193,"column":22},"end":{"line":193,"column":47}},"79":{"start":{"line":194,"column":8},"end":{"line":194,"column":49}},"80":{"start":{"line":194,"column":20},"end":{"line":194,"column":49}},"81":{"start":{"line":195,"column":8},"end":{"line":195,"column":18}},"82":{"start":{"line":198,"column":22},"end":{"line":198,"column":62}},"83":{"start":{"line":199,"column":8},"end":{"line":199,"column":48}},"84":{"start":{"line":199,"column":20},"end":{"line":199,"column":48}},"85":{"start":{"line":200,"column":8},"end":{"line":200,"column":60}},"86":{"start":{"line":200,"column":30},"end":{"line":200,"column":60}},"87":{"start":{"line":201,"column":8},"end":{"line":201,"column":88}},"88":{"start":{"line":201,"column":54},"end":{"line":201,"column":88}},"89":{"start":{"line":202,"column":8},"end":{"line":202,"column":18}},"90":{"start":{"line":205,"column":22},"end":{"line":205,"column":59}},"91":{"start":{"line":206,"column":8},"end":{"line":206,"column":42}},"92":{"start":{"line":206,"column":20},"end":{"line":206,"column":42}},"93":{"start":{"line":207,"column":8},"end":{"line":207,"column":71}},"94":{"start":{"line":207,"column":38},"end":{"line":207,"column":71}},"95":{"start":{"line":208,"column":8},"end":{"line":208,"column":18}},"96":{"start":{"line":211,"column":21},"end":{"line":211,"column":54}},"97":{"start":{"line":212,"column":8},"end":{"line":212,"column":42}},"98":{"start":{"line":212,"column":32},"end":{"line":212,"column":42}},"99":{"start":{"line":213,"column":22},"end":{"line":213,"column":65}},"100":{"start":{"line":214,"column":8},"end":{"line":214,"column":64}},"101":{"start":{"line":214,"column":20},"end":{"line":214,"column":64}},"102":{"start":{"line":215,"column":8},"end":{"line":215,"column":87}},"103":{"start":{"line":215,"column":30},"end":{"line":215,"column":87}},"104":{"start":{"line":216,"column":8},"end":{"line":216,"column":18}},"105":{"start":{"line":219,"column":22},"end":{"line":219,"column":55}},"106":{"start":{"line":220,"column":8},"end":{"line":220,"column":41}},"107":{"start":{"line":220,"column":20},"end":{"line":220,"column":41}},"108":{"start":{"line":221,"column":8},"end":{"line":221,"column":62}},"109":{"start":{"line":221,"column":39},"end":{"line":221,"column":62}},"110":{"start":{"line":222,"column":8},"end":{"line":222,"column":18}},"111":{"start":{"line":225,"column":22},"end":{"line":225,"column":45}},"112":{"start":{"line":226,"column":8},"end":{"line":226,"column":49}},"113":{"start":{"line":226,"column":20},"end":{"line":226,"column":49}},"114":{"start":{"line":227,"column":8},"end":{"line":229,"column":9}},"115":{"start":{"line":228,"column":10},"end":{"line":228,"column":70}},"116":{"start":{"line":230,"column":8},"end":{"line":230,"column":18}},"117":{"start":{"line":233,"column":22},"end":{"line":233,"column":46}},"118":{"start":{"line":234,"column":25},"end":{"line":234,"column":48}},"119":{"start":{"line":235,"column":8},"end":{"line":235,"column":50}},"120":{"start":{"line":235,"column":20},"end":{"line":235,"column":50}},"121":{"start":{"line":236,"column":8},"end":{"line":236,"column":80}},"122":{"start":{"line":236,"column":32},"end":{"line":236,"column":80}},"123":{"start":{"line":237,"column":8},"end":{"line":237,"column":18}},"124":{"start":{"line":240,"column":22},"end":{"line":240,"column":61}},"125":{"start":{"line":241,"column":8},"end":{"line":241,"column":42}},"126":{"start":{"line":241,"column":20},"end":{"line":241,"column":42}},"127":{"start":{"line":242,"column":8},"end":{"line":242,"column":71}},"128":{"start":{"line":242,"column":38},"end":{"line":242,"column":71}},"129":{"start":{"line":243,"column":8},"end":{"line":243,"column":18}},"130":{"start":{"line":254,"column":17},"end":{"line":254,"column":38}},"131":{"start":{"line":255,"column":4},"end":{"line":255,"column":27}},"132":{"start":{"line":255,"column":15},"end":{"line":255,"column":27}},"133":{"start":{"line":256,"column":20},"end":{"line":256,"column":26}},"134":{"start":{"line":257,"column":4},"end":{"line":257,"column":30}},"135":{"start":{"line":258,"column":4},"end":{"line":258,"column":26}},"136":{"start":{"line":267,"column":16},"end":{"line":267,"column":20}},"137":{"start":{"line":268,"column":4},"end":{"line":272,"column":7}},"138":{"start":{"line":269,"column":6},"end":{"line":271,"column":7}},"139":{"start":{"line":270,"column":8},"end":{"line":270,"column":22}},"140":{"start":{"line":273,"column":4},"end":{"line":273,"column":17}},"141":{"start":{"line":281,"column":4},"end":{"line":291,"column":7}},"142":{"start":{"line":282,"column":17},"end":{"line":282,"column":49}},"143":{"start":{"line":283,"column":6},"end":{"line":283,"column":22}},"144":{"start":{"line":283,"column":15},"end":{"line":283,"column":22}},"145":{"start":{"line":284,"column":6},"end":{"line":284,"column":64}},"146":{"start":{"line":284,"column":40},"end":{"line":284,"column":62}},"147":{"start":{"line":285,"column":6},"end":{"line":290,"column":9}},"148":{"start":{"line":286,"column":21},"end":{"line":286,"column":77}},"149":{"start":{"line":287,"column":8},"end":{"line":289,"column":9}},"150":{"start":{"line":288,"column":10},"end":{"line":288,"column":33}},"151":{"start":{"line":301,"column":16},"end":{"line":307,"column":6}},"152":{"start":{"line":309,"column":24},"end":{"line":309,"column":61}},"153":{"start":{"line":310,"column":17},"end":{"line":310,"column":95}},"154":{"start":{"line":312,"column":4},"end":{"line":315,"column":5}},"155":{"start":{"line":313,"column":22},"end":{"line":313,"column":96}},"156":{"start":{"line":314,"column":6},"end":{"line":314,"column":31}},"157":{"start":{"line":317,"column":4},"end":{"line":317,"column":16}},"158":{"start":{"line":321,"column":20},"end":{"line":321,"column":54}},"159":{"start":{"line":322,"column":29},"end":{"line":322,"column":72}},"160":{"start":{"line":324,"column":22},"end":{"line":324,"column":78}},"161":{"start":{"line":325,"column":4},"end":{"line":327,"column":5}},"162":{"start":{"line":326,"column":6},"end":{"line":326,"column":65}},"163":{"start":{"line":328,"column":4},"end":{"line":332,"column":5}},"164":{"start":{"line":329,"column":23},"end":{"line":329,"column":64}},"165":{"start":{"line":330,"column":6},"end":{"line":330,"column":40}},"166":{"start":{"line":330,"column":20},"end":{"line":330,"column":40}},"167":{"start":{"line":331,"column":6},"end":{"line":331,"column":36}},"168":{"start":{"line":334,"column":2},"end":{"line":337,"column":3}},"169":{"start":{"line":335,"column":4},"end":{"line":335,"column":65}},"170":{"start":{"line":336,"column":4},"end":{"line":336,"column":29}},"171":{"start":{"line":340,"column":2},"end":{"line":340,"column":55}},"172":{"start":{"line":341,"column":2},"end":{"line":348,"column":5}},"173":{"start":{"line":349,"column":2},"end":{"line":349,"column":38}},"174":{"start":{"line":352,"column":2},"end":{"line":405,"column":5}},"175":{"start":{"line":353,"column":4},"end":{"line":353,"column":23}},"176":{"start":{"line":354,"column":4},"end":{"line":354,"column":26}},"177":{"start":{"line":355,"column":4},"end":{"line":355,"column":33}},"178":{"start":{"line":357,"column":18},"end":{"line":357,"column":78}},"179":{"start":{"line":358,"column":16},"end":{"line":358,"column":62}},"180":{"start":{"line":359,"column":21},"end":{"line":359,"column":56}},"181":{"start":{"line":360,"column":16},"end":{"line":360,"column":53}},"182":{"start":{"line":362,"column":4},"end":{"line":362,"column":65}},"183":{"start":{"line":362,"column":58},"end":{"line":362,"column":65}},"184":{"start":{"line":363,"column":4},"end":{"line":366,"column":5}},"185":{"start":{"line":364,"column":8},"end":{"line":364,"column":54}},"186":{"start":{"line":365,"column":8},"end":{"line":365,"column":15}},"187":{"start":{"line":368,"column":4},"end":{"line":404,"column":5}},"188":{"start":{"line":369,"column":19},"end":{"line":369,"column":72}},"189":{"start":{"line":371,"column":6},"end":{"line":386,"column":7}},"190":{"start":{"line":372,"column":8},"end":{"line":372,"column":76}},"191":{"start":{"line":373,"column":25},"end":{"line":373,"column":65}},"192":{"start":{"line":374,"column":8},"end":{"line":376,"column":9}},"193":{"start":{"line":375,"column":12},"end":{"line":375,"column":40}},"194":{"start":{"line":377,"column":26},"end":{"line":377,"column":67}},"195":{"start":{"line":378,"column":8},"end":{"line":380,"column":9}},"196":{"start":{"line":379,"column":12},"end":{"line":379,"column":55}},"197":{"start":{"line":381,"column":8},"end":{"line":384,"column":9}},"198":{"start":{"line":382,"column":12},"end":{"line":382,"column":37}},"199":{"start":{"line":383,"column":12},"end":{"line":383,"column":29}},"200":{"start":{"line":385,"column":8},"end":{"line":385,"column":15}},"201":{"start":{"line":387,"column":31},"end":{"line":387,"column":62}},"202":{"start":{"line":388,"column":28},"end":{"line":388,"column":78}},"203":{"start":{"line":389,"column":27},"end":{"line":389,"column":60}},"204":{"start":{"line":391,"column":26},"end":{"line":397,"column":7}},"205":{"start":{"line":399,"column":6},"end":{"line":399,"column":32}},"206":{"start":{"line":400,"column":6},"end":{"line":400,"column":60}},"207":{"start":{"line":401,"column":6},"end":{"line":401,"column":35}},"208":{"start":{"line":403,"column":6},"end":{"line":403,"column":77}},"209":{"start":{"line":408,"column":2},"end":{"line":446,"column":5}},"210":{"start":{"line":409,"column":4},"end":{"line":409,"column":23}},"211":{"start":{"line":410,"column":4},"end":{"line":410,"column":29}},"212":{"start":{"line":411,"column":4},"end":{"line":411,"column":36}},"213":{"start":{"line":413,"column":21},"end":{"line":413,"column":82}},"214":{"start":{"line":414,"column":18},"end":{"line":414,"column":76}},"215":{"start":{"line":415,"column":17},"end":{"line":415,"column":57}},"216":{"start":{"line":416,"column":16},"end":{"line":416,"column":60}},"217":{"start":{"line":417,"column":24},"end":{"line":417,"column":95}},"218":{"start":{"line":419,"column":29},"end":{"line":419,"column":98}},"219":{"start":{"line":420,"column":4},"end":{"line":420,"column":90}},"220":{"start":{"line":420,"column":42},"end":{"line":420,"column":90}},"221":{"start":{"line":421,"column":4},"end":{"line":421,"column":50}},"222":{"start":{"line":421,"column":43},"end":{"line":421,"column":50}},"223":{"start":{"line":423,"column":18},"end":{"line":423,"column":55}},"224":{"start":{"line":424,"column":23},"end":{"line":424,"column":42}},"225":{"start":{"line":425,"column":20},"end":{"line":425,"column":49}},"226":{"start":{"line":427,"column":4},"end":{"line":445,"column":5}},"227":{"start":{"line":428,"column":19},"end":{"line":438,"column":8}},"228":{"start":{"line":440,"column":6},"end":{"line":440,"column":25}},"229":{"start":{"line":441,"column":6},"end":{"line":441,"column":65}},"230":{"start":{"line":442,"column":6},"end":{"line":442,"column":22}},"231":{"start":{"line":444,"column":6},"end":{"line":444,"column":82}},"232":{"start":{"line":449,"column":2},"end":{"line":463,"column":5}},"233":{"start":{"line":450,"column":4},"end":{"line":450,"column":23}},"234":{"start":{"line":451,"column":4},"end":{"line":451,"column":33}},"235":{"start":{"line":452,"column":4},"end":{"line":452,"column":33}},"236":{"start":{"line":454,"column":18},"end":{"line":454,"column":78}},"237":{"start":{"line":455,"column":4},"end":{"line":455,"column":48}},"238":{"start":{"line":455,"column":41},"end":{"line":455,"column":48}},"239":{"start":{"line":457,"column":4},"end":{"line":462,"column":5}},"240":{"start":{"line":458,"column":19},"end":{"line":458,"column":72}},"241":{"start":{"line":459,"column":6},"end":{"line":459,"column":81}},"242":{"start":{"line":461,"column":6},"end":{"line":461,"column":85}},"243":{"start":{"line":466,"column":21},"end":{"line":466,"column":58}},"244":{"start":{"line":467,"column":2},"end":{"line":470,"column":5}},"245":{"start":{"line":468,"column":4},"end":{"line":468,"column":23}},"246":{"start":{"line":469,"column":4},"end":{"line":469,"column":71}}},"fnMap":{"0":{"name":"(anonymous_0)","decl":{"start":{"line":2,"column":1},"end":{"line":2,"column":2}},"loc":{"start":{"line":2,"column":7},"end":{"line":471,"column":1}},"line":2},"1":{"name":"setTab","decl":{"start":{"line":13,"column":11},"end":{"line":13,"column":17}},"loc":{"start":{"line":13,"column":24},"end":{"line":22,"column":3}},"line":13},"2":{"name":"(anonymous_2)","decl":{"start":{"line":14,"column":17},"end":{"line":14,"column":18}},"loc":{"start":{"line":14,"column":24},"end":{"line":18,"column":5}},"line":14},"3":{"name":"(anonymous_3)","decl":{"start":{"line":19,"column":19},"end":{"line":19,"column":20}},"loc":{"start":{"line":19,"column":26},"end":{"line":21,"column":5}},"line":19},"4":{"name":"(anonymous_4)","decl":{"start":{"line":24,"column":15},"end":{"line":24,"column":16}},"loc":{"start":{"line":24,"column":22},"end":{"line":26,"column":3}},"line":24},"5":{"name":"(anonymous_5)","decl":{"start":{"line":25,"column":32},"end":{"line":25,"column":33}},"loc":{"start":{"line":25,"column":38},"end":{"line":25,"column":59}},"line":25},"6":{"name":"(anonymous_6)","decl":{"start":{"line":28,"column":53},"end":{"line":28,"column":54}},"loc":{"start":{"line":28,"column":62},"end":{"line":30,"column":3}},"line":28},"7":{"name":"(anonymous_7)","decl":{"start":{"line":29,"column":34},"end":{"line":29,"column":35}},"loc":{"start":{"line":29,"column":40},"end":{"line":29,"column":66}},"line":29},"8":{"name":"setAlert","decl":{"start":{"line":49,"column":11},"end":{"line":49,"column":19}},"loc":{"start":{"line":49,"column":35},"end":{"line":57,"column":3}},"line":49},"9":{"name":"setHint","decl":{"start":{"line":64,"column":11},"end":{"line":64,"column":18}},"loc":{"start":{"line":64,"column":33},"end":{"line":69,"column":3}},"line":64},"10":{"name":"storeSession","decl":{"start":{"line":75,"column":11},"end":{"line":75,"column":23}},"loc":{"start":{"line":75,"column":30},"end":{"line":82,"column":3}},"line":75},"11":{"name":"normalizeRole","decl":{"start":{"line":89,"column":11},"end":{"line":89,"column":24}},"loc":{"start":{"line":89,"column":31},"end":{"line":93,"column":3}},"line":89},"12":{"name":"decodeJwtPayload","decl":{"start":{"line":100,"column":11},"end":{"line":100,"column":27}},"loc":{"start":{"line":100,"column":35},"end":{"line":117,"column":3}},"line":100},"13":{"name":"(anonymous_13)","decl":{"start":{"line":110,"column":15},"end":{"line":110,"column":16}},"loc":{"start":{"line":110,"column":22},"end":{"line":110,"column":75}},"line":110},"14":{"name":"redirectByRole","decl":{"start":{"line":123,"column":11},"end":{"line":123,"column":25}},"loc":{"start":{"line":123,"column":32},"end":{"line":135,"column":3}},"line":123},"15":{"name":"openResetPanel","decl":{"start":{"line":141,"column":11},"end":{"line":141,"column":25}},"loc":{"start":{"line":141,"column":33},"end":{"line":147,"column":3}},"line":141},"16":{"name":"clearHints","decl":{"start":{"line":153,"column":11},"end":{"line":153,"column":21}},"loc":{"start":{"line":153,"column":28},"end":{"line":158,"column":3}},"line":153},"17":{"name":"(anonymous_17)","decl":{"start":{"line":154,"column":43},"end":{"line":154,"column":44}},"loc":{"start":{"line":154,"column":50},"end":{"line":157,"column":5}},"line":154},"18":{"name":"normalizeSpaces","decl":{"start":{"line":165,"column":11},"end":{"line":165,"column":26}},"loc":{"start":{"line":165,"column":34},"end":{"line":167,"column":3}},"line":165},"19":{"name":"getValue","decl":{"start":{"line":174,"column":11},"end":{"line":174,"column":19}},"loc":{"start":{"line":174,"column":29},"end":{"line":178,"column":3}},"line":174},"20":{"name":"validators","decl":{"start":{"line":184,"column":11},"end":{"line":184,"column":21}},"loc":{"start":{"line":184,"column":24},"end":{"line":246,"column":3}},"line":184},"21":{"name":"(anonymous_21)","decl":{"start":{"line":186,"column":18},"end":{"line":186,"column":19}},"loc":{"start":{"line":186,"column":24},"end":{"line":191,"column":7}},"line":186},"22":{"name":"(anonymous_22)","decl":{"start":{"line":192,"column":21},"end":{"line":192,"column":22}},"loc":{"start":{"line":192,"column":27},"end":{"line":196,"column":7}},"line":192},"23":{"name":"(anonymous_23)","decl":{"start":{"line":197,"column":19},"end":{"line":197,"column":20}},"loc":{"start":{"line":197,"column":25},"end":{"line":203,"column":7}},"line":197},"24":{"name":"(anonymous_24)","decl":{"start":{"line":204,"column":16},"end":{"line":204,"column":17}},"loc":{"start":{"line":204,"column":22},"end":{"line":209,"column":7}},"line":204},"25":{"name":"(anonymous_25)","decl":{"start":{"line":210,"column":22},"end":{"line":210,"column":23}},"loc":{"start":{"line":210,"column":28},"end":{"line":217,"column":7}},"line":210},"26":{"name":"(anonymous_26)","decl":{"start":{"line":218,"column":15},"end":{"line":218,"column":16}},"loc":{"start":{"line":218,"column":21},"end":{"line":223,"column":7}},"line":218},"27":{"name":"(anonymous_27)","decl":{"start":{"line":224,"column":19},"end":{"line":224,"column":20}},"loc":{"start":{"line":224,"column":25},"end":{"line":231,"column":7}},"line":224},"28":{"name":"(anonymous_28)","decl":{"start":{"line":232,"column":20},"end":{"line":232,"column":21}},"loc":{"start":{"line":232,"column":26},"end":{"line":238,"column":7}},"line":232},"29":{"name":"(anonymous_29)","decl":{"start":{"line":239,"column":18},"end":{"line":239,"column":19}},"loc":{"start":{"line":239,"column":24},"end":{"line":244,"column":7}},"line":239},"30":{"name":"validateField","decl":{"start":{"line":253,"column":11},"end":{"line":253,"column":24}},"loc":{"start":{"line":253,"column":34},"end":{"line":259,"column":3}},"line":253},"31":{"name":"validateFields","decl":{"start":{"line":266,"column":11},"end":{"line":266,"column":25}},"loc":{"start":{"line":266,"column":36},"end":{"line":274,"column":3}},"line":266},"32":{"name":"(anonymous_32)","decl":{"start":{"line":268,"column":21},"end":{"line":268,"column":22}},"loc":{"start":{"line":268,"column":34},"end":{"line":272,"column":5}},"line":268},"33":{"name":"bindFieldValidation","decl":{"start":{"line":280,"column":11},"end":{"line":280,"column":30}},"loc":{"start":{"line":280,"column":41},"end":{"line":292,"column":3}},"line":280},"34":{"name":"(anonymous_34)","decl":{"start":{"line":281,"column":21},"end":{"line":281,"column":22}},"loc":{"start":{"line":281,"column":34},"end":{"line":291,"column":5}},"line":281},"35":{"name":"(anonymous_35)","decl":{"start":{"line":284,"column":34},"end":{"line":284,"column":35}},"loc":{"start":{"line":284,"column":40},"end":{"line":284,"column":62}},"line":284},"36":{"name":"(anonymous_36)","decl":{"start":{"line":285,"column":35},"end":{"line":285,"column":36}},"loc":{"start":{"line":285,"column":41},"end":{"line":290,"column":7}},"line":285},"37":{"name":"apiPost","decl":{"start":{"line":300,"column":17},"end":{"line":300,"column":24}},"loc":{"start":{"line":300,"column":40},"end":{"line":318,"column":3}},"line":300},"38":{"name":"toggleDepartementField","decl":{"start":{"line":323,"column":11},"end":{"line":323,"column":33}},"loc":{"start":{"line":323,"column":36},"end":{"line":333,"column":3}},"line":323},"39":{"name":"(anonymous_39)","decl":{"start":{"line":352,"column":39},"end":{"line":352,"column":40}},"loc":{"start":{"line":352,"column":52},"end":{"line":405,"column":3}},"line":352},"40":{"name":"(anonymous_40)","decl":{"start":{"line":408,"column":42},"end":{"line":408,"column":43}},"loc":{"start":{"line":408,"column":55},"end":{"line":446,"column":3}},"line":408},"41":{"name":"(anonymous_41)","decl":{"start":{"line":449,"column":46},"end":{"line":449,"column":47}},"loc":{"start":{"line":449,"column":59},"end":{"line":463,"column":3}},"line":449},"42":{"name":"(anonymous_42)","decl":{"start":{"line":467,"column":39},"end":{"line":467,"column":40}},"loc":{"start":{"line":467,"column":46},"end":{"line":470,"column":3}},"line":467}},"branchMap":{"0":{"loc":{"start":{"line":17,"column":38},"end":{"line":17,"column":63}},"type":"cond-expr","locations":[{"start":{"line":17,"column":47},"end":{"line":17,"column":53}},{"start":{"line":17,"column":56},"end":{"line":17,"column":63}}],"line":17},"1":{"loc":{"start":{"line":50,"column":4},"end":{"line":54,"column":5}},"type":"if","locations":[{"start":{"line":50,"column":4},"end":{"line":54,"column":5}},{"start":{},"end":{}}],"line":50},"2":{"loc":{"start":{"line":55,"column":38},"end":{"line":55,"column":63}},"type":"cond-expr","locations":[{"start":{"line":55,"column":45},"end":{"line":55,"column":58}},{"start":{"line":55,"column":61},"end":{"line":55,"column":63}}],"line":55},"3":{"loc":{"start":{"line":66,"column":4},"end":{"line":66,"column":22}},"type":"if","locations":[{"start":{"line":66,"column":4},"end":{"line":66,"column":22}},{"start":{},"end":{}}],"line":66},"4":{"loc":{"start":{"line":67,"column":23},"end":{"line":67,"column":32}},"type":"binary-expr","locations":[{"start":{"line":67,"column":23},"end":{"line":67,"column":26}},{"start":{"line":67,"column":30},"end":{"line":67,"column":32}}],"line":67},"5":{"loc":{"start":{"line":76,"column":4},"end":{"line":78,"column":5}},"type":"if","locations":[{"start":{"line":76,"column":4},"end":{"line":78,"column":5}},{"start":{},"end":{}}],"line":76},"6":{"loc":{"start":{"line":76,"column":8},"end":{"line":76,"column":26}},"type":"binary-expr","locations":[{"start":{"line":76,"column":8},"end":{"line":76,"column":12}},{"start":{"line":76,"column":16},"end":{"line":76,"column":26}}],"line":76},"7":{"loc":{"start":{"line":79,"column":4},"end":{"line":81,"column":5}},"type":"if","locations":[{"start":{"line":79,"column":4},"end":{"line":81,"column":5}},{"start":{},"end":{}}],"line":79},"8":{"loc":{"start":{"line":79,"column":8},"end":{"line":79,"column":25}},"type":"binary-expr","locations":[{"start":{"line":79,"column":8},"end":{"line":79,"column":12}},{"start":{"line":79,"column":16},"end":{"line":79,"column":25}}],"line":79},"9":{"loc":{"start":{"line":90,"column":30},"end":{"line":90,"column":40}},"type":"binary-expr","locations":[{"start":{"line":90,"column":30},"end":{"line":90,"column":34}},{"start":{"line":90,"column":38},"end":{"line":90,"column":40}}],"line":90},"10":{"loc":{"start":{"line":91,"column":4},"end":{"line":91,"column":79}},"type":"if","locations":[{"start":{"line":91,"column":4},"end":{"line":91,"column":79}},{"start":{},"end":{}}],"line":91},"11":{"loc":{"start":{"line":91,"column":8},"end":{"line":91,"column":62}},"type":"binary-expr","locations":[{"start":{"line":91,"column":8},"end":{"line":91,"column":27}},{"start":{"line":91,"column":31},"end":{"line":91,"column":62}}],"line":91},"12":{"loc":{"start":{"line":101,"column":4},"end":{"line":101,"column":57}},"type":"if","locations":[{"start":{"line":101,"column":4},"end":{"line":101,"column":57}},{"start":{},"end":{}}],"line":101},"13":{"loc":{"start":{"line":101,"column":8},"end":{"line":101,"column":43}},"type":"binary-expr","locations":[{"start":{"line":101,"column":8},"end":{"line":101,"column":14}},{"start":{"line":101,"column":18},"end":{"line":101,"column":43}}],"line":101},"14":{"loc":{"start":{"line":103,"column":4},"end":{"line":103,"column":38}},"type":"if","locations":[{"start":{"line":103,"column":4},"end":{"line":103,"column":38}},{"start":{},"end":{}}],"line":103},"15":{"loc":{"start":{"line":132,"column":4},"end":{"line":134,"column":5}},"type":"if","locations":[{"start":{"line":132,"column":4},"end":{"line":134,"column":5}},{"start":{},"end":{}}],"line":132},"16":{"loc":{"start":{"line":144,"column":4},"end":{"line":146,"column":5}},"type":"if","locations":[{"start":{"line":144,"column":4},"end":{"line":146,"column":5}},{"start":{},"end":{}}],"line":144},"17":{"loc":{"start":{"line":144,"column":8},"end":{"line":144,"column":27}},"type":"binary-expr","locations":[{"start":{"line":144,"column":8},"end":{"line":144,"column":18}},{"start":{"line":144,"column":22},"end":{"line":144,"column":27}}],"line":144},"18":{"loc":{"start":{"line":176,"column":4},"end":{"line":176,"column":23}},"type":"if","locations":[{"start":{"line":176,"column":4},"end":{"line":176,"column":23}},{"start":{},"end":{}}],"line":176},"19":{"loc":{"start":{"line":177,"column":11},"end":{"line":177,"column":55}},"type":"cond-expr","locations":[{"start":{"line":177,"column":42},"end":{"line":177,"column":50}},{"start":{"line":177,"column":53},"end":{"line":177,"column":55}}],"line":177},"20":{"loc":{"start":{"line":188,"column":8},"end":{"line":188,"column":42}},"type":"if","locations":[{"start":{"line":188,"column":8},"end":{"line":188,"column":42}},{"start":{},"end":{}}],"line":188},"21":{"loc":{"start":{"line":189,"column":8},"end":{"line":189,"column":71}},"type":"if","locations":[{"start":{"line":189,"column":8},"end":{"line":189,"column":71}},{"start":{},"end":{}}],"line":189},"22":{"loc":{"start":{"line":194,"column":8},"end":{"line":194,"column":49}},"type":"if","locations":[{"start":{"line":194,"column":8},"end":{"line":194,"column":49}},{"start":{},"end":{}}],"line":194},"23":{"loc":{"start":{"line":199,"column":8},"end":{"line":199,"column":48}},"type":"if","locations":[{"start":{"line":199,"column":8},"end":{"line":199,"column":48}},{"start":{},"end":{}}],"line":199},"24":{"loc":{"start":{"line":200,"column":8},"end":{"line":200,"column":60}},"type":"if","locations":[{"start":{"line":200,"column":8},"end":{"line":200,"column":60}},{"start":{},"end":{}}],"line":200},"25":{"loc":{"start":{"line":201,"column":8},"end":{"line":201,"column":88}},"type":"if","locations":[{"start":{"line":201,"column":8},"end":{"line":201,"column":88}},{"start":{},"end":{}}],"line":201},"26":{"loc":{"start":{"line":206,"column":8},"end":{"line":206,"column":42}},"type":"if","locations":[{"start":{"line":206,"column":8},"end":{"line":206,"column":42}},{"start":{},"end":{}}],"line":206},"27":{"loc":{"start":{"line":207,"column":8},"end":{"line":207,"column":71}},"type":"if","locations":[{"start":{"line":207,"column":8},"end":{"line":207,"column":71}},{"start":{},"end":{}}],"line":207},"28":{"loc":{"start":{"line":212,"column":8},"end":{"line":212,"column":42}},"type":"if","locations":[{"start":{"line":212,"column":8},"end":{"line":212,"column":42}},{"start":{},"end":{}}],"line":212},"29":{"loc":{"start":{"line":214,"column":8},"end":{"line":214,"column":64}},"type":"if","locations":[{"start":{"line":214,"column":8},"end":{"line":214,"column":64}},{"start":{},"end":{}}],"line":214},"30":{"loc":{"start":{"line":215,"column":8},"end":{"line":215,"column":87}},"type":"if","locations":[{"start":{"line":215,"column":8},"end":{"line":215,"column":87}},{"start":{},"end":{}}],"line":215},"31":{"loc":{"start":{"line":220,"column":8},"end":{"line":220,"column":41}},"type":"if","locations":[{"start":{"line":220,"column":8},"end":{"line":220,"column":41}},{"start":{},"end":{}}],"line":220},"32":{"loc":{"start":{"line":221,"column":8},"end":{"line":221,"column":62}},"type":"if","locations":[{"start":{"line":221,"column":8},"end":{"line":221,"column":62}},{"start":{},"end":{}}],"line":221},"33":{"loc":{"start":{"line":226,"column":8},"end":{"line":226,"column":49}},"type":"if","locations":[{"start":{"line":226,"column":8},"end":{"line":226,"column":49}},{"start":{},"end":{}}],"line":226},"34":{"loc":{"start":{"line":227,"column":8},"end":{"line":229,"column":9}},"type":"if","locations":[{"start":{"line":227,"column":8},"end":{"line":229,"column":9}},{"start":{},"end":{}}],"line":227},"35":{"loc":{"start":{"line":235,"column":8},"end":{"line":235,"column":50}},"type":"if","locations":[{"start":{"line":235,"column":8},"end":{"line":235,"column":50}},{"start":{},"end":{}}],"line":235},"36":{"loc":{"start":{"line":236,"column":8},"end":{"line":236,"column":80}},"type":"if","locations":[{"start":{"line":236,"column":8},"end":{"line":236,"column":80}},{"start":{},"end":{}}],"line":236},"37":{"loc":{"start":{"line":241,"column":8},"end":{"line":241,"column":42}},"type":"if","locations":[{"start":{"line":241,"column":8},"end":{"line":241,"column":42}},{"start":{},"end":{}}],"line":241},"38":{"loc":{"start":{"line":242,"column":8},"end":{"line":242,"column":71}},"type":"if","locations":[{"start":{"line":242,"column":8},"end":{"line":242,"column":71}},{"start":{},"end":{}}],"line":242},"39":{"loc":{"start":{"line":255,"column":4},"end":{"line":255,"column":27}},"type":"if","locations":[{"start":{"line":255,"column":4},"end":{"line":255,"column":27}},{"start":{},"end":{}}],"line":255},"40":{"loc":{"start":{"line":269,"column":6},"end":{"line":271,"column":7}},"type":"if","locations":[{"start":{"line":269,"column":6},"end":{"line":271,"column":7}},{"start":{},"end":{}}],"line":269},"41":{"loc":{"start":{"line":283,"column":6},"end":{"line":283,"column":22}},"type":"if","locations":[{"start":{"line":283,"column":6},"end":{"line":283,"column":22}},{"start":{},"end":{}}],"line":283},"42":{"loc":{"start":{"line":287,"column":8},"end":{"line":289,"column":9}},"type":"if","locations":[{"start":{"line":287,"column":8},"end":{"line":289,"column":9}},{"start":{},"end":{}}],"line":287},"43":{"loc":{"start":{"line":287,"column":12},"end":{"line":287,"column":55}},"type":"binary-expr","locations":[{"start":{"line":287,"column":12},"end":{"line":287,"column":16}},{"start":{"line":287,"column":20},"end":{"line":287,"column":55}}],"line":287},"44":{"loc":{"start":{"line":309,"column":24},"end":{"line":309,"column":61}},"type":"binary-expr","locations":[{"start":{"line":309,"column":24},"end":{"line":309,"column":55}},{"start":{"line":309,"column":59},"end":{"line":309,"column":61}}],"line":309},"45":{"loc":{"start":{"line":310,"column":17},"end":{"line":310,"column":95}},"type":"cond-expr","locations":[{"start":{"line":310,"column":60},"end":{"line":310,"column":76}},{"start":{"line":310,"column":79},"end":{"line":310,"column":95}}],"line":310},"46":{"loc":{"start":{"line":312,"column":4},"end":{"line":315,"column":5}},"type":"if","locations":[{"start":{"line":312,"column":4},"end":{"line":315,"column":5}},{"start":{},"end":{}}],"line":312},"47":{"loc":{"start":{"line":313,"column":22},"end":{"line":313,"column":96}},"type":"cond-expr","locations":[{"start":{"line":313,"column":73},"end":{"line":313,"column":85}},{"start":{"line":313,"column":88},"end":{"line":313,"column":96}}],"line":313},"48":{"loc":{"start":{"line":313,"column":22},"end":{"line":313,"column":70}},"type":"binary-expr","locations":[{"start":{"line":313,"column":2
[...]
","decl":{"start":{"line":2,"column":1},"end":{"line":2,"column":2}},"loc":{"start":{"line":2,"column":7},"end":{"line":100,"column":1}},"line":2},"1":{"name":"setAlert","decl":{"start":{"line":14,"column":11},"end":{"line":14,"column":19}},"loc":{"start":{"line":14,"column":31},"end":{"line":22,"column":3}},"line":14},"2":{"name":"setHint","decl":{"start":{"line":29,"column":11},"end":{"line":29,"column":18}},"loc":{"start":{"line":29,"column":33},"end":{"line":34,"column":3}},"line":29},"3":{"name":"apiPost","decl":{"start":{"line":42,"column":17},"end":{"line":42,"column":24}},"loc":{"start":{"line":42,"column":40},"end":{"line":58,"column":3}},"line":42},"4":{"name":"(anonymous_4)","decl":{"start":{"line":63,"column":51},"end":{"line":63,"column":52}},"loc":{"start":{"line":63,"column":59},"end":{"line":65,"column":5}},"line":63},"5":{"name":"(anonymous_5)","decl":{"start":{"line":69,"column":34},"end":{"line":69,"column":35}},"loc":{"start":{"line":69,"column":47},"end":{"line":99,"column":3}},"line":69},"6":{"name":"(anonymous_6)","decl":{"start":{"line":95,"column":17},"end":{"line":95,"column":18}},"loc":{"start":{"line":95,"column":23},"end":{"line":95,"column":60}},"line":95}},"branchMap":{"0":{"loc":{"start":{"line":5,"column":16},"end":{"line":5,"column":41}},"type":"binary-expr","locations":[{"start":{"line":5,"column":16},"end":{"line":5,"column":35}},{"start":{"line":5,"column":39},"end":{"line":5,"column":41}}],"line":5},"1":{"loc":{"start":{"line":15,"column":4},"end":{"line":19,"column":5}},"type":"if","locations":[{"start":{"line":15,"column":4},"end":{"line":19,"column":5}},{"start":{},"end":{}}],"line":15},"2":{"loc":{"start":{"line":20,"column":43},"end":{"line":20,"column":68}},"type":"cond-expr","locations":[{"start":{"line":20,"column":50},"end":{"line":20,"column":63}},{"start":{"line":20,"column":66},"end":{"line":20,"column":68}}],"line":20},"3":{"loc":{"start":{"line":31,"column":4},"end":{"line":31,"column":22}},"type":"if","locations":[{"start":{"line":31,"column":4},"end":{"line":31,"column":22}},{"start":{},"end":{}}],"line":31},"4":{"loc":{"start":{"line":32,"column":23},"end":{"line":32,"column":32}},"type":"binary-expr","locations":[{"start":{"line":32,"column":23},"end":{"line":32,"column":26}},{"start":{"line":32,"column":30},"end":{"line":32,"column":32}}],"line":32},"5":{"loc":{"start":{"line":49,"column":24},"end":{"line":49,"column":61}},"type":"binary-expr","locations":[{"start":{"line":49,"column":24},"end":{"line":49,"column":55}},{"start":{"line":49,"column":59},"end":{"line":49,"column":61}}],"line":49},"6":{"loc":{"start":{"line":50,"column":17},"end":{"line":50,"column":95}},"type":"cond-expr","locations":[{"start":{"line":50,"column":60},"end":{"line":50,"column":76}},{"start":{"line":50,"column":79},"end":{"line":50,"column":95}}],"line":50},"7":{"loc":{"start":{"line":52,"column":4},"end":{"line":55,"column":5}},"type":"if","locations":[{"start":{"line":52,"column":4},"end":{"line":55,"column":5}},{"start":{},"end":{}}],"line":52},"8":{"loc":{"start":{"line":53,"column":22},"end":{"line":53,"column":96}},"type":"cond-expr","locations":[{"start":{"line":53,"column":73},"end":{"line":53,"column":85}},{"start":{"line":53,"column":88},"end":{"line":53,"column":96}}],"line":53},"9":{"loc":{"start":{"line":53,"column":22},"end":{"line":53,"column":70}},"type":"binary-expr","locations":[{"start":{"line":53,"column":22},"end":{"line":53,"column":46}},{"start":{"line":53,"column":50},"end":{"line":53,"column":54}},{"start":{"line":53,"column":58},"end":{"line":53,"column":70}}],"line":53},"10":{"loc":{"start":{"line":61,"column":2},"end":{"line":67,"column":3}},"type":"if","locations":[{"start":{"line":61,"column":2},"end":{"line":67,"column":3}},{"start":{},"end":{}}],"line":61},"11":{"loc":{"start":{"line":78,"column":4},"end":{"line":81,"column":5}},"type":"if","locations":[{"start":{"line":78,"column":4},"end":{"line":81,"column":5}},{"start":{},"end":{}}],"line":78},"12":{"loc":{"start":{"line":82,"column":4},"end":{"line":85,"column":5}},"type":"if","locations":[{"start":{"line":82,"column":4},"end":{"line":85,"column":5}},{"start":{},"end":{}}],"line":82},"13":{"loc":{"start":{"line":86,"column":4},"end":{"line":89,"column":5}},"type":"if","locations":[{"start":{"line":86,"column":4},"end":{"line":89,"column":5}},{"start":{},"end":{}}],"line":86},"14":{"loc":{"start":{"line":94,"column":15},"end":{"line":94,"column":58}},"type":"binary-expr","locations":[{"start":{"line":94,"column":15},"end":{"line":94,"column":28}},{"start":{"line":94,"column":32},"end":{"line":94,"column":58}}],"line":94},"15":{"loc":{"start":{"line":97,"column":15},"end":{"line":97,"column":61}},"type":"binary-expr","locations":[{"start":{"line":97,"column":15},"end":{"line":97,"column":27}},{"start":{"line":97,"column":31},"end":{"line":97,"column":61}}],"line":97}},"s":{"0":0,"1":0,"2":0,"3":0,"4":0,"5":0,"6":0,"7":0,"8":0,"9":0,"10":0,"11":0,"12":0,"13":0,"14":0,"15":0,"16":0,"17":0,"18":0,"19":0,"20":0,"21":0,"22":0,"23":0,"24":0,"25":0,"26":0,"27":0,"28":0,"29":0,"30":0,"31":0,"32":0,"33":0,"34":0,"35":0,"36":0,"37":0,"38":0,"39":0,"40":0,"41":0,"42":0,"43":0,"44":0,"45":0,"46":0,"47":0,"48":0,"49":0,"50":0},"f":{"0":0,"1":0,"2":0,"3":0,"4":0,"5":0,"6":0},"b":{"0":[0,0],"1":[0,0],"2":[0,0],"3":[0,0],"4":[0,0],"5":[0,0],"6":[0,0],"7":[0,0],"8":[0,0],"9":[0,0,0],"10":[0,0],"11":[0,0],"12":[0,0],"13":[0,0],"14":[0,0],"15":[0,0]}}
,"/Users/amir/Desktop/Projet-BD-PHP-Web/public/assets/js/statistiques.js": {"path":"/Users/amir/Desktop/Projet-BD-PHP-Web/public/assets/js/statistiques.js","statementMap":{"0":{"start":{"line":6,"column":16},"end":{"line":6,"column":51}},"1":{"start":{"line":8,"column":22},"end":{"line":8,"column":26}},"2":{"start":{"line":11,"column":19},"end":{"line":11,"column":53}},"3":{"start":{"line":12,"column":19},"end":{"line":12,"column":53}},"4":{"start":{"line":13,"column":19},"end":{"line":13,"column":52}},"5":{"start":{"line":14,"column":20},"end":{"line":14,"column":57}},"6":{"start":{"line":15,"column":20},"end":{"line":15,"column":57}},"7":{"start":{"line":22,"column":16},"end":{"line":22,"column":26}},"8":{"start":{"line":23,"column":18},"end":{"line":23,"column":85}},"9":{"start":{"line":24,"column":4},"end":{"line":26,"column":5}},"10":{"start":{"line":25,"column":8},"end":{"line":25,"column":81}},"11":{"start":{"line":35,"column":4},"end":{"line":35,"column":88}},"12":{"start":{"line":36,"column":4},"end":{"line":36,"column":95}},"13":{"start":{"line":37,"column":4},"end":{"line":37,"column":86}},"14":{"start":{"line":38,"column":4},"end":{"line":38,"column":89}},"15":{"start":{"line":47,"column":15},"end":{"line":47,"column":53}},"16":{"start":{"line":48,"column":4},"end":{"line":48,"column":22}},"17":{"start":{"line":50,"column":4},"end":{"line":53,"column":5}},"18":{"start":{"line":51,"column":8},"end":{"line":51,"column":95}},"19":{"start":{"line":52,"column":8},"end":{"line":52,"column":15}},"20":{"start":{"line":55,"column":16},"end":{"line":55,"column":79}},"21":{"start":{"line":55,"column":45},"end":{"line":55,"column":72}},"22":{"start":{"line":57,"column":4},"end":{"line":74,"column":7}},"23":{"start":{"line":58,"column":20},"end":{"line":58,"column":76}},"24":{"start":{"line":59,"column":21},"end":{"line":59,"column":50}},"25":{"start":{"line":60,"column":8},"end":{"line":60,"column":36}},"26":{"start":{"line":61,"column":8},"end":{"line":72,"column":10}},"27":{"start":{"line":73,"column":8},"end":{"line":73,"column":29}},"28":{"start":{"line":83,"column":15},"end":{"line":83,"column":54}},"29":{"start":{"line":84,"column":4},"end":{"line":84,"column":22}},"30":{"start":{"line":86,"column":4},"end":{"line":89,"column":5}},"31":{"start":{"line":87,"column":8},"end":{"line":87,"column":95}},"32":{"start":{"line":88,"column":8},"end":{"line":88,"column":15}},"33":{"start":{"line":91,"column":4},"end":{"line":106,"column":7}},"34":{"start":{"line":92,"column":21},"end":{"line":92,"column":50}},"35":{"start":{"line":93,"column":8},"end":{"line":93,"column":38}},"36":{"start":{"line":94,"column":8},"end":{"line":104,"column":10}},"37":{"start":{"line":105,"column":8},"end":{"line":105,"column":29}},"38":{"start":{"line":116,"column":19},"end":{"line":116,"column":62}},"39":{"start":{"line":118,"column":4},"end":{"line":121,"column":5}},"40":{"start":{"line":119,"column":8},"end":{"line":119,"column":34}},"41":{"start":{"line":120,"column":8},"end":{"line":120,"column":31}},"42":{"start":{"line":123,"column":4},"end":{"line":127,"column":5}},"43":{"start":{"line":124,"column":24},"end":{"line":124,"column":44}},"44":{"start":{"line":125,"column":8},"end":{"line":125,"column":113}},"45":{"start":{"line":126,"column":8},"end":{"line":126,"column":15}},"46":{"start":{"line":129,"column":20},"end":{"line":129,"column":74}},"47":{"start":{"line":129,"column":45},"end":{"line":129,"column":73}},"48":{"start":{"line":130,"column":20},"end":{"line":130,"column":82}},"49":{"start":{"line":130,"column":45},"end":{"line":130,"column":81}},"50":{"start":{"line":131,"column":20},"end":{"line":131,"column":85}},"51":{"start":{"line":131,"column":45},"end":{"line":131,"column":84}},"52":{"start":{"line":132,"column":20},"end":{"line":132,"column":96}},"53":{"start":{"line":132,"column":42},"end":{"line":132,"column":95}},"54":{"start":{"line":134,"column":4},"end":{"line":189,"column":7}},"55":{"start":{"line":157,"column":38},"end":{"line":157,"column":51}},"56":{"start":{"line":158,"column":28},"end":{"line":158,"column":104}},"57":{"start":{"line":175,"column":41},"end":{"line":175,"column":48}},"58":{"start":{"line":198,"column":4},"end":{"line":198,"column":38}},"59":{"start":{"line":199,"column":4},"end":{"line":199,"column":38}},"60":{"start":{"line":200,"column":4},"end":{"line":200,"column":40}},"61":{"start":{"line":201,"column":4},"end":{"line":201,"column":34}},"62":{"start":{"line":211,"column":4},"end":{"line":231,"column":5}},"63":{"start":{"line":212,"column":20},"end":{"line":212,"column":40}},"64":{"start":{"line":213,"column":8},"end":{"line":213,"column":66}},"65":{"start":{"line":213,"column":21},"end":{"line":213,"column":66}},"66":{"start":{"line":215,"column":21},"end":{"line":215,"column":37}},"67":{"start":{"line":216,"column":8},"end":{"line":216,"column":88}},"68":{"start":{"line":216,"column":39},"end":{"line":216,"column":88}},"69":{"start":{"line":218,"column":68},"end":{"line":218,"column":77}},"70":{"start":{"line":220,"column":8},"end":{"line":220,"column":30}},"71":{"start":{"line":221,"column":8},"end":{"line":221,"column":35}},"72":{"start":{"line":222,"column":8},"end":{"line":222,"column":34}},"73":{"start":{"line":223,"column":8},"end":{"line":223,"column":45}},"74":{"start":{"line":225,"column":8},"end":{"line":225,"column":42}},"75":{"start":{"line":226,"column":8},"end":{"line":226,"column":45}},"76":{"start":{"line":229,"column":8},"end":{"line":229,"column":82}},"77":{"start":{"line":230,"column":8},"end":{"line":230,"column":45}},"78":{"start":{"line":235,"column":0},"end":{"line":235,"column":15}},"79":{"start":{"line":236,"column":0},"end":{"line":236,"column":15}}},"fnMap":{"0":{"name":"afficherMois","decl":{"start":{"line":21,"column":9},"end":{"line":21,"column":21}},"loc":{"start":{"line":21,"column":24},"end":{"line":27,"column":1}},"line":21},"1":{"name":"remplirKpis","decl":{"start":{"line":34,"column":9},"end":{"line":34,"column":20}},"loc":{"start":{"line":34,"column":31},"end":{"line":39,"column":1}},"line":34},"2":{"name":"afficherBarChart","decl":{"start":{"line":46,"column":9},"end":{"line":46,"column":25}},"loc":{"start":{"line":46,"column":35},"end":{"line":75,"column":1}},"line":46},"3":{"name":"(anonymous_3)","decl":{"start":{"line":55,"column":40},"end":{"line":55,"column":41}},"loc":{"start":{"line":55,"column":45},"end":{"line":55,"column":72}},"line":55},"4":{"name":"(anonymous_4)","decl":{"start":{"line":57,"column":20},"end":{"line":57,"column":21}},"loc":{"start":{"line":57,"column":28},"end":{"line":74,"column":5}},"line":57},"5":{"name":"afficherThemes","decl":{"start":{"line":82,"column":9},"end":{"line":82,"column":23}},"loc":{"start":{"line":82,"column":34},"end":{"line":107,"column":1}},"line":82},"6":{"name":"(anonymous_6)","decl":{"start":{"line":91,"column":21},"end":{"line":91,"column":22}},"loc":{"start":{"line":91,"column":39},"end":{"line":106,"column":5}},"line":91},"7":{"name":"afficherValidation","decl":{"start":{"line":115,"column":9},"end":{"line":115,"column":27}},"loc":{"start":{"line":115,"column":45},"end":{"line":190,"column":1}},"line":115},"8":{"name":"(anonymous_8)","decl":{"start":{"line":129,"column":40},"end":{"line":129,"column":41}},"loc":{"start":{"line":129,"column":45},"end":{"line":129,"column":73}},"line":129},"9":{"name":"(anonymous_9)","decl":{"start":{"line":130,"column":40},"end":{"line":130,"column":41}},"loc":{"start":{"line":130,"column":45},"end":{"line":130,"column":81}},"line":130},"10":{"name":"(anonymous_10)","decl":{"start":{"line":131,"column":40},"end":{"line":131,"column":41}},"loc":{"start":{"line":131,"column":45},"end":{"line":131,"column":84}},"line":131},"11":{"name":"(anonymous_11)","decl":{"start":{"line":132,"column":32},"end":{"line":132,"column":33}},"loc":{"start":{"line":132,"column":42},"end":{"line":132,"column":95}},"line":132},"12":{"name":"(anonymous_12)","decl":{"start":{"line":156,"column":31},"end":{"line":156,"column":32}},"loc":{"start":{"line":156,"column":40},"end":{"line":159,"column":25}},"line":156},"13":{"name":"(anonymous_13)","decl":{"start":{"line":175,"column":34},"end":{"line":175,"column":35}},"loc":{"start":{"line":175,"column":41},"end":{"line":175,"column":48}},"line":175},"14":{"name":"afficherErreur","decl":{"start":{"line":197,"column":9},"end":{"line":197,"column":23}},"loc":{"start":{"line":197,"column":29},"end":{"line":202,"column":1}},"line":197},"15":{"name":"chargerStats","decl":{"start":{"line":210,"column":15},"end":{"line":210,"column":27}},"loc":{"start":{"line":210,"column":30},"end":{"line":232,"column":1}},"line":210}},"branchMap":{"0":{"loc":{"start":{"line":24,"column":4},"end":{"line":26,"column":5}},"type":"if","locations":[{"start":{"line":24,"column":4},"end":{"line":26,"column":5}},{"start":{},"end":{}}],"line":24},"1":{"loc":{"start":{"line":35,"column":62},"end":{"line":35,"column":87}},"type":"binary-expr","locations":[{"start":{"line":35,"column":62},"end":{"line":35,"column":82}},{"start":{"line":35,"column":86},"end":{"line":35,"column":87}}],"line":35},"2":{"loc":{"start":{"line":36,"column":62},"end":{"line":36,"column":94}},"type":"binary-expr","locations":[{"start":{"line":36,"column":62},"end":{"line":36,"column":89}},{"start":{"line":36,"column":93},"end":{"line":36,"column":94}}],"line":36},"3":{"loc":{"start":{"line":37,"column":62},"end":{"line":37,"column":85}},"type":"binary-expr","locations":[{"start":{"line":37,"column":62},"end":{"line":37,"column":80}},{"start":{"line":37,"column":84},"end":{"line":37,"column":85}}],"line":37},"4":{"loc":{"start":{"line":38,"column":62},"end":{"line":38,"column":88}},"type":"binary-expr","locations":[{"start":{"line":38,"column":62},"end":{"line":38,"column":83}},{"start":{"line":38,"column":87},"end":{"line":38,"column":88}}],"line":38},"5":{"loc":{"start":{"line":50,"column":4},"end":{"line":53,"column":5}},"type":"if","locations":[{"start":{"line":50,"column":4},"end":{"line":53,"column":5}},{"start":{},"end":{}}],"line":50},"6":{"loc":{"start":{"line":50,"column":8},"end":{"line":50,"column":40}},"type":"binary-expr","locations":[{"start":{"line":50,"column":8},"end":{"line":50,"column":16}},{"start":{"line":50,"column":20},"end":{"line":50,"column":40}}],"line":50},"7":{"loc":{"start":{"line":55,"column":16},"end":{"line":55,"column":79}},"type":"binary-expr","locations":[{"start":{"line":55,"column":16},"end":{"line":55,"column":74}},{"start":{"line":55,"column":78},"end":{"line":55,"column":79}}],"line":55},"8":{"loc":{"start":{"line":86,"column":4},"end":{"line":89,"column":5}},"type":"if","locations":[{"start":{"line":86,"column":4},"end":{"line":89,"column":5}},{"start":{},"end":{}}],"line":86},"9":{"loc":{"start":{"line":86,"column":8},"end":{"line":86,"column":42}},"type":"binary-expr","locations":[{"start":{"line":86,"column":8},"end":{"line":86,"column":17}},{"start":{"line":86,"column":21},"end":{"line":86,"column":42}}],"line":86},"10":{"loc":{"start":{"line":103,"column":37},"end":{"line":103,"column":61}},"type":"cond-expr","locations":[{"start":{"line":103,"column":51},"end":{"line":103,"column":56}},{"start":{"line":103,"column":59},"end":{"line":103,"column":61}}],"line":103},"11":{"loc":{"start":{"line":118,"column":4},"end":{"line":121,"column":5}},"type":"if","locations":[{"start":{"line":118,"column":4},"end":{"line":121,"column":5}},{"start":{},"end":{}}],"line":118},"12":{"loc":{"start":{"line":123,"column":4},"end":{"line":127,"column":5}},"type":"if","locations":[{"start":{"line":123,"column":4},"end":{"line":127,"column":5}},{"start":{},"end":{}}],"line":123},"13":{"loc":{"start":{"line":123,"column":8},"end":{"line":123,"column":56}},"type":"binary-expr","locations":[{"start":{"line":123,"column":8},"end":{"line":123,"column":24}},{"start":{"line":123,"column":28},"end":{"line":123,"column":56}}],"line":123},"14":{"loc":{"start":{"line":129,"column":45},"end":{"line":129,"column":73}},"type":"binary-expr","locations":[{"start":{"line":129,"column":45},"end":{"line":129,"column":54}},{"start":{"line":129,"column":58},"end":{"line":129,"column":67}},{"start":{"line":129,"column":71},"end":{"line":129,"column":73}}],"line":129},"15":{"loc":{"start":{"line":130,"column":45},"end":{"line":130,"column":81}},"type":"binary-expr","locations":[{"start":{"line":130,"column":45},"end":{"line":130,"column":76}},{"start":{"line":130,"column":80},"end":{"line":130,"column":81}}],"line":130},"16":{"loc":{"start":{"line":131,"column":45},"end":{"line":131,"column":84}},"type":"binary-expr","locations":[{"start":{"line":131,"column":45},"end":{"line":131,"column":79}},{"start":{"line":131,"column":83},"end":{"line":131,"column":84}}],"line":131},"17":{"loc":{"start":{"line":132,"column":42},"end":{"line":132,"column":95}},"type":"cond-expr","locations":[{"start":{"line":132,"column":58},"end":{"line":132,"column":91}},{"start":{"line":132,"column":94},"end":{"line":132,"column":95}}],"line":132},"18":{"loc":{"start":{"line":213,"column":8},"end":{"line":213,"column":66}},"type":"if","locations":[{"start":{"line":213,"column":8},"end":{"line":213,"column":66}},{"start":{},"end":{}}],"line":213},"19":{"loc":{"start":{"line":216,"column":8},"end":{"line":216,"column":88}},"type":"if","locations":[{"start":{"line":216,"column":8},"end":{"line":216,"column":88}},{"start":{},"end":{}}],"line":216},"20":{"loc":{"start":{"line":216,"column":55},"end":{"line":216,"column":86}},"type":"binary-expr","locations":[{"start":{"line":216,"column":55},"end":{"line":216,"column":65}},{"start":{"line":216,"column":69},"end":{"line":216,"column":86}}],"line":216}},"s":{"0":0,"1":0,"2":0,"3":0,"4":0,"5":0,"6":0,"7":0,"8":0,"9":0,"10":0,"11":0,"12":0,"13":0,"14":0,"15":0,"16":0,"17":0,"18":0,"19":0,"20":0,"21":0,"22":0,"23":0,"24":0,"25":0,"26":0,"27":0,"28":0,"29":0,"30":0,"31":0,"32":0,"33":0,"34":0,"35":0,"36":0,"37":0,"38":0,"39":0,"40":0,"41":0,"42":0,"43":0,"44":0,"45":0,"46":0,"47":0,"48":0,"49":0,"50":0,"51":0,"52":0,"53":0,"54":0,"55":0,"56":0,"57":0,"58":0,"59":0,"60":0,"61":0,"62":0,"63":0,"64":0,"65":0,"66":0,"67":0,"68":0,"69":0,"70":0,"71":0,"72":0,"73":0,"74":0,"75":0,"76":0,"77":0,"78":0,"79":0},"f":{"0":0,"1":0,"2":0,"3":0,"4":0,"5":0,"6":0,"7":0,"8":0,"9":0,"10":0,"11":0,"12":0,"13":0,"14":0,"15":0},"b":{"0":[0,0],"1":[0,0],"2":[0,0],"3":[0,0],"4":[0,0],"5":[0,0],"6":[0,0],"7":[0,0],"8":[0,0],"9":[0,0],"10":[0,0],"11":[0,0],"12":[0,0],"13":[0,0],"14":[0,0,0],"15":[0,0],"16":[0,0],"17":[0,0],"18":[0,0],"19":[0,0],"20":[0,0]}}
}
