TN:
SF:public/assets/js/2fa.js
FN:2,(anonymous_0)
FN:20,fetchStatus
FN:46,updateUI
FN:56,(anonymous_3)
FN:113,(anonymous_4)
FN:117,(anonymous_5)
FNF:6
FNH:0
FNDA:0,(anonymous_0)
FNDA:0,fetchStatus
FNDA:0,updateUI
FNDA:0,(anonymous_3)
FNDA:0,(anonymous_4)
FNDA:0,(anonymous_5)
DA:2,0
DA:3,0
DA:4,0
DA:6,0
DA:7,0
DA:8,0
DA:9,0
DA:10,0
DA:11,0
DA:12,0
DA:14,0
DA:21,0
DA:22,0
DA:23,0
DA:25,0
DA:34,0
DA:35,0
DA:36,0
DA:37,0
DA:39,0
DA:47,0
DA:48,0
DA:49,0
DA:50,0
DA:51,0
DA:52,0
DA:53,0
DA:56,0
DA:57,0
DA:58,0
DA:59,0
DA:61,0
DA:63,0
DA:64,0
DA:66,0
DA:74,0
DA:75,0
DA:76,0
DA:77,0
DA:78,0
DA:80,0
DA:81,0
DA:85,0
DA:86,0
DA:88,0
DA:97,0
DA:98,0
DA:100,0
DA:101,0
DA:102,0
DA:103,0
DA:105,0
DA:106,0
DA:108,0
DA:113,0
DA:114,0
DA:117,0
DA:118,0
DA:119,0
DA:120,0
DA:121,0
DA:122,0
DA:125,0
DA:126,0
DA:127,0
DA:129,0
DA:138,0
DA:139,0
DA:141,0
DA:142,0
DA:143,0
DA:144,0
DA:146,0
DA:147,0
DA:149,0
DA:153,0
LF:76
LH:0
BRDA:4,0,0,0
BRDA:4,0,1,0
BRDA:23,1,0,0
BRDA:23,1,1,0
BRDA:34,2,0,0
BRDA:34,2,1,0
BRDA:47,3,0,0
BRDA:47,3,1,0
BRDA:48,4,0,0
BRDA:48,4,1,0
BRDA:49,5,0,0
BRDA:49,5,1,0
BRDA:58,6,0,0
BRDA:58,6,1,0
BRDA:61,7,0,0
BRDA:61,7,1,0
BRDA:63,8,0,0
BRDA:63,8,1,0
BRDA:74,9,0,0
BRDA:74,9,1,0
BRDA:98,10,0,0
BRDA:98,10,1,0
BRDA:98,11,0,0
BRDA:98,11,1,0
BRDA:105,12,0,0
BRDA:105,12,1,0
BRDA:119,13,0,0
BRDA:119,13,1,0
BRDA:139,14,0,0
BRDA:139,14,1,0
BRDA:139,15,0,0
BRDA:139,15,1,0
BRDA:146,16,0,0
BRDA:146,16,1,0
BRF:34
BRH:0
end_of_record
TN:
SF:public/assets/js/app-shell.js
FN:2,(anonymous_0)
FN:11,ensureDialogStyles
FN:133,ensureDialogRefs
FN:170,(anonymous_3)
FN:180,(anonymous_4)
FN:188,(anonymous_5)
FN:202,(anonymous_6)
FN:221,finalizeDialog
FN:244,openDialog
FN:278,(anonymous_9)
FN:282,(anonymous_10)
FN:288,(anonymous_11)
FN:291,(anonymous_12)
FN:296,(anonymous_13)
FN:307,(anonymous_14)
FN:348,(anonymous_15)
FN:352,(anonymous_16)
FN:356,(anonymous_17)
FN:360,(anonymous_18)
FN:361,(anonymous_19)
FN:378,ensureClickSpark
FN:392,(anonymous_21)
FNF:22
FNH:0
FNDA:0,(anonymous_0)
FNDA:0,ensureDialogStyles
FNDA:0,ensureDialogRefs
FNDA:0,(anonymous_3)
FNDA:0,(anonymous_4)
FNDA:0,(anonymous_5)
FNDA:0,(anonymous_6)
FNDA:0,finalizeDialog
FNDA:0,openDialog
FNDA:0,(anonymous_9)
FNDA:0,(anonymous_10)
FNDA:0,(anonymous_11)
FNDA:0,(anonymous_12)
FNDA:0,(anonymous_13)
FNDA:0,(anonymous_14)
FNDA:0,(anonymous_15)
FNDA:0,(anonymous_16)
FNDA:0,(anonymous_17)
FNDA:0,(anonymous_18)
FNDA:0,(anonymous_19)
FNDA:0,ensureClickSpark
FNDA:0,(anonymous_21)
DA:2,0
DA:3,0
DA:12,0
DA:13,0
DA:16,0
DA:17,0
DA:18,0
DA:126,0
DA:134,0
DA:135,0
DA:138,0
DA:140,0
DA:141,0
DA:142,0
DA:143,0
DA:144,0
DA:158,0
DA:160,0
DA:170,0
DA:171,0
DA:172,0
DA:175,0
DA:176,0
DA:180,0
DA:181,0
DA:182,0
DA:186,0
DA:188,0
DA:189,0
DA:190,0
DA:193,0
DA:194,0
DA:195,0
DA:198,0
DA:202,0
DA:203,0
DA:204,0
DA:207,0
DA:208,0
DA:209,0
DA:213,0
DA:214,0
DA:222,0
DA:223,0
DA:226,0
DA:227,0
DA:229,0
DA:230,0
DA:231,0
DA:232,0
DA:233,0
DA:235,0
DA:245,0
DA:247,0
DA:248,0
DA:249,0
DA:252,0
DA:253,0
DA:254,0
DA:255,0
DA:256,0
DA:258,0
DA:259,0
DA:260,0
DA:261,0
DA:264,0
DA:265,0
DA:266,0
DA:267,0
DA:268,0
DA:270,0
DA:271,0
DA:272,0
DA:275,0
DA:277,0
DA:278,0
DA:279,0
DA:282,0
DA:283,0
DA:287,0
DA:289,0
DA:292,0
DA:296,0
DA:297,0
DA:298,0
DA:301,0
DA:307,0
DA:308,0
DA:309,0
DA:312,0
DA:319,0
DA:320,0
DA:321,0
DA:323,0
DA:324,0
DA:325,0
DA:327,0
DA:330,0
DA:332,0
DA:333,0
DA:334,0
DA:337,0
DA:338,0
DA:344,0
DA:345,0
DA:348,0
DA:349,0
DA:352,0
DA:353,0
DA:356,0
DA:357,0
DA:360,0
DA:361,0
DA:362,0
DA:363,0
DA:364,0
DA:368,0
DA:369,0
DA:370,0
DA:379,0
DA:380,0
DA:381,0
DA:384,0
DA:385,0
DA:388,0
DA:389,0
DA:390,0
DA:391,0
DA:392,0
DA:393,0
DA:395,0
DA:398,0
LF:132
LH:0
BRDA:12,0,0,0
BRDA:12,0,1,0
BRDA:134,1,0,0
BRDA:134,1,1,0
BRDA:171,2,0,0
BRDA:171,2,1,0
BRDA:175,3,0,0
BRDA:175,3,1,0
BRDA:181,4,0,0
BRDA:181,4,1,0
BRDA:189,5,0,0
BRDA:189,5,1,0
BRDA:193,6,0,0
BRDA:193,6,1,0
BRDA:194,7,0,0
BRDA:194,7,1,0
BRDA:203,8,0,0
BRDA:203,8,1,0
BRDA:203,9,0,0
BRDA:203,9,1,0
BRDA:207,10,0,0
BRDA:207,10,1,0
BRDA:222,11,0,0
BRDA:222,11,1,0
BRDA:222,12,0,0
BRDA:222,12,1,0
BRDA:244,13,0,0
BRDA:247,14,0,0
BRDA:247,14,1,0
BRDA:248,15,0,0
BRDA:248,15,1,0
BRDA:252,16,0,0
BRDA:252,16,1,0
BRDA:253,17,0,0
BRDA:253,17,1,0
BRDA:254,18,0,0
BRDA:254,18,1,0
BRDA:255,19,0,0
BRDA:255,19,1,0
BRDA:258,20,0,0
BRDA:258,20,1,0
BRDA:260,21,0,0
BRDA:260,21,1,0
BRDA:264,22,0,0
BRDA:264,22,1,0
BRDA:266,23,0,0
BRDA:266,23,1,0
BRDA:267,24,0,0
BRDA:267,24,1,0
BRDA:268,25,0,0
BRDA:268,25,1,0
BRDA:277,26,0,0
BRDA:277,26,1,0
BRDA:288,27,0,0
BRDA:291,28,0,0
BRDA:296,29,0,0
BRDA:297,30,0,0
BRDA:297,30,1,0
BRDA:307,31,0,0
BRDA:307,32,0,0
BRDA:308,33,0,0
BRDA:308,33,1,0
BRDA:323,34,0,0
BRDA:323,34,1,0
BRDA:330,35,0,0
BRDA:330,35,1,0
BRDA:332,36,0,0
BRDA:332,36,1,0
BRDA:332,37,0,0
BRDA:332,37,1,0
BRDA:337,38,0,0
BRDA:337,38,1,0
BRDA:337,39,0,0
BRDA:337,39,1,0
BRDA:337,40,0,0
BRDA:337,40,1,0
BRDA:344,41,0,0
BRDA:344,41,1,0
BRDA:344,42,0,0
BRDA:344,42,1,0
BRDA:349,43,0,0
BRDA:349,43,1,0
BRDA:349,44,0,0
BRDA:349,44,1,0
BRDA:349,45,0,0
BRDA:349,45,1,0
BRDA:353,46,0,0
BRDA:353,46,1,0
BRDA:357,47,0,0
BRDA:357,47,1,0
BRDA:357,47,2,0
BRDA:369,48,0,0
BRDA:369,48,1,0
BRDA:379,49,0,0
BRDA:379,49,1,0
BRDA:384,50,0,0
BRDA:384,50,1,0
BRF:97
BRH:0
end_of_record
TN:
SF:public/assets/js/aurora.js
FN:123,initAurora
FN:153,(anonymous_1)
FN:166,(anonymous_2)
FN:174,(anonymous_3)
FN:185,(anonymous_4)
FNF:5
FNH:0
FNDA:0,initAurora
FNDA:0,(anonymous_1)
FNDA:0,(anonymous_2)
FNDA:0,(anonymous_3)
FNDA:0,(anonymous_4)
DA:3,0
DA:10,0
DA:111,0
DA:124,0
DA:125,0
DA:126,0
DA:128,0
DA:133,0
DA:134,0
DA:135,0
DA:136,0
DA:137,0
DA:139,0
DA:146,0
DA:154,0
DA:155,0
DA:163,0
DA:164,0
DA:166,0
DA:167,0
DA:168,0
DA:169,0
DA:170,0
DA:173,0
DA:174,0
DA:175,0
DA:176,0
DA:177,0
DA:178,0
DA:181,0
DA:182,0
DA:183,0
DA:185,0
DA:186,0
DA:187,0
DA:188,0
DA:189,0
DA:191,0
DA:195,0
LF:39
LH:0
BRDA:123,0,0,0
BRDA:125,1,0,0
BRDA:125,1,1,0
BRDA:126,2,0,0
BRDA:126,2,1,0
BRDA:167,3,0,0
BRDA:167,3,1,0
BRDA:168,4,0,0
BRDA:168,4,1,0
BRDA:188,5,0,0
BRDA:188,5,1,0
BRF:11
BRH:0
end_of_record
TN:
SF:public/assets/js/auth.js
FN:2,(anonymous_0)
FN:13,setTab
FN:14,(anonymous_2)
FN:19,(anonymous_3)
FN:24,(anonymous_4)
FN:25,(anonymous_5)
FN:28,(anonymous_6)
FN:29,(anonymous_7)
FN:49,setAlert
FN:64,setHint
FN:75,storeSession
FN:89,normalizeRole
FN:100,decodeJwtPayload
FN:110,(anonymous_13)
FN:123,redirectByRole
FN:141,openResetPanel
FN:153,clearHints
FN:154,(anonymous_17)
FN:165,normalizeSpaces
FN:174,getValue
FN:184,validators
FN:186,(anonymous_21)
FN:192,(anonymous_22)
FN:197,(anonymous_23)
FN:204,(anonymous_24)
FN:210,(anonymous_25)
FN:218,(anonymous_26)
FN:224,(anonymous_27)
FN:232,(anonymous_28)
FN:239,(anonymous_29)
FN:253,validateField
FN:266,validateFields
FN:268,(anonymous_32)
FN:280,bindFieldValidation
FN:281,(anonymous_34)
FN:284,(anonymous_35)
FN:285,(anonymous_36)
FN:300,apiPost
FN:323,toggleDepartementField
FN:352,(anonymous_39)
FN:408,(anonymous_40)
FN:449,(anonymous_41)
FN:467,(anonymous_42)
FNF:43
FNH:0
FNDA:0,(anonymous_0)
FNDA:0,setTab
FNDA:0,(anonymous_2)
FNDA:0,(anonymous_3)
FNDA:0,(anonymous_4)
FNDA:0,(anonymous_5)
FNDA:0,(anonymous_6)
FNDA:0,(anonymous_7)
FNDA:0,setAlert
FNDA:0,setHint
FNDA:0,storeSession
FNDA:0,normalizeRole
FNDA:0,decodeJwtPayload
FNDA:0,(anonymous_13)
FNDA:0,redirectByRole
FNDA:0,openResetPanel
FNDA:0,clearHints
FNDA:0,(anonymous_17)
FNDA:0,normalizeSpaces
FNDA:0,getValue
FNDA:0,validators
FNDA:0,(anonymous_21)
FNDA:0,(anonymous_22)
FNDA:0,(anonymous_23)
FNDA:0,(anonymous_24)
FNDA:0,(anonymous_25)
FNDA:0,(anonymous_26)
FNDA:0,(anonymous_27)
FNDA:0,(anonymous_28)
FNDA:0,(anonymous_29)
FNDA:0,validateField
FNDA:0,validateFields
FNDA:0,(anonymous_32)
FNDA:0,bindFieldValidation
FNDA:0,(anonymous_34)
FNDA:0,(anonymous_35)
FNDA:0,(anonymous_36)
FNDA:0,apiPost
FNDA:0,toggleDepartementField
FNDA:0,(anonymous_39)
FNDA:0,(anonymous_40)
FNDA:0,(anonymous_41)
FNDA:0,(anonymous_42)
DA:2,0
DA:3,0
DA:6,0
DA:7,0
DA:14,0
DA:15,0
DA:16,0
DA:17,0
DA:19,0
DA:20,0
DA:24,0
DA:25,0
DA:28,0
DA:29,0
DA:32,0
DA:33,0
DA:34,0
DA:36,0
DA:37,0
DA:38,0
DA:39,0
DA:40,0
DA:41,0
DA:50,0
DA:51,0
DA:52,0
DA:53,0
DA:55,0
DA:56,0
DA:65,0
DA:66,0
DA:67,0
DA:68,0
DA:76,0
DA:77,0
DA:79,0
DA:80,0
DA:90,0
DA:91,0
DA:92,0
DA:101,0
DA:102,0
DA:103,0
DA:105,0
DA:106,0
DA:107,0
DA:110,0
DA:113,0
DA:115,0
DA:124,0
DA:131,0
DA:132,0
DA:133,0
DA:142,0
DA:143,0
DA:144,0
DA:145,0
DA:154,0
DA:155,0
DA:156,0
DA:166,0
DA:175,0
DA:176,0
DA:177,0
DA:185,0
DA:187,0
DA:188,0
DA:189,0
DA:190,0
DA:193,0
DA:194,0
DA:195,0
DA:198,0
DA:199,0
DA:200,0
DA:201,0
DA:202,0
DA:205,0
DA:206,0
DA:207,0
DA:208,0
DA:211,0
DA:212,0
DA:213,0
DA:214,0
DA:215,0
DA:216,0
DA:219,0
DA:220,0
DA:221,0
DA:222,0
DA:225,0
DA:226,0
DA:227,0
DA:228,0
DA:230,0
DA:233,0
DA:234,0
DA:235,0
DA:236,0
DA:237,0
DA:240,0
DA:241,0
DA:242,0
DA:243,0
DA:254,0
DA:255,0
DA:256,0
DA:257,0
DA:258,0
DA:267,0
DA:268,0
DA:269,0
DA:270,0
DA:273,0
DA:281,0
DA:282,0
DA:283,0
DA:284,0
DA:285,0
DA:286,0
DA:287,0
DA:288,0
DA:301,0
DA:309,0
DA:310,0
DA:312,0
DA:313,0
DA:314,0
DA:317,0
DA:321,0
DA:322,0
DA:324,0
DA:325,0
DA:326,0
DA:328,0
DA:329,0
DA:330,0
DA:331,0
DA:334,0
DA:335,0
DA:336,0
DA:340,0
DA:341,0
DA:349,0
DA:352,0
DA:353,0
DA:354,0
DA:355,0
DA:357,0
DA:358,0
DA:359,0
DA:360,0
DA:362,0
DA:363,0
DA:364,0
DA:365,0
DA:368,0
DA:369,0
DA:371,0
DA:372,0
DA:373,0
DA:374,0
DA:375,0
DA:377,0
DA:378,0
DA:379,0
DA:381,0
DA:382,0
DA:383,0
DA:385,0
DA:387,0
DA:388,0
DA:389,0
DA:391,0
DA:399,0
DA:400,0
DA:401,0
DA:403,0
DA:408,0
DA:409,0
DA:410,0
DA:411,0
DA:413,0
DA:414,0
DA:415,0
DA:416,0
DA:417,0
DA:419,0
DA:420,0
DA:421,0
DA:423,0
DA:424,0
DA:425,0
DA:427,0
DA:428,0
DA:440,0
DA:441,0
DA:442,0
DA:444,0
DA:449,0
DA:450,0
DA:451,0
DA:452,0
DA:454,0
DA:455,0
DA:457,0
DA:458,0
DA:459,0
DA:461,0
DA:466,0
DA:467,0
DA:468,0
DA:469,0
LF:214
LH:0
BRDA:17,0,0,0
BRDA:17,0,1,0
BRDA:50,1,0,0
BRDA:50,1,1,0
BRDA:55,2,0,0
BRDA:55,2,1,0
BRDA:66,3,0,0
BRDA:66,3,1,0
BRDA:67,4,0,0
BRDA:67,4,1,0
BRDA:76,5,0,0
BRDA:76,5,1,0
BRDA:76,6,0,0
BRDA:76,6,1,0
BRDA:79,7,0,0
BRDA:79,7,1,0
BRDA:79,8,0,0
BRDA:79,8,1,0
BRDA:90,9,0,0
BRDA:90,9,1,0
BRDA:91,10,0,0
BRDA:91,10,1,0
BRDA:91,11,0,0
BRDA:91,11,1,0
BRDA:101,12,0,0
BRDA:101,12,1,0
BRDA:101,13,0,0
BRDA:101,13,1,0
BRDA:103,14,0,0
BRDA:103,14,1,0
BRDA:132,15,0,0
BRDA:132,15,1,0
BRDA:144,16,0,0
BRDA:144,16,1,0
BRDA:144,17,0,0
BRDA:144,17,1,0
BRDA:176,18,0,0
BRDA:176,18,1,0
BRDA:177,19,0,0
BRDA:177,19,1,0
BRDA:188,20,0,0
BRDA:188,20,1,0
BRDA:189,21,0,0
BRDA:189,21,1,0
BRDA:194,22,0,0
BRDA:194,22,1,0
BRDA:199,23,0,0
BRDA:199,23,1,0
BRDA:200,24,0,0
BRDA:200,24,1,0
BRDA:201,25,0,0
BRDA:201,25,1,0
BRDA:206,26,0,0
BRDA:206,26,1,0
BRDA:207,27,0,0
BRDA:207,27,1,0
BRDA:212,28,0,0
BRDA:212,28,1,0
BRDA:214,29,0,0
BRDA:214,29,1,0
BRDA:215,30,0,0
BRDA:215,30,1,0
BRDA:220,31,0,0
BRDA:220,31,1,0
BRDA:221,32,0,0
BRDA:221,32,1,0
BRDA:226,33,0,0
BRDA:226,33,1,0
BRDA:227,34,0,0
BRDA:227,34,1,0
BRDA:235,35,0,0
BRDA:235,35,1,0
BRDA:236,36,0,0
BRDA:236,36,1,0
BRDA:241,37,0,0
BRDA:241,37,1,0
BRDA:242,38,0,0
BRDA:242,38,1,0
BRDA:255,39,0,0
BRDA:255,39,1,0
BRDA:269,40,0,0
BRDA:269,40,1,0
BRDA:283,41,0,0
BRDA:283,41,1,0
BRDA:287,42,0,0
BRDA:287,42,1,0
BRDA:287,43,0,0
BRDA:287,43,1,0
BRDA:309,44,0,0
BRDA:309,44,1,0
BRDA:310,45,0,0
BRDA:310,45,1,0
BRDA:312,46,0,0
BRDA:312,46,1,0
BRDA:313,47,0,0
BRDA:313,47,1,0
BRDA:313,48,0,0
BRDA:313,48,1,0
BRDA:313,48,2,0
BRDA:324,49,0,0
BRDA:324,49,1,0
BRDA:325,50,0,0
BRDA:325,50,1,0
BRDA:326,51,0,0
BRDA:326,51,1,0
BRDA:328,52,0,0
BRDA:328,52,1,0
BRDA:330,53,0,0
BRDA:330,53,1,0
BRDA:334,54,0,0
BRDA:334,54,1,0
BRDA:360,55,0,0
BRDA:360,55,1,0
BRDA:362,56,0,0
BRDA:362,56,1,0
BRDA:363,57,0,0
BRDA:363,57,1,0
BRDA:363,58,0,0
BRDA:363,58,1,0
BRDA:363,58,2,0
BRDA:371,59,0,0
BRDA:371,59,1,0
BRDA:371,60,0,0
BRDA:371,60,1,0
BRDA:372,61,0,0
BRDA:372,61,1,0
BRDA:374,62,0,0
BRDA:374,62,1,0
BRDA:378,63,0,0
BRDA:378,63,1,0
BRDA:381,64,0,0
BRDA:381,64,1,0
BRDA:389,65,0,0
BRDA:389,65,1,0
BRDA:392,66,0,0
BRDA:392,66,1,0
BRDA:394,67,0,0
BRDA:394,67,1,0
BRDA:395,68,0,0
BRDA:395,68,1,0
BRDA:395,68,2,0
BRDA:403,69,0,0
BRDA:403,69,1,0
BRDA:417,70,0,0
BRDA:417,70,1,0
BRDA:420,71,0,0
BRDA:420,71,1,0
BRDA:421,72,0,0
BRDA:421,72,1,0
BRDA:424,73,0,0
BRDA:424,73,1,0
BRDA:425,74,0,0
BRDA:425,74,1,0
BRDA:437,75,0,0
BRDA:437,75,1,0
BRDA:444,76,0,0
BRDA:444,76,1,0
BRDA:455,77,0,0
BRDA:455,77,1,0
BRDA:459,78,0,0
BRDA:459,78,1,0
BRDA:461,79,0,0
BRDA:461,79,1,0
BRF:163
BRH:0
end_of_record
TN:
SF:public/assets/js/classement.js
FN:2,(anonymous_0)
FN:4,(anonymous_1)
FN:12,apiGet
FN:27,sorted
FN:28,(anonymous_4)
FN:39,formatScore
FN:47,renderPodium
FN:53,(anonymous_7)
FN:72,renderTeamList
FN:79,(anonymous_9)
FN:95,(anonymous_10)
FNF:11
FNH:0
FNDA:0,(anonymous_0)
FNDA:0,(anonymous_1)
FNDA:0,apiGet
FNDA:0,sorted
FNDA:0,(anonymous_4)
FNDA:0,formatScore
FNDA:0,renderPodium
FNDA:0,(anonymous_7)
FNDA:0,renderTeamList
FNDA:0,(anonymous_9)
FNDA:0,(anonymous_10)
DA:2,0
DA:3,0
DA:4,0
DA:13,0
DA:16,0
DA:17,0
DA:20,0
DA:21,0
DA:28,0
DA:29,0
DA:30,0
DA:40,0
DA:48,0
DA:49,0
DA:50,0
DA:51,0
DA:52,0
DA:53,0
DA:54,0
DA:55,0
DA:56,0
DA:57,0
DA:73,0
DA:74,0
DA:75,0
DA:76,0
DA:77,0
DA:79,0
DA:80,0
DA:81,0
DA:95,0
DA:96,0
DA:97,0
DA:98,0
DA:99,0
DA:100,0
DA:101,0
DA:103,0
DA:104,0
DA:105,0
LF:40
LH:0
BRDA:16,0,0,0
BRDA:16,0,1,0
BRDA:16,1,0,0
BRDA:16,1,1,0
BRDA:29,2,0,0
BRDA:29,2,1,0
BRDA:49,3,0,0
BRDA:49,3,1,0
BRDA:55,4,0,0
BRDA:55,4,1,0
BRDA:63,5,0,0
BRDA:63,5,1,0
BRDA:75,6,0,0
BRDA:75,6,1,0
BRDA:77,7,0,0
BRDA:77,7,1,0
BRDA:77,8,0,0
BRDA:77,8,1,0
BRDA:83,9,0,0
BRDA:83,9,1,0
BRDA:86,10,0,0
BRDA:86,10,1,0
BRDA:87,11,0,0
BRDA:87,11,1,0
BRDA:105,12,0,0
BRDA:105,12,1,0
BRF:26
BRH:0
end_of_record
TN:
SF:public/assets/js/click-spark.js
FN:1,(anonymous_0)
FN:15,getAccentFallback
FN:25,easeFor
FN:42,init
FN:69,(anonymous_4)
FN:80,(anonymous_5)
FN:121,(anonymous_6)
FN:155,destroy
FN:178,(anonymous_8)
FNF:9
FNH:0
FNDA:0,(anonymous_0)
FNDA:0,getAccentFallback
FNDA:0,easeFor
FNDA:0,init
FNDA:0,(anonymous_4)
FNDA:0,(anonymous_5)
FNDA:0,(anonymous_6)
FNDA:0,destroy
FNDA:0,(anonymous_8)
DA:1,0
DA:2,0
DA:13,0
DA:16,0
DA:17,0
DA:18,0
DA:26,0
DA:28,0
DA:30,0
DA:32,0
DA:34,0
DA:43,0
DA:44,0
DA:47,0
DA:51,0
DA:52,0
DA:55,0
DA:56,0
DA:57,0
DA:58,0
DA:59,0
DA:60,0
DA:61,0
DA:63,0
DA:65,0
DA:66,0
DA:67,0
DA:69,0
DA:70,0
DA:71,0
DA:72,0
DA:73,0
DA:74,0
DA:75,0
DA:76,0
DA:77,0
DA:80,0
DA:81,0
DA:83,0
DA:84,0
DA:85,0
DA:86,0
DA:87,0
DA:90,0
DA:91,0
DA:93,0
DA:94,0
DA:96,0
DA:97,0
DA:98,0
DA:99,0
DA:101,0
DA:102,0
DA:103,0
DA:104,0
DA:105,0
DA:106,0
DA:108,0
DA:111,0
DA:112,0
DA:114,0
DA:115,0
DA:117,0
DA:121,0
DA:122,0
DA:123,0
DA:124,0
DA:126,0
DA:127,0
DA:135,0
DA:136,0
DA:140,0
DA:141,0
DA:142,0
DA:144,0
DA:156,0
DA:157,0
DA:160,0
DA:161,0
DA:162,0
DA:163,0
DA:165,0
DA:166,0
DA:169,0
DA:172,0
DA:177,0
DA:178,0
DA:180,0
LF:88
LH:0
BRDA:19,0,0,0
BRDA:19,0,1,0
BRDA:19,0,2,0
BRDA:26,1,0,0
BRDA:26,1,1,0
BRDA:26,1,2,0
BRDA:26,1,3,0
BRDA:32,2,0,0
BRDA:32,2,1,0
BRDA:42,3,0,0
BRDA:43,4,0,0
BRDA:43,4,1,0
BRDA:51,5,0,0
BRDA:51,5,1,0
BRDA:70,6,0,0
BRDA:70,6,1,0
BRDA:86,7,0,0
BRDA:86,7,1,0
BRDA:114,8,0,0
BRDA:114,8,1,0
BRDA:135,9,0,0
BRDA:135,9,1,0
BRDA:156,10,0,0
BRDA:156,10,1,0
BRDA:162,11,0,0
BRDA:162,11,1,0
BRDA:165,12,0,0
BRDA:165,12,1,0
BRDA:165,13,0,0
BRDA:165,13,1,0
BRDA:177,14,0,0
BRDA:177,14,1,0
BRF:32
BRH:0
end_of_record
TN:
SF:public/assets/js/compteAnimateur.js
FN:1,(anonymous_0)
FN:3,(anonymous_1)
FN:5,parseApiResponse
FN:24,apiGet
FN:41,apiPost
FN:55,setText
FN:56,(anonymous_6)
FN:66,setFeedback
FN:74,setInitials
FN:86,renderAvatar
FN:119,formatDate
FN:130,roleLabel
FN:142,syncStoredUser
FN:162,openModal
FN:167,(anonymous_14)
FN:175,resetPasswordToggles
FN:177,(anonymous_16)
FN:193,closeModal
FN:197,(anonymous_18)
FN:203,bindModalTriggers
FN:204,(anonymous_20)
FN:205,(anonymous_21)
FN:207,(anonymous_22)
FN:208,(anonymous_23)
FN:211,(anonymous_24)
FN:212,(anonymous_25)
FN:217,(anonymous_26)
FN:219,(anonymous_27)
FN:224,bindPhotoUpload
FN:230,(anonymous_29)
FN:232,(anonymous_30)
FN:273,bindPasswordToggles
FN:274,(anonymous_32)
FN:275,(anonymous_33)
FN:294,bindEditModal
FN:308,(anonymous_35)
FN:348,(anonymous_36)
FN:358,bindPasswordModal
FN:363,(anonymous_38)
FN:400,(anonymous_39)
FN:412,loadSecurityInfo
FN:436,parseUserAgent
FN:446,formatDate
FN:456,loadSessions
FN:474,(anonymous_44)
FN:493,(anonymous_45)
FN:494,(anonymous_46)
FN:515,(anonymous_47)
FNF:48
FNH:0
FNDA:0,(anonymous_0)
FNDA:0,(anonymous_1)
FNDA:0,parseApiResponse
FNDA:0,apiGet
FNDA:0,apiPost
FNDA:0,setText
FNDA:0,(anonymous_6)
FNDA:0,setFeedback
FNDA:0,setInitials
FNDA:0,renderAvatar
FNDA:0,formatDate
FNDA:0,roleLabel
FNDA:0,syncStoredUser
FNDA:0,openModal
FNDA:0,(anonymous_14)
FNDA:0,resetPasswordToggles
FNDA:0,(anonymous_16)
FNDA:0,closeModal
FNDA:0,(anonymous_18)
FNDA:0,bindModalTriggers
FNDA:0,(anonymous_20)
FNDA:0,(anonymous_21)
FNDA:0,(anonymous_22)
FNDA:0,(anonymous_23)
FNDA:0,(anonymous_24)
FNDA:0,(anonymous_25)
FNDA:0,(anonymous_26)
FNDA:0,(anonymous_27)
FNDA:0,bindPhotoUpload
FNDA:0,(anonymous_29)
FNDA:0,(anonymous_30)
FNDA:0,bindPasswordToggles
FNDA:0,(anonymous_32)
FNDA:0,(anonymous_33)
FNDA:0,bindEditModal
FNDA:0,(anonymous_35)
FNDA:0,(anonymous_36)
FNDA:0,bindPasswordModal
FNDA:0,(anonymous_38)
FNDA:0,(anonymous_39)
FNDA:0,loadSecurityInfo
FNDA:0,parseUserAgent
FNDA:0,formatDate
FNDA:0,loadSessions
FNDA:0,(anonymous_44)
FNDA:0,(anonymous_45)
FNDA:0,(anonymous_46)
FNDA:0,(anonymous_47)
DA:1,0
DA:2,0
DA:3,0
DA:6,0
DA:7,0
DA:8,0
DA:9,0
DA:10,0
DA:12,0
DA:13,0
DA:15,0
DA:25,0
DA:30,0
DA:31,0
DA:32,0
DA:42,0
DA:50,0
DA:51,0
DA:52,0
DA:56,0
DA:57,0
DA:67,0
DA:68,0
DA:69,0
DA:70,0
DA:71,0
DA:75,0
DA:76,0
DA:77,0
DA:87,0
DA:88,0
DA:89,0
DA:90,0
DA:92,0
DA:94,0
DA:95,0
DA:96,0
DA:97,0
DA:99,0
DA:100,0
DA:101,0
DA:102,0
DA:104,0
DA:106,0
DA:107,0
DA:108,0
DA:109,0
DA:111,0
DA:112,0
DA:113,0
DA:114,0
DA:120,0
DA:121,0
DA:122,0
DA:123,0
DA:131,0
DA:132,0
DA:133,0
DA:134,0
DA:135,0
DA:143,0
DA:144,0
DA:145,0
DA:147,0
DA:149,0
DA:163,0
DA:164,0
DA:165,0
DA:166,0
DA:167,0
DA:168,0
DA:170,0
DA:172,0
DA:176,0
DA:177,0
DA:178,0
DA:179,0
DA:180,0
DA:181,0
DA:183,0
DA:184,0
DA:185,0
DA:186,0
DA:187,0
DA:189,0
DA:194,0
DA:195,0
DA:196,0
DA:197,0
DA:198,0
DA:199,0
DA:204,0
DA:205,0
DA:207,0
DA:208,0
DA:211,0
DA:212,0
DA:213,0
DA:217,0
DA:218,0
DA:219,0
DA:225,0
DA:226,0
DA:227,0
DA:228,0
DA:230,0
DA:232,0
DA:233,0
DA:234,0
DA:235,0
DA:236,0
DA:237,0
DA:238,0
DA:241,0
DA:242,0
DA:247,0
DA:248,0
DA:250,0
DA:251,0
DA:252,0
DA:253,0
DA:255,0
DA:256,0
DA:257,0
DA:259,0
DA:261,0
DA:263,0
DA:264,0
DA:265,0
DA:269,0
DA:274,0
DA:275,0
DA:276,0
DA:277,0
DA:278,0
DA:280,0
DA:281,0
DA:282,0
DA:283,0
DA:285,0
DA:286,0
DA:287,0
DA:288,0
DA:295,0
DA:296,0
DA:297,0
DA:299,0
DA:300,0
DA:301,0
DA:302,0
DA:303,0
DA:304,0
DA:305,0
DA:308,0
DA:309,0
DA:310,0
DA:311,0
DA:313,0
DA:314,0
DA:315,0
DA:316,0
DA:318,0
DA:319,0
DA:320,0
DA:321,0
DA:324,0
DA:325,0
DA:327,0
DA:328,0
DA:329,0
DA:330,0
DA:331,0
DA:333,0
DA:335,0
DA:336,0
DA:337,0
DA:338,0
DA:340,0
DA:341,0
DA:342,0
DA:343,0
DA:345,0
DA:346,0
DA:348,0
DA:350,0
DA:351,0
DA:353,0
DA:359,0
DA:360,0
DA:361,0
DA:363,0
DA:364,0
DA:365,0
DA:366,0
DA:368,0
DA:369,0
DA:370,0
DA:371,0
DA:373,0
DA:374,0
DA:375,0
DA:376,0
DA:378,0
DA:379,0
DA:380,0
DA:381,0
DA:383,0
DA:384,0
DA:385,0
DA:386,0
DA:389,0
DA:390,0
DA:392,0
DA:393,0
DA:397,0
DA:398,0
DA:399,0
DA:400,0
DA:402,0
DA:403,0
DA:405,0
DA:410,0
DA:413,0
DA:414,0
DA:415,0
DA:418,0
DA:419,0
DA:420,0
DA:422,0
DA:423,0
DA:424,0
DA:426,0
DA:427,0
DA:428,0
DA:429,0
DA:437,0
DA:438,0
DA:439,0
DA:440,0
DA:441,0
DA:442,0
DA:443,0
DA:447,0
DA:448,0
DA:449,0
DA:453,0
DA:457,0
DA:458,0
DA:460,0
DA:461,0
DA:462,0
DA:465,0
DA:466,0
DA:467,0
DA:469,0
DA:470,0
DA:471,0
DA:474,0
DA:475,0
DA:476,0
DA:477,0
DA:478,0
DA:479,0
DA:480,0
DA:493,0
DA:494,0
DA:495,0
DA:496,0
DA:497,0
DA:498,0
DA:506,0
DA:507,0
DA:511,0
DA:515,0
DA:516,0
DA:517,0
DA:518,0
DA:520,0
DA:521,0
DA:522,0
DA:525,0
DA:526,0
DA:527,0
DA:529,0
DA:530,0
DA:531,0
DA:532,0
DA:533,0
DA:535,0
DA:536,0
DA:538,0
DA:539,0
DA:540,0
DA:541,0
DA:542,0
DA:544,0
DA:545,0
DA:546,0
DA:548,0
DA:551,0
DA:552,0
LF:301
LH:0
BRDA:3,0,0,0
BRDA:3,0,1,0
BRDA:6,1,0,0
BRDA:6,1,1,0
BRDA:8,2,0,0
BRDA:8,2,1,0
BRDA:9,3,0,0
BRDA:9,3,1,0
BRDA:31,4,0,0
BRDA:31,4,1,0
BRDA:31,5,0,0
BRDA:31,5,1,0
BRDA:51,6,0,0
BRDA:51,6,1,0
BRDA:51,7,0,0
BRDA:51,7,1,0
BRDA:57,8,0,0
BRDA:57,8,1,0
BRDA:68,9,0,0
BRDA:68,9,1,0
BRDA:69,10,0,0
BRDA:69,10,1,0
BRDA:76,11,0,0
BRDA:76,11,1,0
BRDA:77,12,0,0
BRDA:77,12,1,0
BRDA:77,13,0,0
BRDA:77,13,1,0
BRDA:92,14,0,0
BRDA:92,14,1,0
BRDA:92,15,0,0
BRDA:92,15,1,0
BRDA:94,16,0,0
BRDA:94,16,1,0
BRDA:95,17,0,0
BRDA:95,17,1,0
BRDA:99,18,0,0
BRDA:99,18,1,0
BRDA:100,19,0,0
BRDA:100,19,1,0
BRDA:104,20,0,0
BRDA:104,20,1,0
BRDA:106,21,0,0
BRDA:106,21,1,0
BRDA:107,22,0,0
BRDA:107,22,1,0
BRDA:111,23,0,0
BRDA:111,23,1,0
BRDA:112,24,0,0
BRDA:112,24,1,0
BRDA:120,25,0,0
BRDA:120,25,1,0
BRDA:122,26,0,0
BRDA:122,26,1,0
BRDA:131,27,0,0
BRDA:131,27,1,0
BRDA:132,28,0,0
BRDA:132,28,1,0
BRDA:133,29,0,0
BRDA:133,29,1,0
BRDA:133,30,0,0
BRDA:133,30,1,0
BRDA:134,31,0,0
BRDA:134,31,1,0
BRDA:135,32,0,0
BRDA:135,32,1,0
BRDA:145,33,0,0
BRDA:145,33,1,0
BRDA:153,34,0,0
BRDA:153,34,1,0
BRDA:153,34,2,0
BRDA:154,35,0,0
BRDA:154,35,1,0
BRDA:154,35,2,0
BRDA:155,36,0,0
BRDA:155,36,1,0
BRDA:155,36,2,0
BRDA:156,37,0,0
BRDA:156,37,1,0
BRDA:156,37,2,0
BRDA:157,38,0,0
BRDA:157,38,1,0
BRDA:157,38,2,0
BRDA:164,39,0,0
BRDA:164,39,1,0
BRDA:165,40,0,0
BRDA:165,40,1,0
BRDA:176,41,0,0
BRDA:176,41,1,0
BRDA:179,42,0,0
BRDA:179,42,1,0
BRDA:180,43,0,0
BRDA:180,43,1,0
BRDA:185,44,0,0
BRDA:185,44,1,0
BRDA:195,45,0,0
BRDA:195,45,1,0
BRDA:213,46,0,0
BRDA:213,46,1,0
BRDA:218,47,0,0
BRDA:218,47,1,0
BRDA:228,48,0,0
BRDA:228,48,1,0
BRDA:228,49,0,0
BRDA:228,49,1,0
BRDA:233,50,0,0
BRDA:233,50,1,0
BRDA:233,51,0,0
BRDA:233,51,1,0
BRDA:236,52,0,0
BRDA:236,52,1,0
BRDA:248,53,0,0
BRDA:248,53,1,0
BRDA:248,54,0,0
BRDA:248,54,1,0
BRDA:251,55,0,0
BRDA:251,55,1,0
BRDA:257,56,0,0
BRDA:257,56,1,0
BRDA:263,57,0,0
BRDA:263,57,1,0
BRDA:265,58,0,0
BRDA:265,58,1,0
BRDA:277,59,0,0
BRDA:277,59,1,0
BRDA:278,60,0,0
BRDA:278,60,1,0
BRDA:281,61,0,0
BRDA:281,61,1,0
BRDA:283,62,0,0
BRDA:283,62,1,0
BRDA:286,63,0,0
BRDA:286,63,1,0
BRDA:297,64,0,0
BRDA:297,64,1,0
BRDA:297,65,0,0
BRDA:297,65,1,0
BRDA:299,66,0,0
BRDA:299,66,1,0
BRDA:303,67,0,0
BRDA:303,67,1,0
BRDA:303,68,0,0
BRDA:303,68,1,0
BRDA:304,69,0,0
BRDA:304,69,1,0
BRDA:304,70,0,0
BRDA:304,70,1,0
BRDA:305,71,0,0
BRDA:305,71,1,0
BRDA:305,72,0,0
BRDA:305,72,1,0
BRDA:314,73,0,0
BRDA:314,73,1,0
BRDA:315,74,0,0
BRDA:315,74,1,0
BRDA:316,75,0,0
BRDA:316,75,1,0
BRDA:318,76,0,0
BRDA:318,76,1,0
BRDA:318,77,0,0
BRDA:318,77,1,0
BRDA:325,78,0,0
BRDA:325,78,1,0
BRDA:329,79,0,0
BRDA:329,79,1,0
BRDA:331,80,0,0
BRDA:331,80,1,0
BRDA:335,81,0,0
BRDA:335,81,1,0
BRDA:336,82,0,0
BRDA:336,82,1,0
BRDA:337,83,0,0
BRDA:337,83,1,0
BRDA:338,84,0,0
BRDA:338,84,1,0
BRDA:346,85,0,0
BRDA:346,85,1,0
BRDA:351,86,0,0
BRDA:351,86,1,0
BRDA:353,87,0,0
BRDA:353,87,1,0
BRDA:361,88,0,0
BRDA:361,88,1,0
BRDA:361,89,0,0
BRDA:361,89,1,0
BRDA:369,90,0,0
BRDA:369,90,1,0
BRDA:370,91,0,0
BRDA:370,91,1,0
BRDA:371,92,0,0
BRDA:371,92,1,0
BRDA:373,93,0,0
BRDA:373,93,1,0
BRDA:373,94,0,0
BRDA:373,94,1,0
BRDA:378,95,0,0
BRDA:378,95,1,0
BRDA:383,96,0,0
BRDA:383,96,1,0
BRDA:390,97,0,0
BRDA:390,97,1,0
BRDA:398,98,0,0
BRDA:398,98,1,0
BRDA:403,99,0,0
BRDA:403,99,1,0
BRDA:405,100,0,0
BRDA:405,100,1,0
BRDA:418,101,0,0
BRDA:418,101,1,0
BRDA:420,102,0,0
BRDA:420,102,1,0
BRDA:426,103,0,0
BRDA:426,103,1,0
BRDA:426,104,0,0
BRDA:426,104,1,0
BRDA:427,105,0,0
BRDA:427,105,1,0
BRDA:427,106,0,0
BRDA:427,106,1,0
BRDA:428,107,0,0
BRDA:428,107,1,0
BRDA:429,108,0,0
BRDA:429,108,1,0
BRDA:437,109,0,0
BRDA:437,109,1,0
BRDA:438,110,0,0
BRDA:438,110,1,0
BRDA:439,111,0,0
BRDA:439,111,1,0
BRDA:440,112,0,0
BRDA:440,112,1,0
BRDA:441,113,0,0
BRDA:441,113,1,0
BRDA:442,114,0,0
BRDA:442,114,1,0
BRDA:447,115,0,0
BRDA:447,115,1,0
BRDA:458,116,0,0
BRDA:458,116,1,0
BRDA:465,117,0,0
BRDA:465,117,1,0
BRDA:467,118,0,0
BRDA:467,118,1,0
BRDA:469,119,0,0
BRDA:469,119,1,0
BRDA:476,120,0,0
BRDA:476,120,1,0
BRDA:477,121,0,0
BRDA:477,121,1,0
BRDA:478,122,0,0
BRDA:478,122,1,0
BRDA:486,123,0,0
BRDA:486,123,1,0
BRDA:520,124,0,0
BRDA:520,124,1,0
BRDA:527,125,0,0
BRDA:527,125,1,0
BRDA:529,126,0,0
BRDA:529,126,1,0
BRDA:530,127,0,0
BRDA:530,127,1,0
BRDA:531,128,0,0
BRDA:531,128,1,0
BRDA:532,129,0,0
BRDA:532,129,1,0
BRDA:533,130,0,0
BRDA:533,130,1,0
BRDA:535,131,0,0
BRDA:535,131,1,0
BRDA:542,132,0,0
BRDA:542,132,1,0
BRDA:548,133,0,0
BRDA:548,133,1,0
BRF:273
BRH:0
end_of_record
TN:
SF:public/assets/js/compteRH.js
FN:4,(anonymous_0)
FN:40,(anonymous_1)
FN:74,(anonymous_2)
FN:84,(anonymous_3)
FN:117,(anonymous_4)
FN:157,(anonymous_5)
FN:174,(anonymous_6)
FN:186,(anonymous_7)
FN:205,(anonymous_8)
FN:208,(anonymous_9)
FN:213,(anonymous_10)
FN:218,(anonymous_11)
FN:223,(anonymous_12)
FN:226,(anonymous_13)
FN:242,(anonymous_14)
FN:301,(anonymous_15)
FN:326,(anonymous_16)
FN:346,(anonymous_17)
FN:355,(anonymous_18)
FN:361,(anonymous_19)
FN:372,(anonymous_20)
FN:396,(anonymous_21)
FN:456,(anonymous_22)
FN:473,(anonymous_23)
FN:483,(anonymous_24)
FN:499,(anonymous_25)
FN:621,(anonymous_26)
FN:674,(anonymous_27)
FN:689,(anonymous_28)
FN:695,(anonymous_29)
FN:702,(anonymous_30)
FN:707,(anonymous_31)
FN:722,(anonymous_32)
FN:725,(anonymous_33)
FN:728,(anonymous_34)
FN:733,(anonymous_35)
FN:740,(anonymous_36)
FN:754,(anonymous_37)
FN:763,(anonymous_38)
FN:773,(anonymous_39)
FNF:40
FNH:0
FNDA:0,(anonymous_0)
FNDA:0,(anonymous_1)
FNDA:0,(anonymous_2)
FNDA:0,(anonymous_3)
FNDA:0,(anonymous_4)
FNDA:0,(anonymous_5)
FNDA:0,(anonymous_6)
FNDA:0,(anonymous_7)
FNDA:0,(anonymous_8)
FNDA:0,(anonymous_9)
FNDA:0,(anonymous_10)
FNDA:0,(anonymous_11)
FNDA:0,(anonymous_12)
FNDA:0,(anonymous_13)
FNDA:0,(anonymous_14)
FNDA:0,(anonymous_15)
FNDA:0,(anonymous_16)
FNDA:0,(anonymous_17)
FNDA:0,(anonymous_18)
FNDA:0,(anonymous_19)
FNDA:0,(anonymous_20)
FNDA:0,(anonymous_21)
FNDA:0,(anonymous_22)
FNDA:0,(anonymous_23)
FNDA:0,(anonymous_24)
FNDA:0,(anonymous_25)
FNDA:0,(anonymous_26)
FNDA:0,(anonymous_27)
FNDA:0,(anonymous_28)
FNDA:0,(anonymous_29)
FNDA:0,(anonymous_30)
FNDA:0,(anonymous_31)
FNDA:0,(anonymous_32)
FNDA:0,(anonymous_33)
FNDA:0,(anonymous_34)
FNDA:0,(anonymous_35)
FNDA:0,(anonymous_36)
FNDA:0,(anonymous_37)
FNDA:0,(anonymous_38)
FNDA:0,(anonymous_39)
DA:5,0
DA:12,0
DA:21,0
DA:27,0
DA:29,0
DA:30,0
DA:31,0
DA:32,0
DA:33,0
DA:34,0
DA:41,0
DA:42,0
DA:43,0
DA:44,0
DA:46,0
DA:50,0
DA:51,0
DA:52,0
DA:53,0
DA:55,0
DA:59,0
DA:60,0
DA:61,0
DA:62,0
DA:63,0
DA:65,0
DA:75,0
DA:76,0
DA:77,0
DA:85,0
DA:86,0
DA:87,0
DA:95,0
DA:96,0
DA:99,0
DA:100,0
DA:102,0
DA:103,0
DA:104,0
DA:105,0
DA:106,0
DA:107,0
DA:109,0
DA:118,0
DA:119,0
DA:120,0
DA:137,0
DA:138,0
DA:140,0
DA:141,0
DA:144,0
DA:145,0
DA:147,0
DA:148,0
DA:156,0
DA:157,0
DA:166,0
DA:175,0
DA:176,0
DA:177,0
DA:178,0
DA:179,0
DA:180,0
DA:187,0
DA:188,0
DA:191,0
DA:206,0
DA:207,0
DA:208,0
DA:211,0
DA:212,0
DA:213,0
DA:216,0
DA:217,0
DA:218,0
DA:221,0
DA:222,0
DA:223,0
DA:226,0
DA:227,0
DA:228,0
DA:229,0
DA:232,0
DA:233,0
DA:234,0
DA:243,0
DA:245,0
DA:246,0
DA:247,0
DA:250,0
DA:251,0
DA:252,0
DA:255,0
DA:256,0
DA:257,0
DA:260,0
DA:261,0
DA:262,0
DA:265,0
DA:266,0
DA:267,0
DA:270,0
DA:271,0
DA:272,0
DA:275,0
DA:276,0
DA:277,0
DA:280,0
DA:281,0
DA:282,0
DA:283,0
DA:284,0
DA:285,0
DA:286,0
DA:287,0
DA:290,0
DA:291,0
DA:292,0
DA:302,0
DA:304,0
DA:305,0
DA:306,0
DA:307,0
DA:310,0
DA:311,0
DA:312,0
DA:313,0
DA:316,0
DA:317,0
DA:318,0
DA:319,0
DA:321,0
DA:327,0
DA:328,0
DA:329,0
DA:332,0
DA:333,0
DA:334,0
DA:336,0
DA:343,0
DA:347,0
DA:348,0
DA:349,0
DA:351,0
DA:352,0
DA:356,0
DA:357,0
DA:358,0
DA:362,0
DA:363,0
DA:364,0
DA:367,0
DA:368,0
DA:369,0
DA:372,0
DA:373,0
DA:374,0
DA:375,0
DA:377,0
DA:397,0
DA:398,0
DA:399,0
DA:402,0
DA:403,0
DA:404,0
DA:405,0
DA:408,0
DA:409,0
DA:410,0
DA:411,0
DA:414,0
DA:415,0
DA:416,0
DA:417,0
DA:418,0
DA:421,0
DA:422,0
DA:424,0
DA:425,0
DA:433,0
DA:434,0
DA:435,0
DA:438,0
DA:439,0
DA:440,0
DA:441,0
DA:442,0
DA:443,0
DA:445,0
DA:448,0
DA:449,0
DA:450,0
DA:453,0
DA:457,0
DA:458,0
DA:460,0
DA:461,0
DA:462,0
DA:465,0
DA:466,0
DA:467,0
DA:470,0
DA:474,0
DA:475,0
DA:476,0
DA:477,0
DA:478,0
DA:479,0
DA:480,0
DA:484,0
DA:485,0
DA:487,0
DA:488,0
DA:489,0
DA:492,0
DA:500,0
DA:502,0
DA:503,0
DA:504,0
DA:505,0
DA:506,0
DA:508,0
DA:509,0
DA:510,0
DA:513,0
DA:514,0
DA:515,0
DA:518,0
DA:519,0
DA:520,0
DA:521,0
DA:524,0
DA:525,0
DA:526,0
DA:527,0
DA:528,0
DA:531,0
DA:532,0
DA:533,0
DA:536,0
DA:537,0
DA:538,0
DA:541,0
DA:542,0
DA:543,0
DA:546,0
DA:547,0
DA:548,0
DA:551,0
DA:552,0
DA:553,0
DA:556,0
DA:568,0
DA:569,0
DA:570,0
DA:573,0
DA:574,0
DA:577,0
DA:578,0
DA:579,0
DA:581,0
DA:594,0
DA:595,0
DA:596,0
DA:599,0
DA:600,0
DA:601,0
DA:602,0
DA:603,0
DA:604,0
DA:605,0
DA:607,0
DA:608,0
DA:609,0
DA:610,0
DA:611,0
DA:612,0
DA:614,0
DA:616,0
DA:617,0
DA:622,0
DA:623,0
DA:625,0
DA:626,0
DA:629,0
DA:630,0
DA:631,0
DA:632,0
DA:635,0
DA:636,0
DA:647,0
DA:648,0
DA:649,0
DA:652,0
DA:653,0
DA:654,0
DA:657,0
DA:658,0
DA:659,0
DA:661,0
DA:662,0
DA:663,0
DA:664,0
DA:667,0
DA:669,0
DA:670,0
DA:675,0
DA:676,0
DA:677,0
DA:680,0
DA:681,0
DA:682,0
DA:685,0
DA:686,0
DA:689,0
DA:690,0
DA:691,0
DA:692,0
DA:696,0
DA:697,0
DA:700,0
DA:701,0
DA:702,0
DA:703,0
DA:708,0
DA:709,0
DA:710,0
DA:711,0
DA:714,0
DA:715,0
DA:716,0
DA:718,0
DA:720,0
DA:721,0
DA:722,0
DA:725,0
DA:729,0
DA:730,0
DA:734,0
DA:735,0
DA:736,0
DA:737,0
DA:741,0
DA:743,0
DA:744,0
DA:745,0
DA:746,0
DA:747,0
DA:748,0
DA:749,0
DA:751,0
DA:755,0
DA:760,0
DA:764,0
DA:769,0
DA:773,0
DA:774,0
DA:775,0
LF:358
LH:0
BRDA:42,0,0,0
BRDA:42,0,1,0
BRDA:51,1,0,0
BRDA:51,1,1,0
BRDA:60,2,0,0
BRDA:60,2,1,0
BRDA:63,3,0,0
BRDA:63,3,1,0
BRDA:86,4,0,0
BRDA:86,4,1,0
BRDA:95,5,0,0
BRDA:95,5,1,0
BRDA:100,6,0,0
BRDA:100,6,1,0
BRDA:102,7,0,0
BRDA:102,7,1,0
BRDA:103,8,0,0
BRDA:103,8,1,0
BRDA:104,9,0,0
BRDA:104,9,1,0
BRDA:105,10,0,0
BRDA:105,10,1,0
BRDA:106,11,0,0
BRDA:106,11,1,0
BRDA:107,12,0,0
BRDA:107,12,1,0
BRDA:119,13,0,0
BRDA:119,13,1,0
BRDA:137,14,0,0
BRDA:137,14,1,0
BRDA:140,15,0,0
BRDA:140,15,1,0
BRDA:147,16,0,0
BRDA:147,16,1,0
BRDA:149,17,0,0
BRDA:149,17,1,0
BRDA:150,18,0,0
BRDA:150,18,1,0
BRDA:151,19,0,0
BRDA:151,19,1,0
BRDA:156,20,0,0
BRDA:156,20,1,0
BRDA:156,21,0,0
BRDA:156,21,1,0
BRDA:160,22,0,0
BRDA:160,22,1,0
BRDA:161,23,0,0
BRDA:161,23,1,0
BRDA:162,24,0,0
BRDA:162,24,1,0
BRDA:162,24,2,0
BRDA:187,25,0,0
BRDA:187,25,1,0
BRDA:195,26,0,0
BRDA:195,26,1,0
BRDA:207,27,0,0
BRDA:207,27,1,0
BRDA:212,28,0,0
BRDA:212,28,1,0
BRDA:217,29,0,0
BRDA:217,29,1,0
BRDA:222,30,0,0
BRDA:222,30,1,0
BRDA:227,31,0,0
BRDA:227,31,1,0
BRDA:232,32,0,0
BRDA:232,32,1,0
BRDA:246,33,0,0
BRDA:246,33,1,0
BRDA:251,34,0,0
BRDA:251,34,1,0
BRDA:256,35,0,0
BRDA:256,35,1,0
BRDA:261,36,0,0
BRDA:261,36,1,0
BRDA:266,37,0,0
BRDA:266,37,1,0
BRDA:267,38,0,0
BRDA:267,38,1,0
BRDA:271,39,0,0
BRDA:271,39,1,0
BRDA:276,40,0,0
BRDA:276,40,1,0
BRDA:282,41,0,0
BRDA:282,41,1,0
BRDA:283,42,0,0
BRDA:283,42,1,0
BRDA:286,43,0,0
BRDA:286,43,1,0
BRDA:291,44,0,0
BRDA:291,44,1,0
BRDA:305,45,0,0
BRDA:305,45,1,0
BRDA:306,46,0,0
BRDA:306,46,1,0
BRDA:311,47,0,0
BRDA:311,47,1,0
BRDA:312,48,0,0
BRDA:312,48,1,0
BRDA:317,49,0,0
BRDA:317,49,1,0
BRDA:318,50,0,0
BRDA:318,50,1,0
BRDA:328,51,0,0
BRDA:328,51,1,0
BRDA:332,52,0,0
BRDA:332,52,1,0
BRDA:333,53,0,0
BRDA:333,53,1,0
BRDA:334,54,0,0
BRDA:334,54,1,0
BRDA:348,55,0,0
BRDA:348,55,1,0
BRDA:356,56,0,0
BRDA:356,56,1,0
BRDA:363,57,0,0
BRDA:363,57,1,0
BRDA:367,58,0,0
BRDA:367,58,1,0
BRDA:373,59,0,0
BRDA:373,59,1,0
BRDA:374,60,0,0
BRDA:374,60,1,0
BRDA:383,61,0,0
BRDA:383,61,1,0
BRDA:386,62,0,0
BRDA:386,62,1,0
BRDA:398,63,0,0
BRDA:398,63,1,0
BRDA:402,64,0,0
BRDA:402,64,1,0
BRDA:408,65,0,0
BRDA:408,65,1,0
BRDA:414,66,0,0
BRDA:414,66,1,0
BRDA:415,67,0,0
BRDA:415,67,1,0
BRDA:433,68,0,0
BRDA:433,68,1,0
BRDA:435,69,0,0
BRDA:435,69,1,0
BRDA:439,70,0,0
BRDA:439,70,1,0
BRDA:449,71,0,0
BRDA:449,71,1,0
BRDA:460,72,0,0
BRDA:460,72,1,0
BRDA:465,73,0,0
BRDA:465,73,1,0
BRDA:475,74,0,0
BRDA:475,74,1,0
BRDA:476,75,0,0
BRDA:476,75,1,0
BRDA:477,76,0,0
BRDA:477,76,1,0
BRDA:477,77,0,0
BRDA:477,77,1,0
BRDA:478,78,0,0
BRDA:478,78,1,0
BRDA:479,79,0,0
BRDA:479,79,1,0
BRDA:484,80,0,0
BRDA:484,80,1,0
BRDA:487,81,0,0
BRDA:487,81,1,0
BRDA:487,82,0,0
BRDA:487,82,1,0
BRDA:502,83,0,0
BRDA:502,83,1,0
BRDA:503,84,0,0
BRDA:503,84,1,0
BRDA:504,85,0,0
BRDA:504,85,1,0
BRDA:505,86,0,0
BRDA:505,86,1,0
BRDA:506,87,0,0
BRDA:506,87,1,0
BRDA:508,88,0,0
BRDA:508,88,1,0
BRDA:513,89,0,0
BRDA:513,89,1,0
BRDA:513,90,0,0
BRDA:513,90,1,0
BRDA:518,91,0,0
BRDA:518,91,1,0
BRDA:519,92,0,0
BRDA:519,92,1,0
BRDA:525,93,0,0
BRDA:525,93,1,0
BRDA:525,94,0,0
BRDA:525,94,1,0
BRDA:526,95,0,0
BRDA:526,95,1,0
BRDA:531,96,0,0
BRDA:531,96,1,0
BRDA:531,97,0,0
BRDA:531,97,1,0
BRDA:536,98,0,0
BRDA:536,98,1,0
BRDA:541,99,0,0
BRDA:541,99,1,0
BRDA:546,100,0,0
BRDA:546,100,1,0
BRDA:546,101,0,0
BRDA:546,101,1,0
BRDA:551,102,0,0
BRDA:551,102,1,0
BRDA:568,103,0,0
BRDA:568,103,1,0
BRDA:570,104,0,0
BRDA:570,104,1,0
BRDA:578,105,0,0
BRDA:578,105,1,0
BRDA:579,106,0,0
BRDA:579,106,1,0
BRDA:594,107,0,0
BRDA:594,107,1,0
BRDA:596,108,0,0
BRDA:596,108,1,0
BRDA:610,109,0,0
BRDA:610,109,1,0
BRDA:611,110,0,0
BRDA:611,110,1,0
BRDA:612,111,0,0
BRDA:612,111,1,0
BRDA:617,112,0,0
BRDA:617,112,1,0
BRDA:623,113,0,0
BRDA:623,113,1,0
BRDA:625,114,0,0
BRDA:625,114,1,0
BRDA:629,115,0,0
BRDA:629,115,1,0
BRDA:630,116,0,0
BRDA:630,116,1,0
BRDA:647,117,0,0
BRDA:647,117,1,0
BRDA:649,118,0,0
BRDA:649,118,1,0
BRDA:653,119,0,0
BRDA:653,119,1,0
BRDA:661,120,0,0
BRDA:661,120,1,0
BRDA:661,121,0,0
BRDA:661,121,1,0
BRDA:662,122,0,0
BRDA:662,122,1,0
BRDA:663,123,0,0
BRDA:663,123,1,0
BRDA:670,124,0,0
BRDA:670,124,1,0
BRDA:675,125,0,0
BRDA:675,125,1,0
BRDA:676,126,0,0
BRDA:676,126,1,0
BRDA:681,127,0,0
BRDA:681,127,1,0
BRDA:685,128,0,0
BRDA:685,128,1,0
BRDA:696,129,0,0
BRDA:696,129,1,0
BRDA:707,130,0,0
BRDA:709,131,0,0
BRDA:709,131,1,0
BRDA:721,132,0,0
BRDA:721,132,1,0
BRDA:734,133,0,0
BRDA:734,133,1,0
BRDA:735,134,0,0
BRDA:735,134,1,0
BRDA:736,135,0,0
BRDA:736,135,1,0
BRDA:741,136,0,0
BRDA:741,136,1,0
BRDA:743,137,0,0
BRDA:743,137,1,0
BRDA:743,138,0,0
BRDA:743,138,1,0
BRDA:744,139,0,0
BRDA:744,139,1,0
BRDA:744,140,0,0
BRDA:744,140,1,0
BRDA:745,141,0,0
BRDA:745,141,1,0
BRDA:745,142,0,0
BRDA:745,142,1,0
BRDA:745,142,2,0
BRDA:745,142,3,0
BRDA:746,143,0,0
BRDA:746,143,1,0
BRDA:747,144,0,0
BRDA:747,144,1,0
BRDA:747,145,0,0
BRDA:747,145,1,0
BRDA:747,145,2,0
BRDA:748,146,0,0
BRDA:748,146,1,0
BRDA:749,147,0,0
BRDA:749,147,1,0
BRDA:749,148,0,0
BRDA:749,148,1,0
BRDA:760,149,0,0
BRDA:760,149,1,0
BRDA:760,150,0,0
BRDA:760,150,1,0
BRDA:769,151,0,0
BRDA:769,151,1,0
BRF:307
BRH:0
end_of_record
TN:
SF:public/assets/js/dashboardE.js
FN:2,(anonymous_0)
FN:4,(anonymous_1)
FN:11,apiGet
FN:24,setText
FN:35,renderList
FN:47,initChart
FN:68,(anonymous_6)
FN:71,(anonymous_7)
FN:77,(anonymous_8)
FN:100,(anonymous_9)
FN:116,(anonymous_10)
FN:125,(anonymous_11)
FN:132,(anonymous_12)
FNF:13
FNH:0
FNDA:0,(anonymous_0)
FNDA:0,(anonymous_1)
FNDA:0,apiGet
FNDA:0,setText
FNDA:0,renderList
FNDA:0,initChart
FNDA:0,(anonymous_6)
FNDA:0,(anonymous_7)
FNDA:0,(anonymous_8)
FNDA:0,(anonymous_9)
FNDA:0,(anonymous_10)
FNDA:0,(anonymous_11)
FNDA:0,(anonymous_12)
DA:2,0
DA:3,0
DA:4,0
DA:12,0
DA:15,0
DA:16,0
DA:25,0
DA:26,0
DA:36,0
DA:37,0
DA:38,0
DA:48,0
DA:49,0
DA:52,0
DA:53,0
DA:54,0
DA:55,0
DA:60,0
DA:61,0
DA:62,0
DA:65,0
DA:68,0
DA:71,0
DA:77,0
DA:100,0
DA:101,0
DA:103,0
DA:105,0
DA:106,0
DA:107,0
DA:109,0
DA:110,0
DA:111,0
DA:112,0
DA:113,0
DA:116,0
DA:117,0
DA:118,0
DA:119,0
DA:125,0
DA:126,0
DA:132,0
DA:134,0
LF:43
LH:0
BRDA:15,0,0,0
BRDA:15,0,1,0
BRDA:15,1,0,0
BRDA:15,1,1,0
BRDA:26,2,0,0
BRDA:26,2,1,0
BRDA:37,3,0,0
BRDA:37,3,1,0
BRDA:38,4,0,0
BRDA:38,4,1,0
BRDA:49,5,0,0
BRDA:49,5,1,0
BRDA:49,6,0,0
BRDA:49,6,1,0
BRDA:52,7,0,0
BRDA:52,7,1,0
BRDA:53,8,0,0
BRDA:53,8,1,0
BRDA:77,9,0,0
BRDA:77,9,1,0
BRDA:89,10,0,0
BRDA:89,10,1,0
BRDA:109,11,0,0
BRDA:109,11,1,0
BRDA:113,12,0,0
BRDA:113,12,1,0
BRDA:117,13,0,0
BRDA:117,13,1,0
BRDA:118,14,0,0
BRDA:118,14,1,0
BRDA:132,15,0,0
BRDA:132,15,1,0
BRF:32
BRH:0
end_of_record
TN:
SF:public/assets/js/dashboardRH.js
FN:3,(anonymous_0)
FN:11,apiGet
FN:20,getDashboardData
FN:30,exportCSV
FN:43,(anonymous_4)
FN:51,(anonymous_5)
FN:55,(anonymous_6)
FN:68,hexToRgb
FN:77,rgbToHex
FN:79,(anonymous_9)
FN:84,mix
FN:95,generateGroupedPalette
FN:128,renderCharts
FN:143,(anonymous_13)
FN:145,(anonymous_14)
FN:166,(anonymous_15)
FN:169,(anonymous_16)
FN:200,genererRapportPDF
FN:240,bindActions
FN:243,(anonymous_19)
FN:249,(anonymous_20)
FN:255,(anonymous_21)
FN:264,(anonymous_22)
FN:272,(anonymous_23)
FNF:24
FNH:0
FNDA:0,(anonymous_0)
FNDA:0,apiGet
FNDA:0,getDashboardData
FNDA:0,exportCSV
FNDA:0,(anonymous_4)
FNDA:0,(anonymous_5)
FNDA:0,(anonymous_6)
FNDA:0,hexToRgb
FNDA:0,rgbToHex
FNDA:0,(anonymous_9)
FNDA:0,mix
FNDA:0,generateGroupedPalette
FNDA:0,renderCharts
FNDA:0,(anonymous_13)
FNDA:0,(anonymous_14)
FNDA:0,(anonymous_15)
FNDA:0,(anonymous_16)
FNDA:0,genererRapportPDF
FNDA:0,bindActions
FNDA:0,(anonymous_19)
FNDA:0,(anonymous_20)
FNDA:0,(anonymous_21)
FNDA:0,(anonymous_22)
FNDA:0,(anonymous_23)
DA:3,0
DA:4,0
DA:12,0
DA:13,0
DA:21,0
DA:31,0
DA:33,0
DA:34,0
DA:35,0
DA:36,0
DA:37,0
DA:39,0
DA:41,0
DA:42,0
DA:43,0
DA:44,0
DA:47,0
DA:49,0
DA:50,0
DA:51,0
DA:52,0
DA:55,0
DA:56,0
DA:57,0
DA:59,0
DA:60,0
DA:61,0
DA:62,0
DA:63,0
DA:66,0
DA:69,0
DA:70,0
DA:78,0
DA:79,0
DA:85,0
DA:86,0
DA:88,0
DA:89,0
DA:90,0
DA:92,0
DA:96,0
DA:97,0
DA:99,0
DA:100,0
DA:101,0
DA:103,0
DA:105,0
DA:106,0
DA:109,0
DA:110,0
DA:112,0
DA:116,0
DA:120,0
DA:129,0
DA:130,0
DA:131,0
DA:132,0
DA:135,0
DA:136,0
DA:138,0
DA:139,0
DA:140,0
DA:143,0
DA:145,0
DA:161,0
DA:162,0
DA:163,0
DA:166,0
DA:169,0
DA:201,0
DA:204,0
DA:207,0
DA:213,0
DA:214,0
DA:220,0
DA:221,0
DA:223,0
DA:224,0
DA:226,0
DA:228,0
DA:229,0
DA:230,0
DA:231,0
DA:234,0
DA:241,0
DA:242,0
DA:243,0
DA:244,0
DA:247,0
DA:248,0
DA:249,0
DA:250,0
DA:255,0
DA:256,0
DA:258,0
DA:259,0
DA:260,0
DA:261,0
DA:263,0
DA:264,0
DA:271,0
DA:272,0
DA:278,0
DA:279,0
DA:280,0
DA:282,0
DA:283,0
DA:284,0
DA:286,0
DA:287,0
DA:288,0
DA:290,0
DA:291,0
LF:113
LH:0
BRDA:101,0,0,0
BRDA:101,0,1,0
BRDA:105,1,0,0
BRDA:105,1,1,0
BRDA:109,2,0,0
BRDA:109,2,1,0
BRDA:130,3,0,0
BRDA:130,3,1,0
BRDA:138,4,0,0
BRDA:138,4,1,0
BRDA:161,5,0,0
BRDA:161,5,1,0
BRDA:231,6,0,0
BRDA:231,6,1,0
BRDA:242,7,0,0
BRDA:242,7,1,0
BRDA:248,8,0,0
BRDA:248,8,1,0
BRDA:259,9,0,0
BRDA:259,9,1,0
BRDA:260,10,0,0
BRDA:260,10,1,0
BRDA:261,11,0,0
BRDA:261,11,1,0
BRDA:263,12,0,0
BRDA:263,12,1,0
BRDA:271,13,0,0
BRDA:271,13,1,0
BRDA:286,14,0,0
BRDA:286,14,1,0
BRDA:287,15,0,0
BRDA:287,15,1,0
BRDA:288,16,0,0
BRDA:288,16,1,0
BRF:34
BRH:0
end_of_record
TN:
SF:public/assets/js/defis.js
FN:2,(anonymous_0)
FN:4,(anonymous_1)
FN:11,apiGet
FN:26,filtered
FN:28,(anonymous_4)
FN:35,bulletLabel
FN:45,actionButton
FN:57,renderTeamProgress
FN:83,renderMemberChips
FN:88,(anonymous_9)
FN:89,(anonymous_10)
FN:96,renderTimeline
FN:104,(anonymous_12)
FN:127,bindFilters
FN:128,(anonymous_14)
FN:129,(anonymous_15)
FN:131,(anonymous_16)
FN:138,(anonymous_17)
FN:151,(anonymous_18)
FNF:19
FNH:0
FNDA:0,(anonymous_0)
FNDA:0,(anonymous_1)
FNDA:0,apiGet
FNDA:0,filtered
FNDA:0,(anonymous_4)
FNDA:0,bulletLabel
FNDA:0,actionButton
FNDA:0,renderTeamProgress
FNDA:0,renderMemberChips
FNDA:0,(anonymous_9)
FNDA:0,(anonymous_10)
FNDA:0,renderTimeline
FNDA:0,(anonymous_12)
FNDA:0,bindFilters
FNDA:0,(anonymous_14)
FNDA:0,(anonymous_15)
FNDA:0,(anonymous_16)
FNDA:0,(anonymous_17)
FNDA:0,(anonymous_18)
DA:2,0
DA:3,0
DA:4,0
DA:12,0
DA:15,0
DA:16,0
DA:19,0
DA:20,0
DA:27,0
DA:28,0
DA:36,0
DA:37,0
DA:38,0
DA:46,0
DA:47,0
DA:49,0
DA:50,0
DA:58,0
DA:59,0
DA:60,0
DA:61,0
DA:62,0
DA:63,0
DA:64,0
DA:67,0
DA:68,0
DA:84,0
DA:85,0
DA:86,0
DA:87,0
DA:88,0
DA:89,0
DA:97,0
DA:98,0
DA:99,0
DA:100,0
DA:101,0
DA:102,0
DA:104,0
DA:128,0
DA:129,0
DA:130,0
DA:131,0
DA:132,0
DA:133,0
DA:138,0
DA:139,0
DA:140,0
DA:142,0
DA:144,0
DA:145,0
DA:146,0
DA:147,0
DA:148,0
DA:149,0
DA:150,0
DA:151,0
DA:152,0
DA:153,0
DA:154,0
DA:157,0
DA:158,0
DA:159,0
DA:161,0
DA:162,0
DA:163,0
LF:66
LH:0
BRDA:15,0,0,0
BRDA:15,0,1,0
BRDA:15,1,0,0
BRDA:15,1,1,0
BRDA:27,2,0,0
BRDA:27,2,1,0
BRDA:36,3,0,0
BRDA:36,3,1,0
BRDA:37,4,0,0
BRDA:37,4,1,0
BRDA:46,5,0,0
BRDA:46,5,1,0
BRDA:49,6,0,0
BRDA:49,6,1,0
BRDA:59,7,0,0
BRDA:59,7,1,0
BRDA:61,8,0,0
BRDA:61,8,1,0
BRDA:62,9,0,0
BRDA:62,9,1,0
BRDA:67,10,0,0
BRDA:67,10,1,0
BRDA:84,11,0,0
BRDA:84,11,1,0
BRDA:85,12,0,0
BRDA:85,12,1,0
BRDA:86,13,0,0
BRDA:86,13,1,0
BRDA:86,14,0,0
BRDA:86,14,1,0
BRDA:98,15,0,0
BRDA:98,15,1,0
BRDA:100,16,0,0
BRDA:100,16,1,0
BRDA:112,17,0,0
BRDA:112,17,1,0
BRDA:115,18,0,0
BRDA:115,18,1,0
BRDA:116,19,0,0
BRDA:116,19,1,0
BRDA:116,20,0,0
BRDA:116,20,1,0
BRDA:130,21,0,0
BRDA:130,21,1,0
BRDA:144,22,0,0
BRDA:144,22,1,0
BRDA:146,23,0,0
BRDA:146,23,1,0
BRDA:148,24,0,0
BRDA:148,24,1,0
BRDA:148,25,0,0
BRDA:148,25,1,0
BRDA:149,26,0,0
BRDA:149,26,1,0
BRDA:149,27,0,0
BRDA:149,27,1,0
BRDA:152,28,0,0
BRDA:152,28,1,0
BRDA:152,29,0,0
BRDA:152,29,1,0
BRDA:154,30,0,0
BRDA:154,30,1,0
BRDA:163,31,0,0
BRDA:163,31,1,0
BRF:64
BRH:0
end_of_record
TN:
SF:public/assets/js/detailDefi.js
FN:2,(anonymous_0)
FN:4,(anonymous_1)
FN:11,apiGet
FN:25,apiPost
FN:41,setText
FN:50,statusLabel
FN:64,isImageProof
FN:73,renderProof
FN:98,setBlockedState
FN:121,(anonymous_9)
FN:126,(anonymous_10)
FN:135,setPendingState
FN:147,(anonymous_12)
FN:161,renderHead
FN:175,renderActions
FN:179,(anonymous_15)
FN:187,(anonymous_16)
FN:196,(anonymous_17)
FN:219,(anonymous_18)
FN:220,(anonymous_19)
FN:222,(anonymous_20)
FN:233,formatDateTime
FN:244,renderForum
FN:251,(anonymous_23)
FN:263,getForumSignature
FN:265,(anonymous_25)
FN:273,refreshForum
FN:289,startForumPolling
FN:293,(anonymous_28)
FN:304,renderHistory
FN:309,(anonymous_30)
FN:317,(anonymous_31)
FN:331,(anonymous_32)
FN:359,applyChallengeData
FN:363,(anonymous_34)
FN:380,bindSubmissionForm
FN:389,(anonymous_36)
FN:396,(anonymous_37)
FN:401,(anonymous_38)
FN:406,(anonymous_39)
FN:504,bindForumForm
FN:509,(anonymous_41)
FN:539,(anonymous_42)
FNF:43
FNH:0
FNDA:0,(anonymous_0)
FNDA:0,(anonymous_1)
FNDA:0,apiGet
FNDA:0,apiPost
FNDA:0,setText
FNDA:0,statusLabel
FNDA:0,isImageProof
FNDA:0,renderProof
FNDA:0,setBlockedState
FNDA:0,(anonymous_9)
FNDA:0,(anonymous_10)
FNDA:0,setPendingState
FNDA:0,(anonymous_12)
FNDA:0,renderHead
FNDA:0,renderActions
FNDA:0,(anonymous_15)
FNDA:0,(anonymous_16)
FNDA:0,(anonymous_17)
FNDA:0,(anonymous_18)
FNDA:0,(anonymous_19)
FNDA:0,(anonymous_20)
FNDA:0,formatDateTime
FNDA:0,renderForum
FNDA:0,(anonymous_23)
FNDA:0,getForumSignature
FNDA:0,(anonymous_25)
FNDA:0,refreshForum
FNDA:0,startForumPolling
FNDA:0,(anonymous_28)
FNDA:0,renderHistory
FNDA:0,(anonymous_30)
FNDA:0,(anonymous_31)
FNDA:0,(anonymous_32)
FNDA:0,applyChallengeData
FNDA:0,(anonymous_34)
FNDA:0,bindSubmissionForm
FNDA:0,(anonymous_36)
FNDA:0,(anonymous_37)
FNDA:0,(anonymous_38)
FNDA:0,(anonymous_39)
FNDA:0,bindForumForm
FNDA:0,(anonymous_41)
FNDA:0,(anonymous_42)
DA:2,0
DA:3,0
DA:4,0
DA:12,0
DA:15,0
DA:16,0
DA:26,0
DA:31,0
DA:32,0
DA:33,0
DA:42,0
DA:43,0
DA:51,0
DA:56,0
DA:65,0
DA:66,0
DA:74,0
DA:75,0
DA:76,0
DA:78,0
DA:79,0
DA:81,0
DA:84,0
DA:85,0
DA:86,0
DA:87,0
DA:88,0
DA:89,0
DA:90,0
DA:99,0
DA:100,0
DA:101,0
DA:104,0
DA:105,0
DA:106,0
DA:108,0
DA:109,0
DA:110,0
DA:111,0
DA:114,0
DA:115,0
DA:116,0
DA:117,0
DA:120,0
DA:121,0
DA:122,0
DA:125,0
DA:126,0
DA:127,0
DA:136,0
DA:137,0
DA:138,0
DA:141,0
DA:142,0
DA:143,0
DA:144,0
DA:147,0
DA:148,0
DA:151,0
DA:152,0
DA:153,0
DA:162,0
DA:163,0
DA:164,0
DA:165,0
DA:166,0
DA:167,0
DA:176,0
DA:177,0
DA:179,0
DA:181,0
DA:182,0
DA:183,0
DA:184,0
DA:187,0
DA:188,0
DA:190,0
DA:191,0
DA:193,0
DA:196,0
DA:197,0
DA:198,0
DA:199,0
DA:200,0
DA:201,0
DA:202,0
DA:203,0
DA:204,0
DA:205,0
DA:207,0
DA:218,0
DA:219,0
DA:220,0
DA:221,0
DA:222,0
DA:223,0
DA:234,0
DA:235,0
DA:236,0
DA:237,0
DA:245,0
DA:246,0
DA:247,0
DA:248,0
DA:249,0
DA:251,0
DA:264,0
DA:265,0
DA:274,0
DA:275,0
DA:276,0
DA:277,0
DA:278,0
DA:279,0
DA:282,0
DA:290,0
DA:291,0
DA:293,0
DA:294,0
DA:295,0
DA:305,0
DA:306,0
DA:308,0
DA:309,0
DA:317,0
DA:326,0
DA:327,0
DA:328,0
DA:331,0
DA:332,0
DA:333,0
DA:334,0
DA:335,0
DA:336,0
DA:337,0
DA:338,0
DA:339,0
DA:341,0
DA:360,0
DA:361,0
DA:363,0
DA:364,0
DA:365,0
DA:366,0
DA:367,0
DA:368,0
DA:370,0
DA:371,0
DA:372,0
DA:373,0
DA:381,0
DA:382,0
DA:383,0
DA:384,0
DA:385,0
DA:387,0
DA:388,0
DA:389,0
DA:390,0
DA:391,0
DA:392,0
DA:395,0
DA:396,0
DA:397,0
DA:398,0
DA:399,0
DA:401,0
DA:402,0
DA:404,0
DA:406,0
DA:407,0
DA:408,0
DA:409,0
DA:411,0
DA:412,0
DA:415,0
DA:416,0
DA:417,0
DA:418,0
DA:421,0
DA:422,0
DA:423,0
DA:424,0
DA:428,0
DA:429,0
DA:430,0
DA:433,0
DA:434,0
DA:435,0
DA:436,0
DA:438,0
DA:439,0
DA:440,0
DA:441,0
DA:443,0
DA:444,0
DA:445,0
DA:446,0
DA:449,0
DA:450,0
DA:451,0
DA:452,0
DA:453,0
DA:454,0
DA:457,0
DA:458,0
DA:460,0
DA:461,0
DA:462,0
DA:463,0
DA:464,0
DA:465,0
DA:467,0
DA:471,0
DA:476,0
DA:477,0
DA:479,0
DA:480,0
DA:481,0
DA:483,0
DA:485,0
DA:486,0
DA:487,0
DA:488,0
DA:489,0
DA:491,0
DA:492,0
DA:494,0
DA:495,0
DA:505,0
DA:506,0
DA:507,0
DA:509,0
DA:510,0
DA:512,0
DA:513,0
DA:514,0
DA:515,0
DA:517,0
DA:518,0
DA:520,0
DA:521,0
DA:522,0
DA:524,0
DA:525,0
DA:526,0
DA:527,0
DA:529,0
DA:530,0
DA:531,0
DA:533,0
DA:535,0
DA:539,0
DA:540,0
DA:541,0
DA:543,0
DA:544,0
DA:545,0
DA:548,0
DA:549,0
DA:551,0
DA:552,0
DA:553,0
DA:554,0
DA:556,0
DA:557,0
LF:266
LH:0
BRDA:15,0,0,0
BRDA:15,0,1,0
BRDA:15,1,0,0
BRDA:15,1,1,0
BRDA:32,2,0,0
BRDA:32,2,1,0
BRDA:32,3,0,0
BRDA:32,3,1,0
BRDA:43,4,0,0
BRDA:43,4,1,0
BRDA:56,5,0,0
BRDA:56,5,1,0
BRDA:56,5,2,0
BRDA:65,6,0,0
BRDA:65,6,1,0
BRDA:66,7,0,0
BRDA:66,7,1,0
BRDA:74,8,0,0
BRDA:74,8,1,0
BRDA:75,9,0,0
BRDA:75,9,1,0
BRDA:78,10,0,0
BRDA:78,10,1,0
BRDA:100,11,0,0
BRDA:100,11,1,0
BRDA:104,12,0,0
BRDA:104,12,1,0
BRDA:105,13,0,0
BRDA:105,13,1,0
BRDA:109,14,0,0
BRDA:109,14,1,0
BRDA:115,15,0,0
BRDA:115,15,1,0
BRDA:137,16,0,0
BRDA:137,16,1,0
BRDA:143,17,0,0
BRDA:143,17,1,0
BRDA:151,18,0,0
BRDA:151,18,1,0
BRDA:151,19,0,0
BRDA:151,19,1,0
BRDA:151,19,2,0
BRDA:164,20,0,0
BRDA:164,20,1,0
BRDA:177,21,0,0
BRDA:177,21,1,0
BRDA:181,22,0,0
BRDA:181,22,1,0
BRDA:187,23,0,0
BRDA:187,23,1,0
BRDA:190,24,0,0
BRDA:190,24,1,0
BRDA:190,25,0,0
BRDA:190,25,1,0
BRDA:191,26,0,0
BRDA:191,26,1,0
BRDA:200,27,0,0
BRDA:200,27,1,0
BRDA:200,28,0,0
BRDA:200,28,1,0
BRDA:200,29,0,0
BRDA:200,29,1,0
BRDA:201,30,0,0
BRDA:201,30,1,0
BRDA:201,31,0,0
BRDA:201,31,1,0
BRDA:201,32,0,0
BRDA:201,32,1,0
BRDA:202,33,0,0
BRDA:202,33,1,0
BRDA:202,33,2,0
BRDA:202,33,3,0
BRDA:203,34,0,0
BRDA:203,34,1,0
BRDA:204,35,0,0
BRDA:204,35,1,0
BRDA:204,36,0,0
BRDA:204,36,1,0
BRDA:205,37,0,0
BRDA:205,37,1,0
BRDA:211,38,0,0
BRDA:211,38,1,0
BRDA:213,39,0,0
BRDA:213,39,1,0
BRDA:218,40,0,0
BRDA:218,40,1,0
BRDA:218,41,0,0
BRDA:218,41,1,0
BRDA:246,42,0,0
BRDA:246,42,1,0
BRDA:247,43,0,0
BRDA:247,43,1,0
BRDA:264,44,0,0
BRDA:264,44,1,0
BRDA:265,45,0,0
BRDA:265,45,1,0
BRDA:265,46,0,0
BRDA:265,46,1,0
BRDA:265,47,0,0
BRDA:265,47,1,0
BRDA:276,48,0,0
BRDA:276,48,1,0
BRDA:277,49,0,0
BRDA:277,49,1,0
BRDA:279,50,0,0
BRDA:279,50,1,0
BRDA:290,51,0,0
BRDA:290,51,1,0
BRDA:294,52,0,0
BRDA:294,52,1,0
BRDA:304,53,0,0
BRDA:306,54,0,0
BRDA:306,54,1,0
BRDA:308,55,0,0
BRDA:308,55,1,0
BRDA:308,56,0,0
BRDA:308,56,1,0
BRDA:310,57,0,0
BRDA:310,57,1,0
BRDA:326,58,0,0
BRDA:326,58,1,0
BRDA:332,59,0,0
BRDA:332,59,1,0
BRDA:333,60,0,0
BRDA:333,60,1,0
BRDA:334,61,0,0
BRDA:334,61,1,0
BRDA:335,62,0,0
BRDA:335,62,1,0
BRDA:336,63,0,0
BRDA:336,63,1,0
BRDA:337,64,0,0
BRDA:337,64,1,0
BRDA:337,65,0,0
BRDA:337,65,1,0
BRDA:339,66,0,0
BRDA:339,66,1,0
BRDA:363,67,0,0
BRDA:363,67,1,0
BRDA:363,68,0,0
BRDA:363,68,1,0
BRDA:364,69,0,0
BRDA:364,69,1,0
BRDA:366,70,0,0
BRDA:366,70,1,0
BRDA:367,71,0,0
BRDA:367,71,1,0
BRDA:368,72,0,0
BRDA:368,72,1,0
BRDA:368,73,0,0
BRDA:368,73,1,0
BRDA:370,74,0,0
BRDA:370,74,1,0
BRDA:372,75,0,0
BRDA:372,75,1,0
BRDA:385,76,0,0
BRDA:385,76,1,0
BRDA:385,77,0,0
BRDA:385,77,1,0
BRDA:390,78,0,0
BRDA:390,78,1,0
BRDA:390,78,2,0
BRDA:391,79,0,0
BRDA:391,79,1,0
BRDA:397,80,0,0
BRDA:397,80,1,0
BRDA:411,81,0,0
BRDA:411,81,1,0
BRDA:415,82,0,0
BRDA:415,82,1,0
BRDA:421,83,0,0
BRDA:421,83,1,0
BRDA:428,84,0,0
BRDA:428,84,1,0
BRDA:434,85,0,0
BRDA:434,85,1,0
BRDA:438,86,0,0
BRDA:438,86,1,0
BRDA:443,87,0,0
BRDA:443,87,1,0
BRDA:450,88,0,0
BRDA:450,88,1,0
BRDA:451,89,0,0
BRDA:451,89,1,0
BRDA:452,90,0,0
BRDA:452,90,1,0
BRDA:452,91,0,0
BRDA:452,91,1,0
BRDA:463,92,0,0
BRDA:463,92,1,0
BRDA:464,93,0,0
BRDA:464,93,1,0
BRDA:477,94,0,0
BRDA:477,94,1,0
BRDA:477,95,0,0
BRDA:477,95,1,0
BRDA:479,96,0,0
BRDA:479,96,1,0
BRDA:480,97,0,0
BRDA:480,97,1,0
BRDA:485,98,0,0
BRDA:485,98,1,0
BRDA:491,99,0,0
BRDA:491,99,1,0
BRDA:494,100,0,0
BRDA:494,100,1,0
BRDA:507,101,0,0
BRDA:507,101,1,0
BRDA:507,102,0,0
BRDA:507,102,1,0
BRDA:512,103,0,0
BRDA:512,103,1,0
BRDA:517,104,0,0
BRDA:517,104,1,0
BRDA:518,105,0,0
BRDA:518,105,1,0
BRDA:531,106,0,0
BRDA:531,106,1,0
BRDA:533,107,0,0
BRDA:533,107,1,0
BRDA:541,108,0,0
BRDA:541,108,1,0
BRDA:543,109,0,0
BRDA:543,109,1,0
BRF:224
BRH:0
end_of_record
TN:
SF:public/assets/js/detailDefiAnimateur.js
FN:3,(anonymous_0)
FN:5,(anonymous_1)
FN:35,apiGet
FN:52,apiPost
FN:68,escapeHtml
FN:77,setHidden
FN:89,afficherErreur
FN:103,renderHero
FN:139,renderActions
FN:155,(anonymous_9)
FN:175,renderForum
FN:189,(anonymous_11)
FN:246,loadBlockedEmployees
FN:255,(anonymous_13)
FN:256,(anonymous_14)
FN:264,blockEmployee
FN:277,unblockEmployee
FN:289,bindForumActions
FN:294,(anonymous_18)
FN:330,chargerDetail
FN:373,(anonymous_20)
FNF:21
FNH:0
FNDA:0,(anonymous_0)
FNDA:0,(anonymous_1)
FNDA:0,apiGet
FNDA:0,apiPost
FNDA:0,escapeHtml
FNDA:0,setHidden
FNDA:0,afficherErreur
FNDA:0,renderHero
FNDA:0,renderActions
FNDA:0,(anonymous_9)
FNDA:0,renderForum
FNDA:0,(anonymous_11)
FNDA:0,loadBlockedEmployees
FNDA:0,(anonymous_13)
FNDA:0,(anonymous_14)
FNDA:0,blockEmployee
FNDA:0,unblockEmployee
FNDA:0,bindForumActions
FNDA:0,(anonymous_18)
FNDA:0,chargerDetail
FNDA:0,(anonymous_20)
DA:3,0
DA:4,0
DA:5,0
DA:7,0
DA:8,0
DA:10,0
DA:11,0
DA:12,0
DA:13,0
DA:15,0
DA:16,0
DA:17,0
DA:18,0
DA:19,0
DA:20,0
DA:21,0
DA:23,0
DA:24,0
DA:25,0
DA:27,0
DA:28,0
DA:36,0
DA:39,0
DA:40,0
DA:41,0
DA:43,0
DA:53,0
DA:61,0
DA:62,0
DA:63,0
DA:65,0
DA:69,0
DA:78,0
DA:79,0
DA:82,0
DA:90,0
DA:91,0
DA:92,0
DA:94,0
DA:95,0
DA:104,0
DA:105,0
DA:108,0
DA:109,0
DA:112,0
DA:113,0
DA:116,0
DA:117,0
DA:120,0
DA:121,0
DA:124,0
DA:125,0
DA:128,0
DA:129,0
DA:132,0
DA:140,0
DA:141,0
DA:144,0
DA:146,0
DA:147,0
DA:152,0
DA:155,0
DA:156,0
DA:157,0
DA:158,0
DA:167,0
DA:176,0
DA:177,0
DA:180,0
DA:182,0
DA:183,0
DA:184,0
DA:187,0
DA:189,0
DA:190,0
DA:191,0
DA:193,0
DA:194,0
DA:195,0
DA:205,0
DA:206,0
DA:212,0
DA:213,0
DA:214,0
DA:215,0
DA:216,0
DA:218,0
DA:224,0
DA:239,0
DA:247,0
DA:248,0
DA:251,0
DA:252,0
DA:253,0
DA:255,0
DA:256,0
DA:265,0
DA:269,0
DA:270,0
DA:278,0
DA:282,0
DA:283,0
DA:290,0
DA:291,0
DA:294,0
DA:295,0
DA:296,0
DA:297,0
DA:300,0
DA:301,0
DA:302,0
DA:305,0
DA:306,0
DA:307,0
DA:308,0
DA:311,0
DA:312,0
DA:313,0
DA:314,0
DA:316,0
DA:317,0
DA:318,0
DA:321,0
DA:322,0
DA:331,0
DA:332,0
DA:333,0
DA:336,0
DA:337,0
DA:341,0
DA:343,0
DA:344,0
DA:347,0
DA:348,0
DA:351,0
DA:352,0
DA:354,0
DA:355,0
DA:357,0
DA:360,0
DA:361,0
DA:362,0
DA:363,0
DA:365,0
DA:366,0
DA:368,0
DA:369,0
DA:373,0
DA:374,0
DA:375,0
LF:150
LH:0
BRDA:5,0,0,0
BRDA:5,0,1,0
BRDA:8,1,0,0
BRDA:8,1,1,0
BRDA:37,2,0,0
BRDA:37,2,1,0
BRDA:40,3,0,0
BRDA:40,3,1,0
BRDA:41,4,0,0
BRDA:41,4,1,0
BRDA:41,4,2,0
BRDA:57,5,0,0
BRDA:57,5,1,0
BRDA:62,6,0,0
BRDA:62,6,1,0
BRDA:63,7,0,0
BRDA:63,7,1,0
BRDA:63,7,2,0
BRDA:69,8,0,0
BRDA:69,8,1,0
BRDA:78,9,0,0
BRDA:78,9,1,0
BRDA:94,10,0,0
BRDA:94,10,1,0
BRDA:104,11,0,0
BRDA:104,11,1,0
BRDA:105,12,0,0
BRDA:105,12,1,0
BRDA:105,12,2,0
BRDA:108,13,0,0
BRDA:108,13,1,0
BRDA:109,14,0,0
BRDA:109,14,1,0
BRDA:109,14,2,0
BRDA:112,15,0,0
BRDA:112,15,1,0
BRDA:113,16,0,0
BRDA:113,16,1,0
BRDA:113,16,2,0
BRDA:116,17,0,0
BRDA:116,17,1,0
BRDA:117,18,0,0
BRDA:117,18,1,0
BRDA:117,18,2,0
BRDA:120,19,0,0
BRDA:120,19,1,0
BRDA:121,20,0,0
BRDA:121,20,1,0
BRDA:121,20,2,0
BRDA:124,21,0,0
BRDA:124,21,1,0
BRDA:125,22,0,0
BRDA:125,22,1,0
BRDA:125,22,2,0
BRDA:128,23,0,0
BRDA:128,23,1,0
BRDA:129,24,0,0
BRDA:129,24,1,0
BRDA:129,24,2,0
BRDA:132,25,0,0
BRDA:132,25,1,0
BRDA:132,25,2,0
BRDA:140,26,0,0
BRDA:140,26,1,0
BRDA:146,27,0,0
BRDA:146,27,1,0
BRDA:146,28,0,0
BRDA:146,28,1,0
BRDA:163,29,0,0
BRDA:163,29,1,0
BRDA:163,29,2,0
BRDA:164,30,0,0
BRDA:164,30,1,0
BRDA:164,30,2,0
BRDA:176,31,0,0
BRDA:176,31,1,0
BRDA:176,32,0,0
BRDA:176,32,1,0
BRDA:182,33,0,0
BRDA:182,33,1,0
BRDA:182,34,0,0
BRDA:182,34,1,0
BRDA:193,35,0,0
BRDA:193,35,1,0
BRDA:193,35,2,0
BRDA:193,35,3,0
BRDA:194,36,0,0
BRDA:194,36,1,0
BRDA:195,37,0,0
BRDA:195,37,1,0
BRDA:195,38,0,0
BRDA:195,38,1,0
BRDA:205,39,0,0
BRDA:205,39,1,0
BRDA:205,39,2,0
BRDA:206,40,0,0
BRDA:206,40,1,0
BRDA:212,41,0,0
BRDA:212,41,1,0
BRDA:212,42,0,0
BRDA:212,42,1,0
BRDA:212,42,2,0
BRDA:212,43,0,0
BRDA:212,43,1,0
BRDA:212,43,2,0
BRDA:213,44,0,0
BRDA:213,44,1,0
BRDA:213,44,2,0
BRDA:213,44,3,0
BRDA:215,45,0,0
BRDA:215,45,1,0
BRDA:215,45,2,0
BRDA:216,46,0,0
BRDA:216,46,1,0
BRDA:216,46,2,0
BRDA:218,47,0,0
BRDA:218,47,1,0
BRDA:218,48,0,0
BRDA:218,48,1,0
BRDA:219,49,0,0
BRDA:219,49,1,0
BRDA:219,50,0,0
BRDA:219,50,1,0
BRDA:220,51,0,0
BRDA:220,51,1,0
BRDA:247,52,0,0
BRDA:247,52,1,0
BRDA:252,53,0,0
BRDA:252,53,1,0
BRDA:255,54,0,0
BRDA:255,54,1,0
BRDA:255,54,2,0
BRDA:255,54,3,0
BRDA:256,55,0,0
BRDA:256,55,1,0
BRDA:290,56,0,0
BRDA:290,56,1,0
BRDA:296,57,0,0
BRDA:296,57,1,0
BRDA:301,58,0,0
BRDA:301,58,1,0
BRDA:305,59,0,0
BRDA:305,59,1,0
BRDA:306,60,0,0
BRDA:306,60,1,0
BRDA:307,61,0,0
BRDA:307,61,1,0
BRDA:312,62,0,0
BRDA:312,62,1,0
BRDA:313,63,0,0
BRDA:313,63,1,0
BRDA:317,64,0,0
BRDA:317,64,1,0
BRDA:322,65,0,0
BRDA:322,65,1,0
BRDA:331,66,0,0
BRDA:331,66,1,0
BRDA:338,67,0,0
BRDA:338,67,1,0
BRDA:343,68,0,0
BRDA:343,68,1,0
BRDA:344,69,0,0
BRDA:344,69,1,0
BRDA:344,69,2,0
BRDA:347,70,0,0
BRDA:347,70,1,0
BRDA:348,71,0,0
BRDA:348,71,1,0
BRDA:348,71,2,0
BRDA:351,72,0,0
BRDA:351,72,1,0
BRDA:352,73,0,0
BRDA:352,73,1,0
BRDA:361,74,0,0
BRDA:361,74,1,0
BRDA:362,75,0,0
BRDA:362,75,1,0
BRDA:369,76,0,0
BRDA:369,76,1,0
BRF:179
BRH:0
end_of_record
TN:
SF:public/assets/js/detailEquipe.js
FN:2,(anonymous_0)
FN:4,(anonymous_1)
FN:11,apiGet
FN:24,setText
FN:34,renderStats
FN:42,(anonymous_5)
FN:53,renderMembers
FN:60,(anonymous_7)
FN:74,renderProgression
FN:81,(anonymous_9)
FN:103,(anonymous_10)
FN:104,(anonymous_11)
FN:114,renderAchievements
FN:121,(anonymous_13)
FN:129,(anonymous_14)
FNF:15
FNH:0
FNDA:0,(anonymous_0)
FNDA:0,(anonymous_1)
FNDA:0,apiGet
FNDA:0,setText
FNDA:0,renderStats
FNDA:0,(anonymous_5)
FNDA:0,renderMembers
FNDA:0,(anonymous_7)
FNDA:0,renderProgression
FNDA:0,(anonymous_9)
FNDA:0,(anonymous_10)
FNDA:0,(anonymous_11)
FNDA:0,renderAchievements
FNDA:0,(anonymous_13)
FNDA:0,(anonymous_14)
DA:2,0
DA:3,0
DA:4,0
DA:12,0
DA:15,0
DA:16,0
DA:25,0
DA:26,0
DA:35,0
DA:36,0
DA:37,0
DA:42,0
DA:54,0
DA:55,0
DA:56,0
DA:57,0
DA:58,0
DA:60,0
DA:75,0
DA:76,0
DA:77,0
DA:78,0
DA:79,0
DA:81,0
DA:82,0
DA:83,0
DA:84,0
DA:85,0
DA:88,0
DA:89,0
DA:103,0
DA:104,0
DA:115,0
DA:116,0
DA:117,0
DA:118,0
DA:119,0
DA:121,0
DA:129,0
DA:130,0
DA:131,0
DA:133,0
DA:134,0
DA:135,0
DA:136,0
DA:139,0
DA:142,0
DA:143,0
DA:144,0
DA:147,0
DA:148,0
DA:149,0
DA:151,0
DA:152,0
DA:154,0
DA:155,0
DA:156,0
DA:157,0
DA:159,0
DA:160,0
LF:60
LH:0
BRDA:15,0,0,0
BRDA:15,0,1,0
BRDA:15,1,0,0
BRDA:15,1,1,0
BRDA:26,2,0,0
BRDA:26,2,1,0
BRDA:36,3,0,0
BRDA:36,3,1,0
BRDA:55,4,0,0
BRDA:55,4,1,0
BRDA:56,5,0,0
BRDA:56,5,1,0
BRDA:64,6,0,0
BRDA:64,6,1,0
BRDA:76,7,0,0
BRDA:76,7,1,0
BRDA:77,8,0,0
BRDA:77,8,1,0
BRDA:82,9,0,0
BRDA:82,9,1,0
BRDA:83,10,0,0
BRDA:83,10,1,0
BRDA:84,11,0,0
BRDA:84,11,1,0
BRDA:85,12,0,0
BRDA:85,12,1,0
BRDA:88,13,0,0
BRDA:88,13,1,0
BRDA:88,14,0,0
BRDA:88,14,1,0
BRDA:101,15,0,0
BRDA:101,15,1,0
BRDA:101,16,0,0
BRDA:101,16,1,0
BRDA:116,17,0,0
BRDA:116,17,1,0
BRDA:117,18,0,0
BRDA:117,18,1,0
BRDA:131,19,0,0
BRDA:131,19,1,0
BRDA:134,20,0,0
BRDA:134,20,1,0
BRDA:134,21,0,0
BRDA:134,21,1,0
BRDA:136,22,0,0
BRDA:136,22,1,0
BRDA:142,23,0,0
BRDA:142,23,1,0
BRDA:156,24,0,0
BRDA:156,24,1,0
BRF:50
BRH:0
end_of_record
TN:
SF:public/assets/js/dialog-runtime.js
FN:1,(anonymous_0)
FN:14,ensureStyles
FN:136,finalize
FN:156,ensureRefs
FN:192,(anonymous_4)
FN:201,(anonymous_5)
FN:209,(anonymous_6)
FN:223,(anonymous_7)
FN:244,open
FN:277,(anonymous_9)
FN:281,(anonymous_10)
FN:291,(anonymous_11)
FN:295,(anonymous_12)
FN:299,(anonymous_13)
FN:303,(anonymous_14)
FNF:15
FNH:0
FNDA:0,(anonymous_0)
FNDA:0,ensureStyles
FNDA:0,finalize
FNDA:0,ensureRefs
FNDA:0,(anonymous_4)
FNDA:0,(anonymous_5)
FNDA:0,(anonymous_6)
FNDA:0,(anonymous_7)
FNDA:0,open
FNDA:0,(anonymous_9)
FNDA:0,(anonymous_10)
FNDA:0,(anonymous_11)
FNDA:0,(anonymous_12)
FNDA:0,(anonymous_13)
FNDA:0,(anonymous_14)
DA:1,0
DA:2,0
DA:3,0
DA:6,0
DA:15,0
DA:16,0
DA:19,0
DA:20,0
DA:21,0
DA:129,0
DA:137,0
DA:138,0
DA:141,0
DA:142,0
DA:144,0
DA:145,0
DA:146,0
DA:147,0
DA:148,0
DA:150,0
DA:157,0
DA:158,0
DA:161,0
DA:163,0
DA:164,0
DA:165,0
DA:166,0
DA:180,0
DA:182,0
DA:192,0
DA:193,0
DA:194,0
DA:197,0
DA:201,0
DA:202,0
DA:203,0
DA:207,0
DA:209,0
DA:210,0
DA:211,0
DA:214,0
DA:215,0
DA:216,0
DA:219,0
DA:223,0
DA:224,0
DA:225,0
DA:228,0
DA:229,0
DA:230,0
DA:234,0
DA:235,0
DA:245,0
DA:247,0
DA:248,0
DA:251,0
DA:252,0
DA:253,0
DA:254,0
DA:255,0
DA:257,0
DA:258,0
DA:259,0
DA:260,0
DA:263,0
DA:264,0
DA:265,0
DA:266,0
DA:267,0
DA:269,0
DA:270,0
DA:271,0
DA:274,0
DA:276,0
DA:277,0
DA:278,0
DA:281,0
DA:282,0
DA:286,0
DA:287,0
DA:290,0
DA:291,0
DA:294,0
DA:295,0
DA:298,0
DA:299,0
DA:302,0
DA:303,0
LF:88
LH:0
BRDA:2,0,0,0
BRDA:2,0,1,0
BRDA:2,1,0,0
BRDA:2,1,1,0
BRDA:15,2,0,0
BRDA:15,2,1,0
BRDA:137,3,0,0
BRDA:137,3,1,0
BRDA:137,4,0,0
BRDA:137,4,1,0
BRDA:157,5,0,0
BRDA:157,5,1,0
BRDA:193,6,0,0
BRDA:193,6,1,0
BRDA:197,7,0,0
BRDA:197,7,1,0
BRDA:202,8,0,0
BRDA:202,8,1,0
BRDA:210,9,0,0
BRDA:210,9,1,0
BRDA:214,10,0,0
BRDA:214,10,1,0
BRDA:215,11,0,0
BRDA:215,11,1,0
BRDA:224,12,0,0
BRDA:224,12,1,0
BRDA:224,13,0,0
BRDA:224,13,1,0
BRDA:228,14,0,0
BRDA:228,14,1,0
BRDA:244,15,0,0
BRDA:247,16,0,0
BRDA:247,16,1,0
BRDA:248,17,0,0
BRDA:248,17,1,0
BRDA:251,18,0,0
BRDA:251,18,1,0
BRDA:252,19,0,0
BRDA:252,19,1,0
BRDA:253,20,0,0
BRDA:253,20,1,0
BRDA:254,21,0,0
BRDA:254,21,1,0
BRDA:257,22,0,0
BRDA:257,22,1,0
BRDA:259,23,0,0
BRDA:259,23,1,0
BRDA:263,24,0,0
BRDA:263,24,1,0
BRDA:265,25,0,0
BRDA:265,25,1,0
BRDA:266,26,0,0
BRDA:266,26,1,0
BRDA:267,27,0,0
BRDA:267,27,1,0
BRDA:276,28,0,0
BRDA:276,28,1,0
BRDA:286,29,0,0
BRDA:286,29,1,0
BRDA:286,30,0,0
BRDA:286,30,1,0
BRDA:290,31,0,0
BRDA:290,31,1,0
BRDA:291,32,0,0
BRDA:294,33,0,0
BRDA:294,33,1,0
BRDA:295,34,0,0
BRDA:298,35,0,0
BRDA:298,35,1,0
BRDA:299,36,0,0
BRDA:302,37,0,0
BRDA:302,37,1,0
BRDA:303,38,0,0
BRDA:303,39,0,0
BRF:74
BRH:0
end_of_record
TN:
SF:public/assets/js/documents.js
FN:8,(anonymous_0)
FNF:1
FNH:0
FNDA:0,(anonymous_0)
DA:8,0
DA:9,0
LF:2
LH:0
BRF:0
BRH:0
end_of_record
TN:
SF:public/assets/js/gestionBadges.js
FN:1,(anonymous_0)
FN:42,getToken
FN:52,apiRequest
FN:89,showToast
FN:102,showFeedback
FN:111,clearFeedback
FN:118,formatThemeLabel
FN:122,getDefaultConditionType
FN:133,buildConditionOptions
FN:139,(anonymous_9)
FN:172,parseConditionText
FN:183,renderBadges
FN:187,(anonymous_12)
FN:212,(anonymous_13)
FN:229,(anonymous_14)
FN:258,openBadgeModal
FN:260,(anonymous_16)
FN:290,closeBadgeModal
FN:299,saveBadgeFromModal
FN:310,(anonymous_19)
FN:326,buildEmojiGrid
FN:330,(anonymous_21)
FN:335,(anonymous_22)
FN:352,loadBadges
FN:356,(anonymous_24)
FN:368,loadThemes
FN:371,(anonymous_26)
FN:388,saveBadges
FN:391,(anonymous_28)
FN:412,attachEvents
FN:414,(anonymous_30)
FN:425,(anonymous_31)
FN:432,(anonymous_32)
FN:439,(anonymous_33)
FN:445,(anonymous_34)
FN:446,(anonymous_35)
FN:451,initialize
FNF:37
FNH:0
FNDA:0,(anonymous_0)
FNDA:0,getToken
FNDA:0,apiRequest
FNDA:0,showToast
FNDA:0,showFeedback
FNDA:0,clearFeedback
FNDA:0,formatThemeLabel
FNDA:0,getDefaultConditionType
FNDA:0,buildConditionOptions
FNDA:0,(anonymous_9)
FNDA:0,parseConditionText
FNDA:0,renderBadges
FNDA:0,(anonymous_12)
FNDA:0,(anonymous_13)
FNDA:0,(anonymous_14)
FNDA:0,openBadgeModal
FNDA:0,(anonymous_16)
FNDA:0,closeBadgeModal
FNDA:0,saveBadgeFromModal
FNDA:0,(anonymous_19)
FNDA:0,buildEmojiGrid
FNDA:0,(anonymous_21)
FNDA:0,(anonymous_22)
FNDA:0,loadBadges
FNDA:0,(anonymous_24)
FNDA:0,loadThemes
FNDA:0,(anonymous_26)
FNDA:0,saveBadges
FNDA:0,(anonymous_28)
FNDA:0,attachEvents
FNDA:0,(anonymous_30)
FNDA:0,(anonymous_31)
FNDA:0,(anonymous_32)
FNDA:0,(anonymous_33)
FNDA:0,(anonymous_34)
FNDA:0,(anonymous_35)
FNDA:0,initialize
DA:1,0
DA:2,0
DA:3,0
DA:4,0
DA:16,0
DA:22,0
DA:43,0
DA:53,0
DA:54,0
DA:60,0
DA:61,0
DA:64,0
DA:65,0
DA:66,0
DA:68,0
DA:69,0
DA:70,0
DA:73,0
DA:76,0
DA:87,0
DA:90,0
DA:91,0
DA:92,0
DA:94,0
DA:103,0
DA:104,0
DA:105,0
DA:106,0
DA:107,0
DA:108,0
DA:112,0
DA:113,0
DA:114,0
DA:115,0
DA:119,0
DA:123,0
DA:124,0
DA:126,0
DA:134,0
DA:136,0
DA:137,0
DA:139,0
DA:140,0
DA:141,0
DA:142,0
DA:143,0
DA:144,0
DA:145,0
DA:146,0
DA:149,0
DA:150,0
DA:151,0
DA:152,0
DA:153,0
DA:154,0
DA:155,0
DA:157,0
DA:158,0
DA:159,0
DA:160,0
DA:161,0
DA:162,0
DA:173,0
DA:174,0
DA:175,0
DA:177,0
DA:184,0
DA:185,0
DA:187,0
DA:188,0
DA:190,0
DA:191,0
DA:193,0
DA:194,0
DA:196,0
DA:198,0
DA:199,0
DA:201,0
DA:202,0
DA:204,0
DA:205,0
DA:207,0
DA:208,0
DA:209,0
DA:210,0
DA:211,0
DA:212,0
DA:214,0
DA:215,0
DA:217,0
DA:218,0
DA:219,0
DA:221,0
DA:222,0
DA:224,0
DA:225,0
DA:226,0
DA:227,0
DA:228,0
DA:229,0
DA:230,0
DA:231,0
DA:233,0
DA:235,0
DA:236,0
DA:239,0
DA:240,0
DA:241,0
DA:242,0
DA:245,0
DA:246,0
DA:247,0
DA:248,0
DA:249,0
DA:250,0
DA:259,0
DA:260,0
DA:262,0
DA:263,0
DA:264,0
DA:265,0
DA:266,0
DA:268,0
DA:269,0
DA:270,0
DA:271,0
DA:273,0
DA:274,0
DA:275,0
DA:276,0
DA:278,0
DA:279,0
DA:280,0
DA:283,0
DA:284,0
DA:287,0
DA:291,0
DA:292,0
DA:300,0
DA:301,0
DA:302,0
DA:304,0
DA:305,0
DA:306,0
DA:309,0
DA:310,0
DA:311,0
DA:312,0
DA:313,0
DA:314,0
DA:315,0
DA:318,0
DA:321,0
DA:322,0
DA:323,0
DA:327,0
DA:328,0
DA:330,0
DA:331,0
DA:332,0
DA:333,0
DA:334,0
DA:335,0
DA:336,0
DA:337,0
DA:338,0
DA:340,0
DA:341,0
DA:344,0
DA:353,0
DA:354,0
DA:355,0
DA:356,0
DA:362,0
DA:364,0
DA:369,0
DA:370,0
DA:371,0
DA:376,0
DA:377,0
DA:380,0
DA:389,0
DA:390,0
DA:391,0
DA:400,0
DA:405,0
DA:406,0
DA:408,0
DA:413,0
DA:414,0
DA:415,0
DA:416,0
DA:417,0
DA:418,0
DA:419,0
DA:424,0
DA:425,0
DA:426,0
DA:427,0
DA:431,0
DA:432,0
DA:433,0
DA:434,0
DA:438,0
DA:439,0
DA:440,0
DA:443,0
DA:444,0
DA:445,0
DA:446,0
DA:452,0
DA:453,0
DA:454,0
DA:457,0
LF:214
LH:0
BRDA:43,0,0,0
BRDA:43,0,1,0
BRDA:52,1,0,0
BRDA:57,2,0,0
BRDA:57,2,1,0
BRDA:60,3,0,0
BRDA:60,3,1,0
BRDA:60,4,0,0
BRDA:60,4,1,0
BRDA:65,5,0,0
BRDA:65,5,1,0
BRDA:66,6,0,0
BRDA:66,6,1,0
BRDA:68,7,0,0
BRDA:68,7,1,0
BRDA:69,8,0,0
BRDA:69,8,1,0
BRDA:69,9,0,0
BRDA:69,9,1,0
BRDA:69,9,2,0
BRDA:89,10,0,0
BRDA:90,11,0,0
BRDA:90,11,1,0
BRDA:102,12,0,0
BRDA:103,13,0,0
BRDA:103,13,1,0
BRDA:105,14,0,0
BRDA:105,14,1,0
BRDA:112,15,0,0
BRDA:112,15,1,0
BRDA:123,16,0,0
BRDA:123,16,1,0
BRDA:133,17,0,0
BRDA:134,18,0,0
BRDA:134,18,1,0
BRDA:145,19,0,0
BRDA:145,19,1,0
BRDA:154,20,0,0
BRDA:154,20,1,0
BRDA:157,21,0,0
BRDA:157,21,1,0
BRDA:157,22,0,0
BRDA:157,22,1,0
BRDA:173,23,0,0
BRDA:173,23,1,0
BRDA:174,24,0,0
BRDA:174,24,1,0
BRDA:184,25,0,0
BRDA:184,25,1,0
BRDA:188,26,0,0
BRDA:188,26,1,0
BRDA:196,27,0,0
BRDA:196,27,1,0
BRDA:205,28,0,0
BRDA:205,28,1,0
BRDA:219,29,0,0
BRDA:219,29,1,0
BRDA:230,30,0,0
BRDA:230,30,1,0
BRDA:245,31,0,0
BRDA:245,31,1,0
BRDA:258,32,0,0
BRDA:260,33,0,0
BRDA:260,33,1,0
BRDA:262,34,0,0
BRDA:262,34,1,0
BRDA:263,35,0,0
BRDA:263,35,1,0
BRDA:264,36,0,0
BRDA:264,36,1,0
BRDA:265,37,0,0
BRDA:265,37,1,0
BRDA:266,38,0,0
BRDA:266,38,1,0
BRDA:268,39,0,0
BRDA:268,39,1,0
BRDA:275,40,0,0
BRDA:275,40,1,0
BRDA:283,41,0,0
BRDA:283,41,1,0
BRDA:287,42,0,0
BRDA:287,42,1,0
BRDA:291,43,0,0
BRDA:291,43,1,0
BRDA:302,44,0,0
BRDA:302,44,1,0
BRDA:304,45,0,0
BRDA:304,45,1,0
BRDA:309,46,0,0
BRDA:309,46,1,0
BRDA:311,47,0,0
BRDA:311,47,1,0
BRDA:327,48,0,0
BRDA:327,48,1,0
BRDA:337,49,0,0
BRDA:337,49,1,0
BRDA:340,50,0,0
BRDA:340,50,1,0
BRDA:356,51,0,0
BRDA:356,51,1,0
BRDA:359,52,0,0
BRDA:359,52,1,0
BRDA:360,53,0,0
BRDA:360,53,1,0
BRDA:364,54,0,0
BRDA:364,54,1,0
BRDA:371,55,0,0
BRDA:371,55,1,0
BRDA:377,56,0,0
BRDA:377,56,1,0
BRDA:393,57,0,0
BRDA:393,57,1,0
BRDA:394,58,0,0
BRDA:394,58,1,0
BRDA:395,59,0,0
BRDA:395,59,1,0
BRDA:396,60,0,0
BRDA:396,60,1,0
BRDA:408,61,0,0
BRDA:408,61,1,0
BRDA:413,62,0,0
BRDA:413,62,1,0
BRDA:415,63,0,0
BRDA:415,63,1,0
BRDA:418,64,0,0
BRDA:418,64,1,0
BRDA:424,65,0,0
BRDA:424,65,1,0
BRDA:426,66,0,0
BRDA:426,66,1,0
BRDA:431,67,0,0
BRDA:431,67,1,0
BRDA:438,68,0,0
BRDA:438,68,1,0
BRDA:440,69,0,0
BRDA:440,69,1,0
BRDA:445,70,0,0
BRDA:445,70,1,0
BRDA:446,71,0,0
BRDA:446,71,1,0
BRF:140
BRH:0
end_of_record
TN:
SF:public/assets/js/gestionCatalogue.js
FN:1,(anonymous_0)
FN:7,escapeHtml
FN:17,apiReq
FN:33,setPageAlert
FN:41,setFormAlert
FN:56,renderCatalogue
FN:65,(anonymous_6)
FN:89,(anonymous_7)
FN:90,(anonymous_8)
FN:102,(anonymous_9)
FN:103,(anonymous_10)
FN:115,loadDefisForTheme
FN:125,(anonymous_12)
FN:143,loadCatalogue
FN:155,openOverlay
FN:159,closeOverlay
FN:168,submitThemeForm
FN:178,(anonymous_17)
FN:187,createActionRow
FN:203,(anonymous_19)
FN:216,openDefiModal
FN:219,(anonymous_21)
FN:237,submitDefiForm
FN:249,(anonymous_23)
FN:253,(anonymous_24)
FN:256,(anonymous_25)
FN:270,(anonymous_26)
FN:279,(anonymous_27)
FN:280,(anonymous_28)
FN:289,(anonymous_29)
FN:290,(anonymous_30)
FN:293,(anonymous_31)
FN:294,(anonymous_32)
FNF:33
FNH:0
FNDA:0,(anonymous_0)
FNDA:0,escapeHtml
FNDA:0,apiReq
FNDA:0,setPageAlert
FNDA:0,setFormAlert
FNDA:0,renderCatalogue
FNDA:0,(anonymous_6)
FNDA:0,(anonymous_7)
FNDA:0,(anonymous_8)
FNDA:0,(anonymous_9)
FNDA:0,(anonymous_10)
FNDA:0,loadDefisForTheme
FNDA:0,(anonymous_12)
FNDA:0,loadCatalogue
FNDA:0,openOverlay
FNDA:0,closeOverlay
FNDA:0,submitThemeForm
FNDA:0,(anonymous_17)
FNDA:0,createActionRow
FNDA:0,(anonymous_19)
FNDA:0,openDefiModal
FNDA:0,(anonymous_21)
FNDA:0,submitDefiForm
FNDA:0,(anonymous_23)
FNDA:0,(anonymous_24)
FNDA:0,(anonymous_25)
FNDA:0,(anonymous_26)
FNDA:0,(anonymous_27)
FNDA:0,(anonymous_28)
FNDA:0,(anonymous_29)
FNDA:0,(anonymous_30)
FNDA:0,(anonymous_31)
FNDA:0,(anonymous_32)
DA:1,0
DA:2,0
DA:3,0
DA:5,0
DA:8,0
DA:18,0
DA:19,0
DA:20,0
DA:21,0
DA:22,0
DA:23,0
DA:24,0
DA:26,0
DA:27,0
DA:28,0
DA:29,0
DA:30,0
DA:34,0
DA:35,0
DA:36,0
DA:37,0
DA:38,0
DA:42,0
DA:43,0
DA:44,0
DA:45,0
DA:46,0
DA:47,0
DA:57,0
DA:58,0
DA:60,0
DA:61,0
DA:62,0
DA:65,0
DA:89,0
DA:90,0
DA:91,0
DA:92,0
DA:93,0
DA:94,0
DA:95,0
DA:96,0
DA:102,0
DA:103,0
DA:104,0
DA:105,0
DA:116,0
DA:117,0
DA:118,0
DA:119,0
DA:120,0
DA:121,0
DA:122,0
DA:123,0
DA:125,0
DA:136,0
DA:144,0
DA:145,0
DA:146,0
DA:147,0
DA:149,0
DA:156,0
DA:157,0
DA:160,0
DA:161,0
DA:169,0
DA:170,0
DA:171,0
DA:172,0
DA:173,0
DA:174,0
DA:175,0
DA:176,0
DA:177,0
DA:178,0
DA:179,0
DA:181,0
DA:188,0
DA:189,0
DA:190,0
DA:203,0
DA:204,0
DA:205,0
DA:206,0
DA:208,0
DA:217,0
DA:218,0
DA:219,0
DA:225,0
DA:226,0
DA:227,0
DA:228,0
DA:229,0
DA:238,0
DA:239,0
DA:241,0
DA:242,0
DA:243,0
DA:244,0
DA:245,0
DA:247,0
DA:249,0
DA:251,0
DA:253,0
DA:256,0
DA:258,0
DA:259,0
DA:260,0
DA:261,0
DA:262,0
DA:264,0
DA:265,0
DA:269,0
DA:270,0
DA:271,0
DA:273,0
DA:279,0
DA:280,0
DA:281,0
DA:282,0
DA:283,0
DA:285,0
DA:286,0
DA:287,0
DA:289,0
DA:290,0
DA:293,0
DA:294,0
DA:295,0
DA:299,0
LF:130
LH:0
BRDA:2,0,0,0
BRDA:2,0,1,0
BRDA:8,1,0,0
BRDA:8,1,1,0
BRDA:17,2,0,0
BRDA:18,3,0,0
BRDA:18,3,1,0
BRDA:19,4,0,0
BRDA:19,4,1,0
BRDA:22,5,0,0
BRDA:22,5,1,0
BRDA:29,6,0,0
BRDA:29,6,1,0
BRDA:29,7,0,0
BRDA:29,7,1,0
BRDA:35,8,0,0
BRDA:35,8,1,0
BRDA:36,9,0,0
BRDA:36,9,1,0
BRDA:43,10,0,0
BRDA:43,10,1,0
BRDA:44,11,0,0
BRDA:44,11,1,0
BRDA:46,12,0,0
BRDA:46,12,1,0
BRDA:58,13,0,0
BRDA:58,13,1,0
BRDA:60,14,0,0
BRDA:60,14,1,0
BRDA:80,15,0,0
BRDA:80,15,1,0
BRDA:91,16,0,0
BRDA:91,16,1,0
BRDA:94,17,0,0
BRDA:94,17,1,0
BRDA:116,18,0,0
BRDA:116,18,1,0
BRDA:116,19,0,0
BRDA:116,19,1,0
BRDA:119,20,0,0
BRDA:119,20,1,0
BRDA:121,21,0,0
BRDA:121,21,1,0
BRDA:133,22,0,0
BRDA:133,22,1,0
BRDA:146,23,0,0
BRDA:146,23,1,0
BRDA:149,24,0,0
BRDA:149,24,1,0
BRDA:157,25,0,0
BRDA:157,25,1,0
BRDA:161,26,0,0
BRDA:161,26,1,0
BRDA:171,27,0,0
BRDA:171,27,1,0
BRDA:172,28,0,0
BRDA:172,28,1,0
BRDA:173,29,0,0
BRDA:173,29,1,0
BRDA:181,30,0,0
BRDA:181,30,1,0
BRDA:206,31,0,0
BRDA:206,31,1,0
BRDA:206,32,0,0
BRDA:206,32,1,0
BRDA:216,33,0,0
BRDA:218,34,0,0
BRDA:218,34,1,0
BRDA:221,35,0,0
BRDA:221,35,1,0
BRDA:226,36,0,0
BRDA:226,36,1,0
BRDA:241,37,0,0
BRDA:241,37,1,0
BRDA:242,38,0,0
BRDA:242,38,1,0
BRDA:243,39,0,0
BRDA:243,39,1,0
BRDA:244,40,0,0
BRDA:244,40,1,0
BRDA:245,41,0,0
BRDA:245,41,1,0
BRDA:254,42,0,0
BRDA:254,42,1,0
BRDA:255,43,0,0
BRDA:255,43,1,0
BRDA:258,44,0,0
BRDA:258,44,1,0
BRDA:259,45,0,0
BRDA:259,45,1,0
BRDA:259,46,0,0
BRDA:259,46,1,0
BRDA:260,47,0,0
BRDA:260,47,1,0
BRDA:261,48,0,0
BRDA:261,48,1,0
BRDA:262,49,0,0
BRDA:262,49,1,0
BRDA:273,50,0,0
BRDA:273,50,1,0
BRDA:295,51,0,0
BRDA:295,51,1,0
BRF:102
BRH:0
end_of_record
TN:
SF:public/assets/js/gestionDefis.js
FN:1,(anonymous_0)
FN:4,(anonymous_1)
FN:37,escapeHtml
FN:41,setPageAlert
FN:48,setModalAlert
FN:62,apiReq
FN:78,getCurrentMonth
FN:83,formatMonthLabel
FN:95,renderChallenges
FN:99,(anonymous_9)
FN:108,(anonymous_10)
FN:112,(anonymous_11)
FN:115,(anonymous_12)
FN:142,loadCurrentMonthChallenges
FN:146,(anonymous_14)
FN:152,openOverlay
FN:156,closeOverlay
FN:161,getSlotCount
FN:165,syncSaveBtn
FN:168,(anonymous_19)
FN:173,buildSlotOptions
FN:176,(anonymous_21)
FN:176,(anonymous_22)
FN:181,(anonymous_23)
FN:182,(anonymous_24)
FN:189,refreshAllSlots
FN:190,(anonymous_26)
FN:198,addDefiSlot
FN:218,(anonymous_28)
FN:220,(anonymous_29)
FN:238,loadAvailableDefis
FN:247,openMonthModal
FN:263,(anonymous_32)
FN:291,(anonymous_33)
FN:301,onModalThemeChange
FN:328,saveMonthDefis
FN:334,(anonymous_36)
FN:334,(anonymous_37)
FN:346,(anonymous_38)
FN:347,(anonymous_39)
FN:361,(anonymous_40)
FN:376,deleteChallenge
FN:395,init
FN:416,(anonymous_43)
FN:418,(anonymous_44)
FN:424,(anonymous_45)
FN:425,(anonymous_46)
FN:428,(anonymous_47)
FN:429,(anonymous_48)
FN:434,(anonymous_49)
FNF:50
FNH:0
FNDA:0,(anonymous_0)
FNDA:0,(anonymous_1)
FNDA:0,escapeHtml
FNDA:0,setPageAlert
FNDA:0,setModalAlert
FNDA:0,apiReq
FNDA:0,getCurrentMonth
FNDA:0,formatMonthLabel
FNDA:0,renderChallenges
FNDA:0,(anonymous_9)
FNDA:0,(anonymous_10)
FNDA:0,(anonymous_11)
FNDA:0,(anonymous_12)
FNDA:0,loadCurrentMonthChallenges
FNDA:0,(anonymous_14)
FNDA:0,openOverlay
FNDA:0,closeOverlay
FNDA:0,getSlotCount
FNDA:0,syncSaveBtn
FNDA:0,(anonymous_19)
FNDA:0,buildSlotOptions
FNDA:0,(anonymous_21)
FNDA:0,(anonymous_22)
FNDA:0,(anonymous_23)
FNDA:0,(anonymous_24)
FNDA:0,refreshAllSlots
FNDA:0,(anonymous_26)
FNDA:0,addDefiSlot
FNDA:0,(anonymous_28)
FNDA:0,(anonymous_29)
FNDA:0,loadAvailableDefis
FNDA:0,openMonthModal
FNDA:0,(anonymous_32)
FNDA:0,(anonymous_33)
FNDA:0,onModalThemeChange
FNDA:0,saveMonthDefis
FNDA:0,(anonymous_36)
FNDA:0,(anonymous_37)
FNDA:0,(anonymous_38)
FNDA:0,(anonymous_39)
FNDA:0,(anonymous_40)
FNDA:0,deleteChallenge
FNDA:0,init
FNDA:0,(anonymous_43)
FNDA:0,(anonymous_44)
FNDA:0,(anonymous_45)
FNDA:0,(anonymous_46)
FNDA:0,(anonymous_47)
FNDA:0,(anonymous_48)
FNDA:0,(anonymous_49)
DA:1,0
DA:2,0
DA:4,0
DA:5,0
DA:6,0
DA:7,0
DA:10,0
DA:19,0
DA:38,0
DA:42,0
DA:43,0
DA:44,0
DA:45,0
DA:49,0
DA:50,0
DA:51,0
DA:52,0
DA:53,0
DA:63,0
DA:64,0
DA:65,0
DA:66,0
DA:67,0
DA:68,0
DA:69,0
DA:71,0
DA:72,0
DA:73,0
DA:74,0
DA:75,0
DA:79,0
DA:80,0
DA:84,0
DA:85,0
DA:86,0
DA:96,0
DA:97,0
DA:99,0
DA:101,0
DA:102,0
DA:103,0
DA:104,0
DA:106,0
DA:108,0
DA:109,0
DA:110,0
DA:111,0
DA:112,0
DA:115,0
DA:143,0
DA:144,0
DA:145,0
DA:146,0
DA:147,0
DA:153,0
DA:154,0
DA:157,0
DA:158,0
DA:162,0
DA:166,0
DA:168,0
DA:169,0
DA:174,0
DA:176,0
DA:178,0
DA:179,0
DA:181,0
DA:182,0
DA:184,0
DA:185,0
DA:190,0
DA:191,0
DA:199,0
DA:200,0
DA:202,0
DA:203,0
DA:205,0
DA:206,0
DA:207,0
DA:209,0
DA:210,0
DA:211,0
DA:212,0
DA:214,0
DA:215,0
DA:216,0
DA:217,0
DA:218,0
DA:219,0
DA:220,0
DA:221,0
DA:222,0
DA:224,0
DA:227,0
DA:228,0
DA:229,0
DA:230,0
DA:231,0
DA:239,0
DA:240,0
DA:248,0
DA:249,0
DA:250,0
DA:251,0
DA:253,0
DA:254,0
DA:256,0
DA:258,0
DA:259,0
DA:260,0
DA:261,0
DA:262,0
DA:263,0
DA:265,0
DA:267,0
DA:268,0
DA:269,0
DA:270,0
DA:272,0
DA:273,0
DA:276,0
DA:280,0
DA:281,0
DA:282,0
DA:283,0
DA:284,0
DA:286,0
DA:287,0
DA:288,0
DA:289,0
DA:290,0
DA:291,0
DA:294,0
DA:298,0
DA:302,0
DA:303,0
DA:304,0
DA:305,0
DA:306,0
DA:307,0
DA:308,0
DA:309,0
DA:311,0
DA:312,0
DA:313,0
DA:314,0
DA:315,0
DA:317,0
DA:318,0
DA:320,0
DA:329,0
DA:330,0
DA:332,0
DA:334,0
DA:336,0
DA:339,0
DA:340,0
DA:341,0
DA:345,0
DA:346,0
DA:347,0
DA:349,0
DA:351,0
DA:352,0
DA:360,0
DA:361,0
DA:362,0
DA:363,0
DA:366,0
DA:377,0
DA:380,0
DA:381,0
DA:382,0
DA:383,0
DA:384,0
DA:386,0
DA:396,0
DA:397,0
DA:399,0
DA:400,0
DA:401,0
DA:402,0
DA:404,0
DA:405,0
DA:406,0
DA:407,0
DA:410,0
DA:412,0
DA:416,0
DA:417,0
DA:418,0
DA:419,0
DA:420,0
DA:421,0
DA:422,0
DA:424,0
DA:425,0
DA:428,0
DA:429,0
DA:430,0
DA:434,0
DA:435,0
DA:436,0
DA:437,0
DA:438,0
DA:439,0
DA:440,0
DA:441,0
DA:443,0
DA:447,0
DA:448,0
LF:211
LH:0
BRDA:2,0,0,0
BRDA:2,0,1,0
BRDA:4,1,0,0
BRDA:5,2,0,0
BRDA:5,2,1,0
BRDA:6,3,0,0
BRDA:6,3,1,0
BRDA:38,4,0,0
BRDA:38,4,1,0
BRDA:42,5,0,0
BRDA:42,5,1,0
BRDA:43,6,0,0
BRDA:43,6,1,0
BRDA:49,7,0,0
BRDA:49,7,1,0
BRDA:50,8,0,0
BRDA:50,8,1,0
BRDA:52,9,0,0
BRDA:52,9,1,0
BRDA:62,10,0,0
BRDA:63,11,0,0
BRDA:63,11,1,0
BRDA:64,12,0,0
BRDA:64,12,1,0
BRDA:67,13,0,0
BRDA:67,13,1,0
BRDA:74,14,0,0
BRDA:74,14,1,0
BRDA:74,15,0,0
BRDA:74,15,1,0
BRDA:96,16,0,0
BRDA:96,16,1,0
BRDA:97,17,0,0
BRDA:97,17,1,0
BRDA:101,18,0,0
BRDA:101,18,1,0
BRDA:109,19,0,0
BRDA:109,19,1,0
BRDA:110,20,0,0
BRDA:110,20,1,0
BRDA:112,21,0,0
BRDA:112,21,1,0
BRDA:116,22,0,0
BRDA:116,22,1,0
BRDA:117,23,0,0
BRDA:117,23,1,0
BRDA:119,24,0,0
BRDA:119,24,1,0
BRDA:121,25,0,0
BRDA:121,25,1,0
BRDA:123,26,0,0
BRDA:123,26,1,0
BRDA:124,27,0,0
BRDA:124,27,1,0
BRDA:125,28,0,0
BRDA:125,28,1,0
BRDA:126,29,0,0
BRDA:126,29,1,0
BRDA:144,30,0,0
BRDA:144,30,1,0
BRDA:154,31,0,0
BRDA:154,31,1,0
BRDA:158,32,0,0
BRDA:158,32,1,0
BRDA:162,33,0,0
BRDA:162,33,1,0
BRDA:167,34,0,0
BRDA:167,34,1,0
BRDA:169,35,0,0
BRDA:169,35,1,0
BRDA:175,36,0,0
BRDA:175,36,1,0
BRDA:184,37,0,0
BRDA:184,37,1,0
BRDA:184,38,0,0
BRDA:184,38,1,0
BRDA:199,39,0,0
BRDA:199,39,1,0
BRDA:222,40,0,0
BRDA:222,40,1,0
BRDA:240,41,0,0
BRDA:240,41,1,0
BRDA:249,42,0,0
BRDA:249,42,1,0
BRDA:250,43,0,0
BRDA:250,43,1,0
BRDA:251,44,0,0
BRDA:251,44,1,0
BRDA:254,45,0,0
BRDA:254,45,1,0
BRDA:256,46,0,0
BRDA:256,46,1,0
BRDA:260,47,0,0
BRDA:260,47,1,0
BRDA:262,48,0,0
BRDA:262,48,1,0
BRDA:263,49,0,0
BRDA:263,49,1,0
BRDA:269,50,0,0
BRDA:269,50,1,0
BRDA:276,51,0,0
BRDA:276,51,1,0
BRDA:282,52,0,0
BRDA:282,52,1,0
BRDA:288,53,0,0
BRDA:288,53,1,0
BRDA:289,54,0,0
BRDA:289,54,1,0
BRDA:294,55,0,0
BRDA:294,55,1,0
BRDA:302,56,0,0
BRDA:302,56,1,0
BRDA:305,57,0,0
BRDA:305,57,1,0
BRDA:306,58,0,0
BRDA:306,58,1,0
BRDA:307,59,0,0
BRDA:307,59,1,0
BRDA:309,60,0,0
BRDA:309,60,1,0
BRDA:313,61,0,0
BRDA:313,61,1,0
BRDA:320,62,0,0
BRDA:320,62,1,0
BRDA:330,63,0,0
BRDA:330,63,1,0
BRDA:333,64,0,0
BRDA:333,64,1,0
BRDA:336,65,0,0
BRDA:336,65,1,0
BRDA:339,66,0,0
BRDA:339,66,1,0
BRDA:346,67,0,0
BRDA:346,67,1,0
BRDA:346,68,0,0
BRDA:346,68,1,0
BRDA:366,69,0,0
BRDA:366,69,1,0
BRDA:380,70,0,0
BRDA:380,70,1,0
BRDA:386,71,0,0
BRDA:386,71,1,0
BRDA:399,72,0,0
BRDA:399,72,1,0
BRDA:400,73,0,0
BRDA:400,73,1,0
BRDA:401,74,0,0
BRDA:401,74,1,0
BRDA:406,75,0,0
BRDA:406,75,1,0
BRDA:412,76,0,0
BRDA:412,76,1,0
BRDA:430,77,0,0
BRDA:430,77,1,0
BRDA:436,78,0,0
BRDA:436,78,1,0
BRDA:436,79,0,0
BRDA:436,79,1,0
BRDA:438,80,0,0
BRDA:438,80,1,0
BRDA:439,81,0,0
BRDA:439,81,1,0
BRDA:441,82,0,0
BRDA:441,82,1,0
BRDA:443,83,0,0
BRDA:443,83,1,0
BRDA:447,84,0,0
BRDA:447,84,1,0
BRF:168
BRH:0
end_of_record
TN:
SF:public/assets/js/gestionUtilisateurs.js
FN:2,(anonymous_0)
FN:3,(anonymous_1)
FN:72,getCurrentUserId
FN:84,getToken
FN:95,apiRequest
FN:137,showFeedback
FN:153,escapeHtml
FN:163,getRoleLabel
FN:170,initials
FN:176,teamDisplay
FN:192,getFilteredUsers
FN:197,(anonymous_11)
FN:220,renderTable
FN:237,(anonymous_13)
FN:281,fillTeamSelects
FN:283,(anonymous_15)
FN:291,openModal
FN:299,closeModal
FN:307,resetUserForm
FN:317,toggleTeamFieldByRole
FN:331,loadUsers
FN:342,loadTeams
FN:349,userPayloadFromForm
FN:363,validateUserPayload
FN:376,hydrateUserForm
FN:397,saveUser
FN:433,deleteUser
FN:456,createTeam
FN:487,parseCsvText
FN:488,(anonymous_29)
FN:493,(anonymous_30)
FN:499,(anonymous_31)
FN:509,readSelectedCsv
FN:519,triggerImport
FN:551,onTableClick
FN:565,(anonymous_35)
FN:573,bindModalCloseButtons
FN:574,(anonymous_37)
FN:575,(anonymous_38)
FN:583,(anonymous_39)
FN:585,(anonymous_40)
FN:594,bindEvents
FN:595,(anonymous_42)
FN:600,(anonymous_43)
FN:605,(anonymous_44)
FN:611,(anonymous_45)
FN:615,(anonymous_46)
FN:622,(anonymous_47)
FN:626,(anonymous_48)
FN:627,(anonymous_49)
FN:636,(anonymous_50)
FN:654,(anonymous_51)
FN:658,(anonymous_52)
FN:662,(anonymous_53)
FN:688,init
FNF:55
FNH:0
FNDA:0,(anonymous_0)
FNDA:0,(anonymous_1)
FNDA:0,getCurrentUserId
FNDA:0,getToken
FNDA:0,apiRequest
FNDA:0,showFeedback
FNDA:0,escapeHtml
FNDA:0,getRoleLabel
FNDA:0,initials
FNDA:0,teamDisplay
FNDA:0,getFilteredUsers
FNDA:0,(anonymous_11)
FNDA:0,renderTable
FNDA:0,(anonymous_13)
FNDA:0,fillTeamSelects
FNDA:0,(anonymous_15)
FNDA:0,openModal
FNDA:0,closeModal
FNDA:0,resetUserForm
FNDA:0,toggleTeamFieldByRole
FNDA:0,loadUsers
FNDA:0,loadTeams
FNDA:0,userPayloadFromForm
FNDA:0,validateUserPayload
FNDA:0,hydrateUserForm
FNDA:0,saveUser
FNDA:0,deleteUser
FNDA:0,createTeam
FNDA:0,parseCsvText
FNDA:0,(anonymous_29)
FNDA:0,(anonymous_30)
FNDA:0,(anonymous_31)
FNDA:0,readSelectedCsv
FNDA:0,triggerImport
FNDA:0,onTableClick
FNDA:0,(anonymous_35)
FNDA:0,bindModalCloseButtons
FNDA:0,(anonymous_37)
FNDA:0,(anonymous_38)
FNDA:0,(anonymous_39)
FNDA:0,(anonymous_40)
FNDA:0,bindEvents
FNDA:0,(anonymous_42)
FNDA:0,(anonymous_43)
FNDA:0,(anonymous_44)
FNDA:0,(anonymous_45)
FNDA:0,(anonymous_46)
FNDA:0,(anonymous_47)
FNDA:0,(anonymous_48)
FNDA:0,(anonymous_49)
FNDA:0,(anonymous_50)
FNDA:0,(anonymous_51)
FNDA:0,(anonymous_52)
FNDA:0,(anonymous_53)
FNDA:0,init
DA:2,0
DA:3,0
DA:4,0
DA:5,0
DA:8,0
DA:9,0
DA:12,0
DA:16,0
DA:17,0
DA:18,0
DA:21,0
DA:31,0
DA:73,0
DA:74,0
DA:75,0
DA:77,0
DA:85,0
DA:96,0
DA:97,0
DA:102,0
DA:103,0
DA:106,0
DA:107,0
DA:110,0
DA:115,0
DA:116,0
DA:117,0
DA:118,0
DA:120,0
DA:123,0
DA:124,0
DA:125,0
DA:128,0
DA:138,0
DA:139,0
DA:142,0
DA:143,0
DA:144,0
DA:145,0
DA:148,0
DA:149,0
DA:154,0
DA:164,0
DA:165,0
DA:166,0
DA:167,0
DA:171,0
DA:172,0
DA:173,0
DA:177,0
DA:178,0
DA:179,0
DA:181,0
DA:182,0
DA:184,0
DA:193,0
DA:194,0
DA:195,0
DA:197,0
DA:198,0
DA:199,0
DA:200,0
DA:202,0
DA:203,0
DA:204,0
DA:205,0
DA:207,0
DA:211,0
DA:212,0
DA:221,0
DA:223,0
DA:224,0
DA:225,0
DA:227,0
DA:228,0
DA:229,0
DA:231,0
DA:232,0
DA:233,0
DA:235,0
DA:236,0
DA:238,0
DA:239,0
DA:240,0
DA:272,0
DA:273,0
DA:274,0
DA:276,0
DA:277,0
DA:282,0
DA:283,0
DA:286,0
DA:287,0
DA:292,0
DA:293,0
DA:294,0
DA:300,0
DA:301,0
DA:302,0
DA:308,0
DA:309,0
DA:310,0
DA:311,0
DA:312,0
DA:313,0
DA:318,0
DA:319,0
DA:320,0
DA:321,0
DA:322,0
DA:332,0
DA:333,0
DA:334,0
DA:343,0
DA:344,0
DA:345,0
DA:350,0
DA:364,0
DA:365,0
DA:367,0
DA:368,0
DA:370,0
DA:371,0
DA:377,0
DA:378,0
DA:379,0
DA:380,0
DA:381,0
DA:382,0
DA:383,0
DA:384,0
DA:385,0
DA:386,0
DA:387,0
DA:388,0
DA:389,0
DA:398,0
DA:399,0
DA:401,0
DA:402,0
DA:403,0
DA:405,0
DA:406,0
DA:407,0
DA:411,0
DA:413,0
DA:417,0
DA:420,0
DA:421,0
DA:422,0
DA:424,0
DA:434,0
DA:441,0
DA:442,0
DA:445,0
DA:446,0
DA:447,0
DA:448,0
DA:449,0
DA:451,0
DA:457,0
DA:458,0
DA:460,0
DA:461,0
DA:462,0
DA:463,0
DA:466,0
DA:467,0
DA:471,0
DA:472,0
DA:473,0
DA:474,0
DA:476,0
DA:488,0
DA:489,0
DA:490,0
DA:493,0
DA:494,0
DA:496,0
DA:497,0
DA:498,0
DA:499,0
DA:500,0
DA:502,0
DA:505,0
DA:510,0
DA:511,0
DA:512,0
DA:520,0
DA:521,0
DA:522,0
DA:525,0
DA:527,0
DA:528,0
DA:533,0
DA:534,0
DA:535,0
DA:537,0
DA:540,0
DA:541,0
DA:542,0
DA:543,0
DA:544,0
DA:546,0
DA:552,0
DA:553,0
DA:555,0
DA:556,0
DA:558,0
DA:559,0
DA:560,0
DA:561,0
DA:564,0
DA:565,0
DA:566,0
DA:567,0
DA:568,0
DA:574,0
DA:575,0
DA:576,0
DA:577,0
DA:578,0
DA:583,0
DA:584,0
DA:585,0
DA:586,0
DA:587,0
DA:595,0
DA:596,0
DA:597,0
DA:600,0
DA:601,0
DA:602,0
DA:605,0
DA:606,0
DA:607,0
DA:611,0
DA:612,0
DA:613,0
DA:615,0
DA:616,0
DA:617,0
DA:618,0
DA:622,0
DA:623,0
DA:624,0
DA:626,0
DA:627,0
DA:630,0
DA:631,0
DA:632,0
DA:633,0
DA:636,0
DA:637,0
DA:638,0
DA:639,0
DA:640,0
DA:641,0
DA:644,0
DA:645,0
DA:647,0
DA:648,0
DA:649,0
DA:654,0
DA:655,0
DA:656,0
DA:658,0
DA:659,0
DA:662,0
DA:663,0
DA:664,0
DA:666,0
DA:667,0
DA:668,0
DA:669,0
DA:670,0
DA:673,0
DA:674,0
DA:676,0
DA:677,0
DA:678,0
DA:683,0
DA:684,0
DA:689,0
DA:690,0
DA:691,0
DA:693,0
DA:698,0
[...]
BRDA:123,14,0,0
BRDA:123,14,1,0
BRDA:124,15,0,0
BRDA:124,15,1,0
BRDA:124,16,0,0
BRDA:124,16,1,0
BRDA:124,16,2,0
BRDA:137,17,0,0
BRDA:138,18,0,0
BRDA:138,18,1,0
BRDA:142,19,0,0
BRDA:142,19,1,0
BRDA:154,20,0,0
BRDA:154,20,1,0
BRDA:164,21,0,0
BRDA:164,21,1,0
BRDA:165,22,0,0
BRDA:165,22,1,0
BRDA:166,23,0,0
BRDA:166,23,1,0
BRDA:171,24,0,0
BRDA:171,24,1,0
BRDA:171,24,2,0
BRDA:172,25,0,0
BRDA:172,25,1,0
BRDA:172,25,2,0
BRDA:173,26,0,0
BRDA:173,26,1,0
BRDA:177,27,0,0
BRDA:177,27,1,0
BRDA:178,28,0,0
BRDA:178,28,1,0
BRDA:181,29,0,0
BRDA:181,29,1,0
BRDA:193,30,0,0
BRDA:193,30,1,0
BRDA:194,31,0,0
BRDA:194,31,1,0
BRDA:195,32,0,0
BRDA:195,32,1,0
BRDA:198,33,0,0
BRDA:198,33,1,0
BRDA:198,34,0,0
BRDA:198,34,1,0
BRDA:199,35,0,0
BRDA:199,35,1,0
BRDA:200,36,0,0
BRDA:200,36,1,0
BRDA:200,37,0,0
BRDA:200,37,1,0
BRDA:203,38,0,0
BRDA:203,38,1,0
BRDA:204,39,0,0
BRDA:204,39,1,0
BRDA:207,40,0,0
BRDA:207,40,1,0
BRDA:211,41,0,0
BRDA:211,41,1,0
BRDA:211,41,2,0
BRDA:212,42,0,0
BRDA:212,42,1,0
BRDA:212,42,2,0
BRDA:225,43,0,0
BRDA:225,43,1,0
BRDA:231,44,0,0
BRDA:231,44,1,0
BRDA:238,45,0,0
BRDA:238,45,1,0
BRDA:238,46,0,0
BRDA:238,46,1,0
BRDA:239,47,0,0
BRDA:239,47,1,0
BRDA:248,48,0,0
BRDA:248,48,1,0
BRDA:252,49,0,0
BRDA:252,49,1,0
BRDA:272,50,0,0
BRDA:272,50,1,0
BRDA:293,51,0,0
BRDA:293,51,1,0
BRDA:301,52,0,0
BRDA:301,52,1,0
BRDA:307,53,0,0
BRDA:311,54,0,0
BRDA:311,54,1,0
BRDA:312,55,0,0
BRDA:312,55,1,0
BRDA:318,56,0,0
BRDA:318,56,1,0
BRDA:321,57,0,0
BRDA:321,57,1,0
BRDA:333,58,0,0
BRDA:333,58,1,0
BRDA:344,59,0,0
BRDA:344,59,1,0
BRDA:351,60,0,0
BRDA:351,60,1,0
BRDA:352,61,0,0
BRDA:352,61,1,0
BRDA:353,62,0,0
BRDA:353,62,1,0
BRDA:354,63,0,0
BRDA:354,63,1,0
BRDA:355,64,0,0
BRDA:355,64,1,0
BRDA:355,65,0,0
BRDA:355,65,1,0
BRDA:356,66,0,0
BRDA:356,66,1,0
BRDA:357,67,0,0
BRDA:357,67,1,0
BRDA:358,68,0,0
BRDA:358,68,1,0
BRDA:364,69,0,0
BRDA:364,69,1,0
BRDA:364,70,0,0
BRDA:364,70,1,0
BRDA:364,70,2,0
BRDA:367,71,0,0
BRDA:367,71,1,0
BRDA:370,72,0,0
BRDA:370,72,1,0
BRDA:370,73,0,0
BRDA:370,73,1,0
BRDA:377,74,0,0
BRDA:377,74,1,0
BRDA:378,75,0,0
BRDA:378,75,1,0
BRDA:379,76,0,0
BRDA:379,76,1,0
BRDA:380,77,0,0
BRDA:380,77,1,0
BRDA:381,78,0,0
BRDA:381,78,1,0
BRDA:383,79,0,0
BRDA:383,79,1,0
BRDA:384,80,0,0
BRDA:384,80,1,0
BRDA:385,81,0,0
BRDA:385,81,1,0
BRDA:385,82,0,0
BRDA:385,82,1,0
BRDA:406,83,0,0
BRDA:406,83,1,0
BRDA:406,84,0,0
BRDA:406,84,1,0
BRDA:424,85,0,0
BRDA:424,85,1,0
BRDA:441,86,0,0
BRDA:441,86,1,0
BRDA:451,87,0,0
BRDA:451,87,1,0
BRDA:460,88,0,0
BRDA:460,88,1,0
BRDA:461,89,0,0
BRDA:461,89,1,0
BRDA:476,90,0,0
BRDA:476,90,1,0
BRDA:489,91,0,0
BRDA:489,91,1,0
BRDA:500,92,0,0
BRDA:500,92,1,0
BRDA:520,93,0,0
BRDA:520,93,1,0
BRDA:520,94,0,0
BRDA:520,94,1,0
BRDA:533,95,0,0
BRDA:533,95,1,0
BRDA:534,96,0,0
BRDA:534,96,1,0
BRDA:535,97,0,0
BRDA:535,97,1,0
BRDA:537,98,0,0
BRDA:537,98,1,0
BRDA:546,99,0,0
BRDA:546,99,1,0
BRDA:553,100,0,0
BRDA:553,100,1,0
BRDA:555,101,0,0
BRDA:555,101,1,0
BRDA:556,102,0,0
BRDA:556,102,1,0
BRDA:556,103,0,0
BRDA:556,103,1,0
BRDA:559,104,0,0
BRDA:559,104,1,0
BRDA:564,105,0,0
BRDA:564,105,1,0
BRDA:566,106,0,0
BRDA:566,106,1,0
BRDA:577,107,0,0
BRDA:577,107,1,0
BRDA:584,108,0,0
BRDA:584,108,1,0
BRDA:586,109,0,0
BRDA:586,109,1,0
BRDA:637,110,0,0
BRDA:637,110,1,0
BRDA:638,111,0,0
BRDA:638,111,1,0
BRDA:649,112,0,0
BRDA:649,112,1,0
BRDA:666,113,0,0
BRDA:666,113,1,0
BRDA:666,113,2,0
BRDA:667,114,0,0
BRDA:667,114,1,0
BRDA:668,115,0,0
BRDA:668,115,1,0
BRDA:678,116,0,0
BRDA:678,116,1,0
BRDA:693,117,0,0
BRDA:693,117,1,0
BRF:239
BRH:0
end_of_record
TN:
SF:public/assets/js/moderation.js
FN:1,(anonymous_0)
FN:3,(anonymous_1)
FN:26,escapeHtml
FN:35,setPageAlert
FN:56,apiRequest
FN:88,statusLabel
FN:97,formatDate
FN:116,isImageProof
FN:126,proofMarkup
FN:141,renderChallengeFilters
FN:149,(anonymous_10)
FN:165,loadChallenges
FN:176,loadReplies
FN:198,(anonymous_13)
FN:240,decideReply
FN:284,handleReplyListClick
FN:308,init
FN:315,(anonymous_17)
FN:316,(anonymous_18)
FN:318,(anonymous_19)
FN:319,(anonymous_20)
FNF:21
FNH:0
FNDA:0,(anonymous_0)
FNDA:0,(anonymous_1)
FNDA:0,escapeHtml
FNDA:0,setPageAlert
FNDA:0,apiRequest
FNDA:0,statusLabel
FNDA:0,formatDate
FNDA:0,isImageProof
FNDA:0,proofMarkup
FNDA:0,renderChallengeFilters
FNDA:0,(anonymous_10)
FNDA:0,loadChallenges
FNDA:0,loadReplies
FNDA:0,(anonymous_13)
FNDA:0,decideReply
FNDA:0,handleReplyListClick
FNDA:0,init
FNDA:0,(anonymous_17)
FNDA:0,(anonymous_18)
FNDA:0,(anonymous_19)
FNDA:0,(anonymous_20)
DA:1,0
DA:2,0
DA:3,0
DA:4,0
DA:5,0
DA:8,0
DA:9,0
DA:12,0
DA:15,0
DA:19,0
DA:27,0
DA:36,0
DA:37,0
DA:40,0
DA:41,0
DA:42,0
DA:43,0
DA:46,0
DA:47,0
DA:57,0
DA:58,0
DA:60,0
DA:67,0
DA:68,0
DA:69,0
DA:72,0
DA:74,0
DA:75,0
DA:76,0
DA:78,0
DA:81,0
DA:82,0
DA:85,0
DA:89,0
DA:94,0
DA:98,0
DA:99,0
DA:102,0
DA:103,0
DA:104,0
DA:107,0
DA:117,0
DA:118,0
DA:127,0
DA:128,0
DA:129,0
DA:131,0
DA:132,0
DA:133,0
DA:135,0
DA:142,0
DA:143,0
DA:146,0
DA:147,0
DA:149,0
DA:150,0
DA:151,0
DA:152,0
DA:153,0
DA:156,0
DA:157,0
DA:166,0
DA:167,0
DA:168,0
DA:177,0
DA:178,0
DA:179,0
DA:181,0
DA:182,0
DA:185,0
DA:186,0
DA:188,0
DA:189,0
DA:192,0
DA:193,0
DA:194,0
DA:197,0
DA:199,0
DA:200,0
DA:201,0
DA:205,0
DA:211,0
DA:213,0
DA:241,0
DA:242,0
DA:243,0
DA:258,0
DA:259,0
DA:262,0
DA:263,0
DA:264,0
DA:265,0
DA:268,0
DA:277,0
DA:285,0
DA:286,0
DA:287,0
DA:290,0
DA:291,0
DA:292,0
DA:293,0
DA:296,0
DA:297,0
DA:298,0
DA:299,0
DA:300,0
DA:302,0
DA:304,0
DA:309,0
DA:310,0
DA:311,0
DA:314,0
DA:315,0
DA:316,0
DA:318,0
DA:319,0
DA:322,0
DA:323,0
DA:324,0
DA:325,0
DA:327,0
DA:331,0
LF:122
LH:0
BRDA:2,0,0,0
BRDA:2,0,1,0
BRDA:3,1,0,0
BRDA:3,2,0,0
BRDA:4,3,0,0
BRDA:4,3,1,0
BRDA:8,4,0,0
BRDA:8,4,1,0
BRDA:8,5,0,0
BRDA:8,5,1,0
BRDA:27,6,0,0
BRDA:27,6,1,0
BRDA:36,7,0,0
BRDA:36,7,1,0
BRDA:40,8,0,0
BRDA:40,8,1,0
BRDA:56,9,0,0
BRDA:57,10,0,0
BRDA:57,10,1,0
BRDA:61,11,0,0
BRDA:61,11,1,0
BRDA:67,12,0,0
BRDA:67,12,1,0
BRDA:81,13,0,0
BRDA:81,13,1,0
BRDA:82,14,0,0
BRDA:82,14,1,0
BRDA:94,15,0,0
BRDA:94,15,1,0
BRDA:94,15,2,0
BRDA:98,16,0,0
BRDA:98,16,1,0
BRDA:103,17,0,0
BRDA:103,17,1,0
BRDA:117,18,0,0
BRDA:117,18,1,0
BRDA:118,19,0,0
BRDA:118,19,1,0
BRDA:127,20,0,0
BRDA:127,20,1,0
BRDA:128,21,0,0
BRDA:128,21,1,0
BRDA:131,22,0,0
BRDA:131,22,1,0
BRDA:142,23,0,0
BRDA:142,23,1,0
BRDA:152,24,0,0
BRDA:152,24,1,0
BRDA:156,25,0,0
BRDA:156,25,1,0
BRDA:167,26,0,0
BRDA:167,26,1,0
BRDA:177,27,0,0
BRDA:177,27,1,0
BRDA:178,28,0,0
BRDA:178,28,1,0
BRDA:181,29,0,0
BRDA:181,29,1,0
BRDA:186,30,0,0
BRDA:186,30,1,0
BRDA:188,31,0,0
BRDA:188,31,1,0
BRDA:192,32,0,0
BRDA:192,32,1,0
BRDA:199,33,0,0
BRDA:199,33,1,0
BRDA:199,34,0,0
BRDA:199,34,1,0
BRDA:199,35,0,0
BRDA:199,35,1,0
BRDA:201,36,0,0
BRDA:201,36,1,0
BRDA:205,37,0,0
BRDA:205,37,1,0
BRDA:215,38,0,0
BRDA:215,38,1,0
BRDA:223,39,0,0
BRDA:223,39,1,0
BRDA:242,40,0,0
BRDA:242,40,1,0
BRDA:244,41,0,0
BRDA:244,41,1,0
BRDA:249,42,0,0
BRDA:249,42,1,0
BRDA:250,43,0,0
BRDA:250,43,1,0
BRDA:252,44,0,0
BRDA:252,44,1,0
BRDA:256,45,0,0
BRDA:256,45,1,0
BRDA:258,46,0,0
BRDA:258,46,1,0
BRDA:263,47,0,0
BRDA:263,47,1,0
BRDA:263,48,0,0
BRDA:263,48,1,0
BRDA:286,49,0,0
BRDA:286,49,1,0
BRDA:291,50,0,0
BRDA:291,50,1,0
BRDA:292,51,0,0
BRDA:292,51,1,0
BRDA:292,52,0,0
BRDA:292,52,1,0
BRDA:297,53,0,0
BRDA:297,53,1,0
BRDA:299,54,0,0
BRDA:299,54,1,0
BRDA:304,55,0,0
BRDA:304,55,1,0
BRDA:309,56,0,0
BRDA:309,56,1,0
BRDA:316,57,0,0
BRDA:316,57,1,0
BRDA:319,58,0,0
BRDA:319,58,1,0
BRDA:327,59,0,0
BRDA:327,59,1,0
BRF:118
BRH:0
end_of_record
TN:
SF:public/assets/js/parametresRH.js
FN:1,(anonymous_0)
FN:18,getToken
FN:28,apiRequest
FN:72,showToast
FN:85,showFeedback
FN:91,(anonymous_5)
FN:96,clearFeedback
FN:107,loadSettings
FN:131,saveSettings
FN:159,attachEvents
FN:161,(anonymous_10)
FN:168,(anonymous_11)
FN:174,(anonymous_12)
FN:180,initialize
FNF:14
FNH:0
FNDA:0,(anonymous_0)
FNDA:0,getToken
FNDA:0,apiRequest
FNDA:0,showToast
FNDA:0,showFeedback
FNDA:0,(anonymous_5)
FNDA:0,clearFeedback
FNDA:0,loadSettings
FNDA:0,saveSettings
FNDA:0,attachEvents
FNDA:0,(anonymous_10)
FNDA:0,(anonymous_11)
FNDA:0,(anonymous_12)
FNDA:0,initialize
DA:1,0
DA:2,0
DA:4,0
DA:11,0
DA:19,0
DA:29,0
DA:30,0
DA:35,0
DA:36,0
DA:39,0
DA:40,0
DA:43,0
DA:48,0
DA:49,0
DA:51,0
DA:52,0
DA:53,0
DA:56,0
DA:59,0
DA:70,0
DA:73,0
DA:74,0
DA:75,0
DA:77,0
DA:86,0
DA:87,0
DA:88,0
DA:89,0
DA:90,0
DA:91,0
DA:92,0
DA:97,0
DA:98,0
DA:99,0
DA:100,0
DA:108,0
DA:109,0
DA:110,0
DA:111,0
DA:116,0
DA:117,0
DA:119,0
DA:120,0
DA:123,0
DA:132,0
DA:133,0
DA:134,0
DA:139,0
DA:145,0
DA:150,0
DA:151,0
DA:152,0
DA:153,0
DA:155,0
DA:160,0
DA:161,0
DA:162,0
DA:163,0
DA:167,0
DA:168,0
DA:169,0
DA:173,0
DA:174,0
DA:175,0
DA:181,0
DA:182,0
DA:185,0
LF:67
LH:0
BRDA:19,0,0,0
BRDA:19,0,1,0
BRDA:28,1,0,0
BRDA:32,2,0,0
BRDA:32,2,1,0
BRDA:35,3,0,0
BRDA:35,3,1,0
BRDA:39,4,0,0
BRDA:39,4,1,0
BRDA:39,5,0,0
BRDA:39,5,1,0
BRDA:48,6,0,0
BRDA:48,6,1,0
BRDA:49,7,0,0
BRDA:49,7,1,0
BRDA:51,8,0,0
BRDA:51,8,1,0
BRDA:52,9,0,0
BRDA:52,9,1,0
BRDA:52,10,0,0
BRDA:52,10,1,0
BRDA:52,10,2,0
BRDA:72,11,0,0
BRDA:73,12,0,0
BRDA:73,12,1,0
BRDA:85,13,0,0
BRDA:86,14,0,0
BRDA:86,14,1,0
BRDA:88,15,0,0
BRDA:88,15,1,0
BRDA:97,16,0,0
BRDA:97,16,1,0
BRDA:112,17,0,0
BRDA:112,17,1,0
BRDA:113,18,0,0
BRDA:113,18,1,0
BRDA:116,19,0,0
BRDA:116,19,1,0
BRDA:119,20,0,0
BRDA:119,20,1,0
BRDA:123,21,0,0
BRDA:123,21,1,0
BRDA:135,22,0,0
BRDA:135,22,1,0
BRDA:136,23,0,0
BRDA:136,23,1,0
BRDA:150,24,0,0
BRDA:150,24,1,0
BRDA:151,25,0,0
BRDA:151,25,1,0
BRDA:155,26,0,0
BRDA:155,26,1,0
BRDA:160,27,0,0
BRDA:160,27,1,0
BRDA:167,28,0,0
BRDA:167,28,1,0
BRDA:173,29,0,0
BRDA:173,29,1,0
BRF:58
BRH:0
end_of_record
TN:
SF:public/assets/js/profil.js
FN:2,(anonymous_0)
FN:4,(anonymous_1)
FN:6,parseApiResponse
FN:25,apiGet
FN:40,apiPost
FN:53,setInitials
FN:65,renderAvatar
FN:91,bindPhotoUpload
FN:97,(anonymous_8)
FN:99,(anonymous_9)
FN:128,renderStats
FN:136,(anonymous_11)
FN:147,renderBadges
FN:154,(anonymous_13)
FN:166,renderHistory
FN:173,(anonymous_15)
FN:184,syncStoredUser
FN:199,openModal
FN:204,(anonymous_18)
FN:212,resetPasswordToggles
FN:214,(anonymous_20)
FN:230,closeModal
FN:235,(anonymous_22)
FN:238,bindModalTriggers
FN:239,(anonymous_24)
FN:240,(anonymous_25)
FN:242,(anonymous_26)
FN:243,(anonymous_27)
FN:247,(anonymous_28)
FN:248,(anonymous_29)
FN:254,(anonymous_30)
FN:256,(anonymous_31)
FN:261,bindPasswordToggles
FN:262,(anonymous_33)
FN:263,(anonymous_34)
FN:288,bindEditModal
FN:302,(anonymous_36)
FN:341,(anonymous_37)
FN:356,bindPasswordModal
FN:361,(anonymous_39)
FN:394,(anonymous_40)
FN:406,bindPreferences
FN:410,(anonymous_42)
FN:419,(anonymous_43)
FNF:44
FNH:0
FNDA:0,(anonymous_0)
FNDA:0,(anonymous_1)
FNDA:0,parseApiResponse
FNDA:0,apiGet
FNDA:0,apiPost
FNDA:0,setInitials
FNDA:0,renderAvatar
FNDA:0,bindPhotoUpload
FNDA:0,(anonymous_8)
FNDA:0,(anonymous_9)
FNDA:0,renderStats
FNDA:0,(anonymous_11)
FNDA:0,renderBadges
FNDA:0,(anonymous_13)
FNDA:0,renderHistory
FNDA:0,(anonymous_15)
FNDA:0,syncStoredUser
FNDA:0,openModal
FNDA:0,(anonymous_18)
FNDA:0,resetPasswordToggles
FNDA:0,(anonymous_20)
FNDA:0,closeModal
FNDA:0,(anonymous_22)
FNDA:0,bindModalTriggers
FNDA:0,(anonymous_24)
FNDA:0,(anonymous_25)
FNDA:0,(anonymous_26)
FNDA:0,(anonymous_27)
FNDA:0,(anonymous_28)
FNDA:0,(anonymous_29)
FNDA:0,(anonymous_30)
FNDA:0,(anonymous_31)
FNDA:0,bindPasswordToggles
FNDA:0,(anonymous_33)
FNDA:0,(anonymous_34)
FNDA:0,bindEditModal
FNDA:0,(anonymous_36)
FNDA:0,(anonymous_37)
FNDA:0,bindPasswordModal
FNDA:0,(anonymous_39)
FNDA:0,(anonymous_40)
FNDA:0,bindPreferences
FNDA:0,(anonymous_42)
FNDA:0,(anonymous_43)
DA:2,0
DA:3,0
DA:4,0
DA:7,0
DA:8,0
DA:9,0
DA:10,0
DA:11,0
DA:13,0
DA:14,0
DA:16,0
DA:26,0
DA:29,0
DA:30,0
DA:31,0
DA:41,0
DA:46,0
DA:47,0
DA:48,0
DA:54,0
DA:55,0
DA:56,0
DA:67,0
DA:68,0
DA:70,0
DA:71,0
DA:73,0
DA:75,0
DA:76,0
DA:77,0
DA:78,0
DA:79,0
DA:81,0
DA:82,0
DA:83,0
DA:84,0
DA:92,0
DA:93,0
DA:94,0
DA:95,0
DA:97,0
DA:99,0
DA:100,0
DA:101,0
DA:102,0
DA:103,0
DA:104,0
DA:105,0
DA:110,0
DA:111,0
DA:112,0
DA:113,0
DA:114,0
DA:115,0
DA:116,0
DA:118,0
DA:120,0
DA:129,0
DA:130,0
DA:131,0
DA:136,0
DA:148,0
DA:149,0
DA:150,0
DA:151,0
DA:152,0
DA:154,0
DA:167,0
DA:168,0
DA:169,0
DA:170,0
DA:171,0
DA:173,0
DA:185,0
DA:186,0
DA:187,0
DA:200,0
DA:201,0
DA:202,0
DA:203,0
DA:204,0
DA:205,0
DA:207,0
DA:209,0
DA:213,0
DA:214,0
DA:215,0
DA:216,0
DA:217,0
DA:218,0
DA:220,0
DA:221,0
DA:222,0
DA:223,0
DA:224,0
DA:226,0
DA:231,0
DA:232,0
DA:233,0
DA:235,0
DA:239,0
DA:240,0
DA:242,0
DA:243,0
DA:247,0
DA:248,0
DA:249,0
DA:254,0
DA:255,0
DA:256,0
DA:262,0
DA:263,0
DA:264,0
DA:265,0
DA:266,0
DA:268,0
DA:269,0
DA:270,0
DA:271,0
DA:273,0
DA:274,0
DA:275,0
DA:276,0
DA:289,0
DA:290,0
DA:291,0
DA:293,0
DA:294,0
DA:295,0
DA:296,0
DA:297,0
DA:298,0
DA:299,0
DA:302,0
DA:303,0
DA:304,0
DA:305,0
DA:307,0
DA:308,0
DA:309,0
DA:310,0
DA:312,0
DA:313,0
DA:314,0
DA:315,0
DA:318,0
DA:319,0
DA:320,0
DA:321,0
DA:322,0
DA:323,0
DA:324,0
DA:326,0
DA:328,0
DA:329,0
DA:330,0
DA:332,0
DA:333,0
DA:334,0
DA:335,0
DA:336,0
DA:338,0
DA:339,0
DA:341,0
DA:343,0
DA:344,0
DA:346,0
DA:357,0
DA:358,0
DA:359,0
DA:361,0
DA:362,0
DA:363,0
DA:364,0
DA:366,0
DA:367,0
DA:368,0
DA:369,0
DA:371,0
DA:372,0
DA:373,0
DA:374,0
DA:376,0
DA:377,0
DA:378,0
DA:379,0
DA:381,0
DA:382,0
DA:383,0
DA:384,0
DA:387,0
DA:388,0
DA:389,0
DA:390,0
DA:391,0
DA:392,0
DA:393,0
DA:394,0
DA:396,0
DA:397,0
DA:399,0
DA:407,0
DA:408,0
DA:409,0
DA:410,0
DA:411,0
DA:412,0
DA:413,0
DA:419,0
DA:420,0
DA:421,0
DA:422,0
DA:423,0
DA:425,0
DA:426,0
DA:428,0
DA:429,0
DA:431,0
DA:432,0
DA:433,0
DA:434,0
DA:435,0
DA:436,0
DA:438,0
DA:439,0
DA:440,0
DA:441,0
DA:443,0
DA:444,0
DA:445,0
DA:446,0
LF:231
LH:0
BRDA:7,0,0,0
BRDA:7,0,1,0
BRDA:9,1,0,0
BRDA:9,1,1,0
BRDA:10,2,0,0
BRDA:10,2,1,0
BRDA:30,3,0,0
BRDA:30,3,1,0
BRDA:30,4,0,0
BRDA:30,4,1,0
BRDA:47,5,0,0
BRDA:47,5,1,0
BRDA:47,6,0,0
BRDA:47,6,1,0
BRDA:55,7,0,0
BRDA:55,7,1,0
BRDA:56,8,0,0
BRDA:56,8,1,0
BRDA:56,9,0,0
BRDA:56,9,1,0
BRDA:73,10,0,0
BRDA:73,10,1,0
BRDA:73,11,0,0
BRDA:73,11,1,0
BRDA:75,12,0,0
BRDA:75,12,1,0
BRDA:76,13,0,0
BRDA:76,13,1,0
BRDA:77,14,0,0
BRDA:77,14,1,0
BRDA:78,15,0,0
BRDA:78,15,1,0
BRDA:79,16,0,0
BRDA:79,16,1,0
BRDA:81,17,0,0
BRDA:81,17,1,0
BRDA:82,18,0,0
BRDA:82,18,1,0
BRDA:83,19,0,0
BRDA:83,19,1,0
BRDA:84,20,0,0
BRDA:84,20,1,0
BRDA:95,21,0,0
BRDA:95,21,1,0
BRDA:95,22,0,0
BRDA:95,22,1,0
BRDA:100,23,0,0
BRDA:100,23,1,0
BRDA:100,24,0,0
BRDA:100,24,1,0
BRDA:103,25,0,0
BRDA:103,25,1,0
BRDA:111,26,0,0
BRDA:111,26,1,0
BRDA:111,27,0,0
BRDA:111,27,1,0
BRDA:113,28,0,0
BRDA:113,28,1,0
BRDA:115,29,0,0
BRDA:115,29,1,0
BRDA:118,30,0,0
BRDA:118,30,1,0
BRDA:118,31,0,0
BRDA:118,31,1,0
BRDA:130,32,0,0
BRDA:130,32,1,0
BRDA:132,33,0,0
BRDA:132,33,1,0
BRDA:133,34,0,0
BRDA:133,34,1,0
BRDA:134,35,0,0
BRDA:134,35,1,0
BRDA:149,36,0,0
BRDA:149,36,1,0
BRDA:150,37,0,0
BRDA:150,37,1,0
BRDA:156,38,0,0
BRDA:156,38,1,0
BRDA:168,39,0,0
BRDA:168,39,1,0
BRDA:169,40,0,0
BRDA:169,40,1,0
BRDA:186,41,0,0
BRDA:186,41,1,0
BRDA:189,42,0,0
BRDA:189,42,1,0
BRDA:189,42,2,0
BRDA:190,43,0,0
BRDA:190,43,1,0
BRDA:190,43,2,0
BRDA:191,44,0,0
BRDA:191,44,1,0
BRDA:191,44,2,0
BRDA:192,45,0,0
BRDA:192,45,1,0
BRDA:192,45,2,0
BRDA:193,46,0,0
BRDA:193,46,1,0
BRDA:193,46,2,0
BRDA:201,47,0,0
BRDA:201,47,1,0
BRDA:202,48,0,0
BRDA:202,48,1,0
BRDA:213,49,0,0
BRDA:213,49,1,0
BRDA:216,50,0,0
BRDA:216,50,1,0
BRDA:217,51,0,0
BRDA:217,51,1,0
BRDA:222,52,0,0
BRDA:222,52,1,0
BRDA:232,53,0,0
BRDA:232,53,1,0
BRDA:249,54,0,0
BRDA:249,54,1,0
BRDA:255,55,0,0
BRDA:255,55,1,0
BRDA:265,56,0,0
BRDA:265,56,1,0
BRDA:266,57,0,0
BRDA:266,57,1,0
BRDA:269,58,0,0
BRDA:269,58,1,0
BRDA:271,59,0,0
BRDA:271,59,1,0
BRDA:274,60,0,0
BRDA:274,60,1,0
BRDA:291,61,0,0
BRDA:291,61,1,0
BRDA:291,62,0,0
BRDA:291,62,1,0
BRDA:293,63,0,0
BRDA:293,63,1,0
BRDA:297,64,0,0
BRDA:297,64,1,0
BRDA:297,65,0,0
BRDA:297,65,1,0
BRDA:298,66,0,0
BRDA:298,66,1,0
BRDA:298,67,0,0
BRDA:298,67,1,0
BRDA:299,68,0,0
BRDA:299,68,1,0
BRDA:299,69,0,0
BRDA:299,69,1,0
BRDA:308,70,0,0
BRDA:308,70,1,0
BRDA:309,71,0,0
BRDA:309,71,1,0
BRDA:310,72,0,0
BRDA:310,72,1,0
BRDA:312,73,0,0
BRDA:312,73,1,0
BRDA:312,74,0,0
BRDA:312,74,1,0
BRDA:322,75,0,0
BRDA:322,75,1,0
BRDA:324,76,0,0
BRDA:324,76,1,0
BRDA:328,77,0,0
BRDA:328,77,1,0
BRDA:329,78,0,0
BRDA:329,78,1,0
BRDA:330,79,0,0
BRDA:330,79,1,0
BRDA:334,80,0,0
BRDA:334,80,1,0
BRDA:335,81,0,0
BRDA:335,81,1,0
BRDA:339,82,0,0
BRDA:339,82,1,0
BRDA:344,83,0,0
BRDA:344,83,1,0
BRDA:359,84,0,0
BRDA:359,84,1,0
BRDA:359,85,0,0
BRDA:359,85,1,0
BRDA:367,86,0,0
BRDA:367,86,1,0
BRDA:368,87,0,0
BRDA:368,87,1,0
BRDA:369,88,0,0
BRDA:369,88,1,0
BRDA:371,89,0,0
BRDA:371,89,1,0
BRDA:371,90,0,0
BRDA:371,90,1,0
BRDA:376,91,0,0
BRDA:376,91,1,0
BRDA:381,92,0,0
BRDA:381,92,1,0
BRDA:392,93,0,0
BRDA:392,93,1,0
BRDA:397,94,0,0
BRDA:397,94,1,0
BRDA:409,95,0,0
BRDA:409,95,1,0
BRDA:409,96,0,0
BRDA:409,96,1,0
BRDA:434,97,0,0
BRDA:434,97,1,0
BRDA:435,98,0,0
BRDA:435,98,1,0
BRDA:436,99,0,0
BRDA:436,99,1,0
BRDA:436,100,0,0
BRDA:436,100,1,0
BRDA:444,101,0,0
BRDA:444,101,1,0
BRDA:445,102,0,0
BRDA:445,102,1,0
BRDA:445,103,0,0
BRDA:445,103,1,0
BRF:213
BRH:0
end_of_record
TN:
SF:public/assets/js/reset-password.js
FN:2,(anonymous_0)
FN:14,setAlert
FN:29,setHint
FN:42,apiPost
FN:63,(anonymous_4)
FN:69,(anonymous_5)
FN:95,(anonymous_6)
FNF:7
FNH:0
FNDA:0,(anonymous_0)
FNDA:0,setAlert
FNDA:0,setHint
FNDA:0,apiPost
FNDA:0,(anonymous_4)
FNDA:0,(anonymous_5)
FNDA:0,(anonymous_6)
DA:2,0
DA:3,0
DA:4,0
DA:5,0
DA:6,0
DA:7,0
DA:15,0
DA:16,0
DA:17,0
DA:18,0
DA:20,0
DA:21,0
DA:30,0
DA:31,0
DA:32,0
DA:33,0
DA:43,0
DA:49,0
DA:50,0
DA:52,0
DA:53,0
DA:54,0
DA:57,0
DA:61,0
DA:62,0
DA:63,0
DA:64,0
DA:66,0
DA:69,0
DA:70,0
DA:71,0
DA:72,0
DA:73,0
DA:75,0
DA:76,0
DA:78,0
DA:79,0
DA:80,0
DA:82,0
DA:83,0
DA:84,0
DA:86,0
DA:87,0
DA:88,0
DA:91,0
DA:93,0
DA:94,0
DA:95,0
DA:97,0
LF:49
LH:0
BRDA:5,0,0,0
BRDA:5,0,1,0
BRDA:15,1,0,0
BRDA:15,1,1,0
BRDA:20,2,0,0
BRDA:20,2,1,0
BRDA:31,3,0,0
BRDA:31,3,1,0
BRDA:32,4,0,0
BRDA:32,4,1,0
BRDA:49,5,0,0
BRDA:49,5,1,0
BRDA:50,6,0,0
BRDA:50,6,1,0
BRDA:52,7,0,0
BRDA:52,7,1,0
BRDA:53,8,0,0
BRDA:53,8,1,0
BRDA:53,9,0,0
BRDA:53,9,1,0
BRDA:53,9,2,0
BRDA:61,10,0,0
BRDA:61,10,1,0
BRDA:78,11,0,0
BRDA:78,11,1,0
BRDA:82,12,0,0
BRDA:82,12,1,0
BRDA:86,13,0,0
BRDA:86,13,1,0
BRDA:94,14,0,0
BRDA:94,14,1,0
BRDA:97,15,0,0
BRDA:97,15,1,0
BRF:33
BRH:0
end_of_record
TN:
SF:public/assets/js/statistiques.js
FN:21,afficherMois
FN:34,remplirKpis
FN:46,afficherBarChart
FN:55,(anonymous_3)
FN:57,(anonymous_4)
FN:82,afficherThemes
FN:91,(anonymous_6)
FN:115,afficherValidation
FN:129,(anonymous_8)
FN:130,(anonymous_9)
FN:131,(anonymous_10)
FN:132,(anonymous_11)
FN:156,(anonymous_12)
FN:175,(anonymous_13)
FN:197,afficherErreur
FN:210,chargerStats
FNF:16
FNH:0
FNDA:0,afficherMois
FNDA:0,remplirKpis
FNDA:0,afficherBarChart
FNDA:0,(anonymous_3)
FNDA:0,(anonymous_4)
FNDA:0,afficherThemes
FNDA:0,(anonymous_6)
FNDA:0,afficherValidation
FNDA:0,(anonymous_8)
FNDA:0,(anonymous_9)
FNDA:0,(anonymous_10)
FNDA:0,(anonymous_11)
FNDA:0,(anonymous_12)
FNDA:0,(anonymous_13)
FNDA:0,afficherErreur
FNDA:0,chargerStats
DA:6,0
DA:8,0
DA:11,0
DA:12,0
DA:13,0
DA:14,0
DA:15,0
DA:22,0
DA:23,0
DA:24,0
DA:25,0
DA:35,0
DA:36,0
DA:37,0
DA:38,0
DA:47,0
DA:48,0
DA:50,0
DA:51,0
DA:52,0
DA:55,0
DA:57,0
DA:58,0
DA:59,0
DA:60,0
DA:61,0
DA:73,0
DA:83,0
DA:84,0
DA:86,0
DA:87,0
DA:88,0
DA:91,0
DA:92,0
DA:93,0
DA:94,0
DA:105,0
DA:116,0
DA:118,0
DA:119,0
DA:120,0
DA:123,0
DA:124,0
DA:125,0
DA:126,0
DA:129,0
DA:130,0
DA:131,0
DA:132,0
DA:134,0
DA:157,0
DA:158,0
DA:175,0
DA:198,0
DA:199,0
DA:200,0
DA:201,0
DA:211,0
DA:212,0
DA:213,0
DA:215,0
DA:216,0
DA:218,0
DA:220,0
DA:221,0
DA:222,0
DA:223,0
DA:225,0
DA:226,0
DA:229,0
DA:230,0
DA:235,0
DA:236,0
LF:73
LH:0
BRDA:24,0,0,0
BRDA:24,0,1,0
BRDA:35,1,0,0
BRDA:35,1,1,0
BRDA:36,2,0,0
BRDA:36,2,1,0
BRDA:37,3,0,0
BRDA:37,3,1,0
BRDA:38,4,0,0
BRDA:38,4,1,0
BRDA:50,5,0,0
BRDA:50,5,1,0
BRDA:50,6,0,0
BRDA:50,6,1,0
BRDA:55,7,0,0
BRDA:55,7,1,0
BRDA:86,8,0,0
BRDA:86,8,1,0
BRDA:86,9,0,0
BRDA:86,9,1,0
BRDA:103,10,0,0
BRDA:103,10,1,0
BRDA:118,11,0,0
BRDA:118,11,1,0
BRDA:123,12,0,0
BRDA:123,12,1,0
BRDA:123,13,0,0
BRDA:123,13,1,0
BRDA:129,14,0,0
BRDA:129,14,1,0
BRDA:129,14,2,0
BRDA:130,15,0,0
BRDA:130,15,1,0
BRDA:131,16,0,0
BRDA:131,16,1,0
BRDA:132,17,0,0
BRDA:132,17,1,0
BRDA:213,18,0,0
BRDA:213,18,1,0
BRDA:216,19,0,0
BRDA:216,19,1,0
BRDA:216,20,0,0
BRDA:216,20,1,0
BRF:43
BRH:0
end_of_record
